[0.020s] Invoking command in '/home/rokey/turtlebot4_ws/build/turtlebot4_msgs': CMAKE_PREFIX_PATH=/opt/ros/humble /usr/bin/cmake --build /home/rokey/turtlebot4_ws/build/turtlebot4_msgs -- -j20 -l20
[0.067s] [35m[1mConsolidate compiler generated dependencies of target turtlebot4_msgs__rosidl_generator_c[0m
[0.075s] [  2%] Built target turtlebot4_msgs__cpp
[0.085s] [ 12%] Built target turtlebot4_msgs__rosidl_generator_c
[0.086s] [ 12%] Built target ament_cmake_python_symlink_turtlebot4_msgs
[0.089s] [35m[1mConsolidate compiler generated dependencies of target turtlebot4_msgs__rosidl_typesupport_introspection_cpp[0m
[0.090s] [35m[1mConsolidate compiler generated dependencies of target turtlebot4_msgs__rosidl_typesupport_fastrtps_cpp[0m
[0.091s] [35m[1mConsolidate compiler generated dependencies of target turtlebot4_msgs__rosidl_typesupport_cpp[0m
[0.101s] [35m[1mConsolidate compiler generated dependencies of target turtlebot4_msgs__rosidl_typesupport_fastrtps_c[0m
[0.102s] [35m[1mConsolidate compiler generated dependencies of target turtlebot4_msgs__rosidl_typesupport_c[0m
[0.102s] [35m[1mConsolidate compiler generated dependencies of target turtlebot4_msgs__rosidl_typesupport_introspection_c[0m
[0.108s] [ 23%] Built target turtlebot4_msgs__rosidl_typesupport_cpp
[0.109s] [ 34%] Built target turtlebot4_msgs__rosidl_typesupport_fastrtps_cpp
[0.111s] [ 44%] Built target turtlebot4_msgs__rosidl_typesupport_introspection_cpp
[0.116s] [ 55%] Built target turtlebot4_msgs__rosidl_typesupport_c
[0.117s] [ 65%] Built target turtlebot4_msgs__rosidl_typesupport_introspection_c
[0.122s] [ 76%] Built target turtlebot4_msgs__rosidl_typesupport_fastrtps_c
[0.148s] [ 76%] Built target turtlebot4_msgs
[0.177s] [ 78%] Built target turtlebot4_msgs__py
[0.187s] [35m[1mConsolidate compiler generated dependencies of target turtlebot4_msgs__rosidl_generator_py[0m
[0.204s] [ 87%] Built target turtlebot4_msgs__rosidl_generator_py
[0.218s] [35m[1mConsolidate compiler generated dependencies of target turtlebot4_msgs__rosidl_typesupport_fastrtps_c__pyext[0m
[0.220s] [35m[1mConsolidate compiler generated dependencies of target turtlebot4_msgs__rosidl_typesupport_c__pyext[0m
[0.220s] [35m[1mConsolidate compiler generated dependencies of target turtlebot4_msgs__rosidl_typesupport_introspection_c__pyext[0m
[0.230s] [ 91%] Built target turtlebot4_msgs__rosidl_typesupport_fastrtps_c__pyext
[0.235s] [ 95%] Built target turtlebot4_msgs__rosidl_typesupport_c__pyext
[0.238s] [100%] Built target turtlebot4_msgs__rosidl_typesupport_introspection_c__pyext
[0.367s] running egg_info
[0.367s] writing turtlebot4_msgs.egg-info/PKG-INFO
[0.367s] writing dependency_links to turtlebot4_msgs.egg-info/dependency_links.txt
[0.367s] writing top-level names to turtlebot4_msgs.egg-info/top_level.txt
[0.368s] reading manifest file 'turtlebot4_msgs.egg-info/SOURCES.txt'
[0.369s] writing manifest file 'turtlebot4_msgs.egg-info/SOURCES.txt'
[0.392s] [100%] Built target ament_cmake_python_build_turtlebot4_msgs_egg
[0.404s] Invoked command in '/home/rokey/turtlebot4_ws/build/turtlebot4_msgs' returned '0': CMAKE_PREFIX_PATH=/opt/ros/humble /usr/bin/cmake --build /home/rokey/turtlebot4_ws/build/turtlebot4_msgs -- -j20 -l20
[0.406s] Invoking command in '/home/rokey/turtlebot4_ws/build/turtlebot4_msgs': CMAKE_PREFIX_PATH=/opt/ros/humble /usr/bin/cmake --install /home/rokey/turtlebot4_ws/build/turtlebot4_msgs
[0.413s] -- Install configuration: ""
[0.414s] -- Execute custom install script
[0.414s] -- Up-to-date symlink: /home/rokey/turtlebot4_ws/install/turtlebot4_msgs/share/ament_index/resource_index/rosidl_interfaces/turtlebot4_msgs
[0.415s] -- Up-to-date symlink: /home/rokey/turtlebot4_ws/install/turtlebot4_msgs/include/turtlebot4_msgs/turtlebot4_msgs/msg/detail/user_button__functions.h
[0.415s] -- Up-to-date symlink: /home/rokey/turtlebot4_ws/install/turtlebot4_msgs/include/turtlebot4_msgs/turtlebot4_msgs/msg/detail/user_button__struct.h
[0.415s] -- Up-to-date symlink: /home/rokey/turtlebot4_ws/install/turtlebot4_msgs/include/turtlebot4_msgs/turtlebot4_msgs/msg/detail/user_button__type_support.h
[0.415s] -- Up-to-date symlink: /home/rokey/turtlebot4_ws/install/turtlebot4_msgs/include/turtlebot4_msgs/turtlebot4_msgs/msg/detail/user_display__functions.h
[0.415s] -- Up-to-date symlink: /home/rokey/turtlebot4_ws/install/turtlebot4_msgs/include/turtlebot4_msgs/turtlebot4_msgs/msg/detail/user_display__struct.h
[0.415s] -- Up-to-date symlink: /home/rokey/turtlebot4_ws/install/turtlebot4_msgs/include/turtlebot4_msgs/turtlebot4_msgs/msg/detail/user_display__type_support.h
[0.415s] -- Up-to-date symlink: /home/rokey/turtlebot4_ws/install/turtlebot4_msgs/include/turtlebot4_msgs/turtlebot4_msgs/msg/detail/user_led__functions.h
[0.415s] -- Up-to-date symlink: /home/rokey/turtlebot4_ws/install/turtlebot4_msgs/include/turtlebot4_msgs/turtlebot4_msgs/msg/detail/user_led__struct.h
[0.416s] -- Up-to-date symlink: /home/rokey/turtlebot4_ws/install/turtlebot4_msgs/include/turtlebot4_msgs/turtlebot4_msgs/msg/detail/user_led__type_support.h
[0.416s] -- Up-to-date symlink: /home/rokey/turtlebot4_ws/install/turtlebot4_msgs/include/turtlebot4_msgs/turtlebot4_msgs/msg/rosidl_generator_c__visibility_control.h
[0.416s] -- Up-to-date symlink: /home/rokey/turtlebot4_ws/install/turtlebot4_msgs/include/turtlebot4_msgs/turtlebot4_msgs/msg/user_button.h
[0.416s] -- Up-to-date symlink: /home/rokey/turtlebot4_ws/install/turtlebot4_msgs/include/turtlebot4_msgs/turtlebot4_msgs/msg/user_display.h
[0.416s] -- Up-to-date symlink: /home/rokey/turtlebot4_ws/install/turtlebot4_msgs/include/turtlebot4_msgs/turtlebot4_msgs/msg/user_led.h
[0.416s] -- Up-to-date symlink: /home/rokey/turtlebot4_ws/install/turtlebot4_msgs/share/turtlebot4_msgs/environment/library_path.sh
[0.416s] -- Up-to-date symlink: /home/rokey/turtlebot4_ws/install/turtlebot4_msgs/share/turtlebot4_msgs/environment/library_path.dsv
[0.417s] -- Up-to-date symlink: /home/rokey/turtlebot4_ws/install/turtlebot4_msgs/include/turtlebot4_msgs/turtlebot4_msgs/msg/detail/user_button__rosidl_typesupport_fastrtps_c.h
[0.417s] -- Up-to-date symlink: /home/rokey/turtlebot4_ws/install/turtlebot4_msgs/include/turtlebot4_msgs/turtlebot4_msgs/msg/detail/user_display__rosidl_typesupport_fastrtps_c.h
[0.417s] -- Up-to-date symlink: /home/rokey/turtlebot4_ws/install/turtlebot4_msgs/include/turtlebot4_msgs/turtlebot4_msgs/msg/detail/user_led__rosidl_typesupport_fastrtps_c.h
[0.417s] -- Up-to-date symlink: /home/rokey/turtlebot4_ws/install/turtlebot4_msgs/include/turtlebot4_msgs/turtlebot4_msgs/msg/rosidl_typesupport_fastrtps_c__visibility_control.h
[0.417s] -- Up-to-date symlink: /home/rokey/turtlebot4_ws/install/turtlebot4_msgs/include/turtlebot4_msgs/turtlebot4_msgs/msg/detail/user_button__rosidl_typesupport_introspection_c.h
[0.417s] -- Up-to-date symlink: /home/rokey/turtlebot4_ws/install/turtlebot4_msgs/include/turtlebot4_msgs/turtlebot4_msgs/msg/detail/user_display__rosidl_typesupport_introspection_c.h
[0.417s] -- Up-to-date symlink: /home/rokey/turtlebot4_ws/install/turtlebot4_msgs/include/turtlebot4_msgs/turtlebot4_msgs/msg/detail/user_led__rosidl_typesupport_introspection_c.h
[0.417s] -- Up-to-date symlink: /home/rokey/turtlebot4_ws/install/turtlebot4_msgs/include/turtlebot4_msgs/turtlebot4_msgs/msg/rosidl_typesupport_introspection_c__visibility_control.h
[0.417s] -- Up-to-date symlink: /home/rokey/turtlebot4_ws/install/turtlebot4_msgs/include/turtlebot4_msgs/turtlebot4_msgs/msg/detail/user_button__builder.hpp
[0.417s] -- Up-to-date symlink: /home/rokey/turtlebot4_ws/install/turtlebot4_msgs/include/turtlebot4_msgs/turtlebot4_msgs/msg/detail/user_button__struct.hpp
[0.418s] -- Up-to-date symlink: /home/rokey/turtlebot4_ws/install/turtlebot4_msgs/include/turtlebot4_msgs/turtlebot4_msgs/msg/detail/user_button__traits.hpp
[0.418s] -- Up-to-date symlink: /home/rokey/turtlebot4_ws/install/turtlebot4_msgs/include/turtlebot4_msgs/turtlebot4_msgs/msg/detail/user_button__type_support.hpp
[0.418s] -- Up-to-date symlink: /home/rokey/turtlebot4_ws/install/turtlebot4_msgs/include/turtlebot4_msgs/turtlebot4_msgs/msg/detail/user_display__builder.hpp
[0.418s] -- Up-to-date symlink: /home/rokey/turtlebot4_ws/install/turtlebot4_msgs/include/turtlebot4_msgs/turtlebot4_msgs/msg/detail/user_display__struct.hpp
[0.418s] -- Up-to-date symlink: /home/rokey/turtlebot4_ws/install/turtlebot4_msgs/include/turtlebot4_msgs/turtlebot4_msgs/msg/detail/user_display__traits.hpp
[0.418s] -- Up-to-date symlink: /home/rokey/turtlebot4_ws/install/turtlebot4_msgs/include/turtlebot4_msgs/turtlebot4_msgs/msg/detail/user_display__type_support.hpp
[0.418s] -- Up-to-date symlink: /home/rokey/turtlebot4_ws/install/turtlebot4_msgs/include/turtlebot4_msgs/turtlebot4_msgs/msg/detail/user_led__builder.hpp
[0.418s] -- Up-to-date symlink: /home/rokey/turtlebot4_ws/install/turtlebot4_msgs/include/turtlebot4_msgs/turtlebot4_msgs/msg/detail/user_led__struct.hpp
[0.418s] -- Up-to-date symlink: /home/rokey/turtlebot4_ws/install/turtlebot4_msgs/include/turtlebot4_msgs/turtlebot4_msgs/msg/detail/user_led__traits.hpp
[0.419s] -- Up-to-date symlink: /home/rokey/turtlebot4_ws/install/turtlebot4_msgs/include/turtlebot4_msgs/turtlebot4_msgs/msg/detail/user_led__type_support.hpp
[0.419s] -- Up-to-date symlink: /home/rokey/turtlebot4_ws/install/turtlebot4_msgs/include/turtlebot4_msgs/turtlebot4_msgs/msg/rosidl_generator_cpp__visibility_control.hpp
[0.419s] -- Up-to-date symlink: /home/rokey/turtlebot4_ws/install/turtlebot4_msgs/include/turtlebot4_msgs/turtlebot4_msgs/msg/user_button.hpp
[0.419s] -- Up-to-date symlink: /home/rokey/turtlebot4_ws/install/turtlebot4_msgs/include/turtlebot4_msgs/turtlebot4_msgs/msg/user_display.hpp
[0.419s] -- Up-to-date symlink: /home/rokey/turtlebot4_ws/install/turtlebot4_msgs/include/turtlebot4_msgs/turtlebot4_msgs/msg/user_led.hpp
[0.419s] -- Up-to-date symlink: /home/rokey/turtlebot4_ws/install/turtlebot4_msgs/include/turtlebot4_msgs/turtlebot4_msgs/msg/detail/user_button__rosidl_typesupport_fastrtps_cpp.hpp
[0.419s] -- Up-to-date symlink: /home/rokey/turtlebot4_ws/install/turtlebot4_msgs/include/turtlebot4_msgs/turtlebot4_msgs/msg/detail/user_display__rosidl_typesupport_fastrtps_cpp.hpp
[0.420s] -- Up-to-date symlink: /home/rokey/turtlebot4_ws/install/turtlebot4_msgs/include/turtlebot4_msgs/turtlebot4_msgs/msg/detail/user_led__rosidl_typesupport_fastrtps_cpp.hpp
[0.420s] -- Up-to-date symlink: /home/rokey/turtlebot4_ws/install/turtlebot4_msgs/include/turtlebot4_msgs/turtlebot4_msgs/msg/rosidl_typesupport_fastrtps_cpp__visibility_control.h
[0.420s] -- Up-to-date symlink: /home/rokey/turtlebot4_ws/install/turtlebot4_msgs/include/turtlebot4_msgs/turtlebot4_msgs/msg/detail/user_button__rosidl_typesupport_introspection_cpp.hpp
[0.420s] -- Up-to-date symlink: /home/rokey/turtlebot4_ws/install/turtlebot4_msgs/include/turtlebot4_msgs/turtlebot4_msgs/msg/detail/user_display__rosidl_typesupport_introspection_cpp.hpp
[0.420s] -- Up-to-date symlink: /home/rokey/turtlebot4_ws/install/turtlebot4_msgs/include/turtlebot4_msgs/turtlebot4_msgs/msg/detail/user_led__rosidl_typesupport_introspection_cpp.hpp
[0.420s] -- Up-to-date symlink: /home/rokey/turtlebot4_ws/install/turtlebot4_msgs/share/turtlebot4_msgs/environment/pythonpath.sh
[0.420s] -- Up-to-date symlink: /home/rokey/turtlebot4_ws/install/turtlebot4_msgs/share/turtlebot4_msgs/environment/pythonpath.dsv
[0.420s] -- Up-to-date symlink: /home/rokey/turtlebot4_ws/install/turtlebot4_msgs/local/lib/python3.10/dist-packages/turtlebot4_msgs-1.0.5-py3.10.egg-info/PKG-INFO
[0.420s] -- Up-to-date symlink: /home/rokey/turtlebot4_ws/install/turtlebot4_msgs/local/lib/python3.10/dist-packages/turtlebot4_msgs-1.0.5-py3.10.egg-info/SOURCES.txt
[0.420s] -- Up-to-date symlink: /home/rokey/turtlebot4_ws/install/turtlebot4_msgs/local/lib/python3.10/dist-packages/turtlebot4_msgs-1.0.5-py3.10.egg-info/dependency_links.txt
[0.420s] -- Up-to-date symlink: /home/rokey/turtlebot4_ws/install/turtlebot4_msgs/local/lib/python3.10/dist-packages/turtlebot4_msgs-1.0.5-py3.10.egg-info/top_level.txt
[0.421s] -- Up-to-date symlink: /home/rokey/turtlebot4_ws/install/turtlebot4_msgs/local/lib/python3.10/dist-packages/turtlebot4_msgs/__init__.py
[0.421s] -- Up-to-date symlink: /home/rokey/turtlebot4_ws/install/turtlebot4_msgs/local/lib/python3.10/dist-packages/turtlebot4_msgs/_turtlebot4_msgs_s.ep.rosidl_typesupport_c.c
[0.421s] -- Up-to-date symlink: /home/rokey/turtlebot4_ws/install/turtlebot4_msgs/local/lib/python3.10/dist-packages/turtlebot4_msgs/_turtlebot4_msgs_s.ep.rosidl_typesupport_fastrtps_c.c
[0.421s] -- Up-to-date symlink: /home/rokey/turtlebot4_ws/install/turtlebot4_msgs/local/lib/python3.10/dist-packages/turtlebot4_msgs/_turtlebot4_msgs_s.ep.rosidl_typesupport_introspection_c.c
[0.421s] -- Up-to-date symlink: /home/rokey/turtlebot4_ws/install/turtlebot4_msgs/local/lib/python3.10/dist-packages/turtlebot4_msgs/libturtlebot4_msgs__rosidl_generator_py.so
[0.421s] -- Up-to-date symlink: /home/rokey/turtlebot4_ws/install/turtlebot4_msgs/local/lib/python3.10/dist-packages/turtlebot4_msgs/msg/__init__.py
[0.422s] -- Up-to-date symlink: /home/rokey/turtlebot4_ws/install/turtlebot4_msgs/local/lib/python3.10/dist-packages/turtlebot4_msgs/msg/_user_button.py
[0.422s] -- Up-to-date symlink: /home/rokey/turtlebot4_ws/install/turtlebot4_msgs/local/lib/python3.10/dist-packages/turtlebot4_msgs/msg/_user_button_s.c
[0.422s] -- Up-to-date symlink: /home/rokey/turtlebot4_ws/install/turtlebot4_msgs/local/lib/python3.10/dist-packages/turtlebot4_msgs/msg/_user_display.py
[0.422s] -- Up-to-date symlink: /home/rokey/turtlebot4_ws/install/turtlebot4_msgs/local/lib/python3.10/dist-packages/turtlebot4_msgs/msg/_user_display_s.c
[0.422s] -- Up-to-date symlink: /home/rokey/turtlebot4_ws/install/turtlebot4_msgs/local/lib/python3.10/dist-packages/turtlebot4_msgs/msg/_user_led.py
[0.422s] -- Up-to-date symlink: /home/rokey/turtlebot4_ws/install/turtlebot4_msgs/local/lib/python3.10/dist-packages/turtlebot4_msgs/msg/_user_led_s.c
[0.422s] -- Up-to-date symlink: /home/rokey/turtlebot4_ws/install/turtlebot4_msgs/local/lib/python3.10/dist-packages/turtlebot4_msgs/turtlebot4_msgs_s__rosidl_typesupport_c.cpython-310-x86_64-linux-gnu.so
[0.422s] -- Up-to-date symlink: /home/rokey/turtlebot4_ws/install/turtlebot4_msgs/local/lib/python3.10/dist-packages/turtlebot4_msgs/turtlebot4_msgs_s__rosidl_typesupport_fastrtps_c.cpython-310-x86_64-linux-gnu.so
[0.422s] -- Up-to-date symlink: /home/rokey/turtlebot4_ws/install/turtlebot4_msgs/local/lib/python3.10/dist-packages/turtlebot4_msgs/turtlebot4_msgs_s__rosidl_typesupport_introspection_c.cpython-310-x86_64-linux-gnu.so
[0.423s] -- Up-to-date symlink: /home/rokey/turtlebot4_ws/install/turtlebot4_msgs/local/lib/python3.10/dist-packages/turtlebot4_msgs/turtlebot4_msgs_s__rosidl_typesupport_fastrtps_c.cpython-310-x86_64-linux-gnu.so
[0.423s] -- Up-to-date symlink: /home/rokey/turtlebot4_ws/install/turtlebot4_msgs/local/lib/python3.10/dist-packages/turtlebot4_msgs/turtlebot4_msgs_s__rosidl_typesupport_introspection_c.cpython-310-x86_64-linux-gnu.so
[0.423s] -- Up-to-date symlink: /home/rokey/turtlebot4_ws/install/turtlebot4_msgs/local/lib/python3.10/dist-packages/turtlebot4_msgs/turtlebot4_msgs_s__rosidl_typesupport_c.cpython-310-x86_64-linux-gnu.so
[0.423s] -- Up-to-date symlink: /home/rokey/turtlebot4_ws/install/turtlebot4_msgs/share/turtlebot4_msgs/msg/UserLed.idl
[0.423s] -- Up-to-date symlink: /home/rokey/turtlebot4_ws/install/turtlebot4_msgs/share/turtlebot4_msgs/msg/UserButton.idl
[0.423s] -- Up-to-date symlink: /home/rokey/turtlebot4_ws/install/turtlebot4_msgs/share/turtlebot4_msgs/msg/UserDisplay.idl
[0.423s] -- Up-to-date symlink: /home/rokey/turtlebot4_ws/install/turtlebot4_msgs/share/turtlebot4_msgs/msg/UserLed.msg
[0.424s] -- Up-to-date symlink: /home/rokey/turtlebot4_ws/install/turtlebot4_msgs/share/turtlebot4_msgs/msg/UserButton.msg
[0.424s] -- Up-to-date symlink: /home/rokey/turtlebot4_ws/install/turtlebot4_msgs/share/turtlebot4_msgs/msg/UserDisplay.msg
[0.424s] -- Up-to-date symlink: /home/rokey/turtlebot4_ws/install/turtlebot4_msgs/share/ament_index/resource_index/package_run_dependencies/turtlebot4_msgs
[0.424s] -- Up-to-date symlink: /home/rokey/turtlebot4_ws/install/turtlebot4_msgs/share/ament_index/resource_index/parent_prefix_path/turtlebot4_msgs
[0.425s] -- Up-to-date symlink: /home/rokey/turtlebot4_ws/install/turtlebot4_msgs/share/turtlebot4_msgs/environment/ament_prefix_path.sh
[0.425s] -- Up-to-date symlink: /home/rokey/turtlebot4_ws/install/turtlebot4_msgs/share/turtlebot4_msgs/environment/ament_prefix_path.dsv
[0.425s] -- Up-to-date symlink: /home/rokey/turtlebot4_ws/install/turtlebot4_msgs/share/turtlebot4_msgs/environment/path.sh
[0.425s] -- Up-to-date symlink: /home/rokey/turtlebot4_ws/install/turtlebot4_msgs/share/turtlebot4_msgs/environment/path.dsv
[0.425s] -- Up-to-date symlink: /home/rokey/turtlebot4_ws/install/turtlebot4_msgs/share/turtlebot4_msgs/local_setup.bash
[0.425s] -- Up-to-date symlink: /home/rokey/turtlebot4_ws/install/turtlebot4_msgs/share/turtlebot4_msgs/local_setup.sh
[0.425s] -- Up-to-date symlink: /home/rokey/turtlebot4_ws/install/turtlebot4_msgs/share/turtlebot4_msgs/local_setup.zsh
[0.426s] -- Up-to-date symlink: /home/rokey/turtlebot4_ws/install/turtlebot4_msgs/share/turtlebot4_msgs/local_setup.dsv
[0.426s] -- Symlinking: /home/rokey/turtlebot4_ws/install/turtlebot4_msgs/share/turtlebot4_msgs/package.dsv
[0.434s] -- Up-to-date symlink: /home/rokey/turtlebot4_ws/install/turtlebot4_msgs/share/ament_index/resource_index/packages/turtlebot4_msgs
[0.434s] -- Up-to-date symlink: /home/rokey/turtlebot4_ws/install/turtlebot4_msgs/share/turtlebot4_msgs/cmake/rosidl_cmake-extras.cmake
[0.434s] -- Up-to-date symlink: /home/rokey/turtlebot4_ws/install/turtlebot4_msgs/share/turtlebot4_msgs/cmake/ament_cmake_export_include_directories-extras.cmake
[0.434s] -- Up-to-date symlink: /home/rokey/turtlebot4_ws/install/turtlebot4_msgs/share/turtlebot4_msgs/cmake/ament_cmake_export_libraries-extras.cmake
[0.434s] -- Up-to-date symlink: /home/rokey/turtlebot4_ws/install/turtlebot4_msgs/share/turtlebot4_msgs/cmake/ament_cmake_export_targets-extras.cmake
[0.434s] -- Up-to-date symlink: /home/rokey/turtlebot4_ws/install/turtlebot4_msgs/share/turtlebot4_msgs/cmake/rosidl_cmake_export_typesupport_targets-extras.cmake
[0.434s] -- Up-to-date symlink: /home/rokey/turtlebot4_ws/install/turtlebot4_msgs/share/turtlebot4_msgs/cmake/ament_cmake_export_dependencies-extras.cmake
[0.435s] -- Up-to-date symlink: /home/rokey/turtlebot4_ws/install/turtlebot4_msgs/share/turtlebot4_msgs/cmake/rosidl_cmake_export_typesupport_libraries-extras.cmake
[0.435s] -- Up-to-date symlink: /home/rokey/turtlebot4_ws/install/turtlebot4_msgs/share/turtlebot4_msgs/cmake/turtlebot4_msgsConfig.cmake
[0.435s] -- Up-to-date symlink: /home/rokey/turtlebot4_ws/install/turtlebot4_msgs/share/turtlebot4_msgs/cmake/turtlebot4_msgsConfig-version.cmake
[0.435s] -- Up-to-date symlink: /home/rokey/turtlebot4_ws/install/turtlebot4_msgs/share/turtlebot4_msgs/package.xml
[0.435s] -- Up-to-date: /home/rokey/turtlebot4_ws/install/turtlebot4_msgs/lib/libturtlebot4_msgs__rosidl_generator_c.so
[0.435s] -- Up-to-date: /home/rokey/turtlebot4_ws/install/turtlebot4_msgs/lib/libturtlebot4_msgs__rosidl_typesupport_fastrtps_c.so
[0.435s] -- Up-to-date: /home/rokey/turtlebot4_ws/install/turtlebot4_msgs/lib/libturtlebot4_msgs__rosidl_typesupport_introspection_c.so
[0.435s] -- Up-to-date: /home/rokey/turtlebot4_ws/install/turtlebot4_msgs/lib/libturtlebot4_msgs__rosidl_typesupport_c.so
[0.436s] -- Up-to-date: /home/rokey/turtlebot4_ws/install/turtlebot4_msgs/lib/libturtlebot4_msgs__rosidl_typesupport_fastrtps_cpp.so
[0.436s] -- Up-to-date: /home/rokey/turtlebot4_ws/install/turtlebot4_msgs/lib/libturtlebot4_msgs__rosidl_typesupport_introspection_cpp.so
[0.436s] -- Up-to-date: /home/rokey/turtlebot4_ws/install/turtlebot4_msgs/lib/libturtlebot4_msgs__rosidl_typesupport_cpp.so
[0.465s] Listing '/home/rokey/turtlebot4_ws/install/turtlebot4_msgs/local/lib/python3.10/dist-packages/turtlebot4_msgs'...
[0.465s] Listing '/home/rokey/turtlebot4_ws/install/turtlebot4_msgs/local/lib/python3.10/dist-packages/turtlebot4_msgs/msg'...
[0.470s] -- Up-to-date: /home/rokey/turtlebot4_ws/install/turtlebot4_msgs/lib/libturtlebot4_msgs__rosidl_generator_py.so
[0.470s] -- Up-to-date: /home/rokey/turtlebot4_ws/install/turtlebot4_msgs/share/turtlebot4_msgs/cmake/export_turtlebot4_msgs__rosidl_generator_cExport.cmake
[0.470s] -- Up-to-date: /home/rokey/turtlebot4_ws/install/turtlebot4_msgs/share/turtlebot4_msgs/cmake/export_turtlebot4_msgs__rosidl_generator_cExport-noconfig.cmake
[0.470s] -- Up-to-date: /home/rokey/turtlebot4_ws/install/turtlebot4_msgs/share/turtlebot4_msgs/cmake/export_turtlebot4_msgs__rosidl_typesupport_fastrtps_cExport.cmake
[0.470s] -- Up-to-date: /home/rokey/turtlebot4_ws/install/turtlebot4_msgs/share/turtlebot4_msgs/cmake/export_turtlebot4_msgs__rosidl_typesupport_fastrtps_cExport-noconfig.cmake
[0.470s] -- Up-to-date: /home/rokey/turtlebot4_ws/install/turtlebot4_msgs/share/turtlebot4_msgs/cmake/turtlebot4_msgs__rosidl_typesupport_introspection_cExport.cmake
[0.470s] -- Up-to-date: /home/rokey/turtlebot4_ws/install/turtlebot4_msgs/share/turtlebot4_msgs/cmake/turtlebot4_msgs__rosidl_typesupport_introspection_cExport-noconfig.cmake
[0.470s] -- Up-to-date: /home/rokey/turtlebot4_ws/install/turtlebot4_msgs/share/turtlebot4_msgs/cmake/turtlebot4_msgs__rosidl_typesupport_cExport.cmake
[0.470s] -- Up-to-date: /home/rokey/turtlebot4_ws/install/turtlebot4_msgs/share/turtlebot4_msgs/cmake/turtlebot4_msgs__rosidl_typesupport_cExport-noconfig.cmake
[0.470s] -- Up-to-date: /home/rokey/turtlebot4_ws/install/turtlebot4_msgs/share/turtlebot4_msgs/cmake/export_turtlebot4_msgs__rosidl_generator_cppExport.cmake
[0.470s] -- Up-to-date: /home/rokey/turtlebot4_ws/install/turtlebot4_msgs/share/turtlebot4_msgs/cmake/export_turtlebot4_msgs__rosidl_typesupport_fastrtps_cppExport.cmake
[0.470s] -- Up-to-date: /home/rokey/turtlebot4_ws/install/turtlebot4_msgs/share/turtlebot4_msgs/cmake/export_turtlebot4_msgs__rosidl_typesupport_fastrtps_cppExport-noconfig.cmake
[0.470s] -- Up-to-date: /home/rokey/turtlebot4_ws/install/turtlebot4_msgs/share/turtlebot4_msgs/cmake/turtlebot4_msgs__rosidl_typesupport_introspection_cppExport.cmake
[0.470s] -- Up-to-date: /home/rokey/turtlebot4_ws/install/turtlebot4_msgs/share/turtlebot4_msgs/cmake/turtlebot4_msgs__rosidl_typesupport_introspection_cppExport-noconfig.cmake
[0.470s] -- Up-to-date: /home/rokey/turtlebot4_ws/install/turtlebot4_msgs/share/turtlebot4_msgs/cmake/turtlebot4_msgs__rosidl_typesupport_cppExport.cmake
[0.470s] -- Up-to-date: /home/rokey/turtlebot4_ws/install/turtlebot4_msgs/share/turtlebot4_msgs/cmake/turtlebot4_msgs__rosidl_typesupport_cppExport-noconfig.cmake
[0.471s] -- Up-to-date: /home/rokey/turtlebot4_ws/install/turtlebot4_msgs/share/turtlebot4_msgs/cmake/export_turtlebot4_msgs__rosidl_generator_pyExport.cmake
[0.471s] -- Up-to-date: /home/rokey/turtlebot4_ws/install/turtlebot4_msgs/share/turtlebot4_msgs/cmake/export_turtlebot4_msgs__rosidl_generator_pyExport-noconfig.cmake
[0.473s] Invoked command in '/home/rokey/turtlebot4_ws/build/turtlebot4_msgs' returned '0': CMAKE_PREFIX_PATH=/opt/ros/humble /usr/bin/cmake --install /home/rokey/turtlebot4_ws/build/turtlebot4_msgs
