[0.035s] Invoking command in '/home/rokey/turtlebot4_ws/build/turtlebot4_node': AMENT_PREFIX_PATH=/home/rokey/turtlebot4_ws/install/turtlebot4_msgs:${AMENT_PREFIX_PATH} CMAKE_PREFIX_PATH=/home/rokey/turtlebot4_ws/install/turtlebot4_msgs:/opt/ros/humble LD_LIBRARY_PATH=/home/rokey/turtlebot4_ws/install/turtlebot4_msgs/lib:${LD_LIBRARY_PATH} PYTHONPATH=/home/rokey/turtlebot4_ws/install/turtlebot4_msgs/local/lib/python3.10/dist-packages:${PYTHONPATH} /usr/bin/cmake --build /home/rokey/turtlebot4_ws/build/turtlebot4_node -- -j20 -l20
[0.077s] [35m[1mConsolidate compiler generated dependencies of target turtlebot4_node_lib[0m
[0.099s] [ 75%] Built target turtlebot4_node_lib
[0.110s] [35m[1mConsolidate compiler generated dependencies of target turtlebot4_node[0m
[0.126s] [100%] Built target turtlebot4_node
[0.413s] Invoked command in '/home/rokey/turtlebot4_ws/build/turtlebot4_node' returned '0': AMENT_PREFIX_PATH=/home/rokey/turtlebot4_ws/install/turtlebot4_msgs:${AMENT_PREFIX_PATH} CMAKE_PREFIX_PATH=/home/rokey/turtlebot4_ws/install/turtlebot4_msgs:/opt/ros/humble LD_LIBRARY_PATH=/home/rokey/turtlebot4_ws/install/turtlebot4_msgs/lib:${LD_LIBRARY_PATH} PYTHONPATH=/home/rokey/turtlebot4_ws/install/turtlebot4_msgs/local/lib/python3.10/dist-packages:${PYTHONPATH} /usr/bin/cmake --build /home/rokey/turtlebot4_ws/build/turtlebot4_node -- -j20 -l20
[0.414s] Invoking command in '/home/rokey/turtlebot4_ws/build/turtlebot4_node': AMENT_PREFIX_PATH=/home/rokey/turtlebot4_ws/install/turtlebot4_msgs:${AMENT_PREFIX_PATH} CMAKE_PREFIX_PATH=/home/rokey/turtlebot4_ws/install/turtlebot4_msgs:/opt/ros/humble LD_LIBRARY_PATH=/home/rokey/turtlebot4_ws/install/turtlebot4_msgs/lib:${LD_LIBRARY_PATH} PYTHONPATH=/home/rokey/turtlebot4_ws/install/turtlebot4_msgs/local/lib/python3.10/dist-packages:${PYTHONPATH} /usr/bin/cmake --install /home/rokey/turtlebot4_ws/build/turtlebot4_node
[0.421s] -- Install configuration: ""
[0.423s] -- Execute custom install script
[0.424s] -- Up-to-date symlink: /home/rokey/turtlebot4_ws/install/turtlebot4_node/lib/turtlebot4_node/turtlebot4_node
[0.424s] -- Up-to-date symlink: /home/rokey/turtlebot4_ws/install/turtlebot4_node/include/turtlebot4_node/action.hpp
[0.424s] -- Up-to-date symlink: /home/rokey/turtlebot4_ws/install/turtlebot4_node/include/turtlebot4_node/buttons.hpp
[0.424s] -- Up-to-date symlink: /home/rokey/turtlebot4_ws/install/turtlebot4_node/include/turtlebot4_node/display.hpp
[0.424s] -- Up-to-date symlink: /home/rokey/turtlebot4_ws/install/turtlebot4_node/include/turtlebot4_node/leds.hpp
[0.424s] -- Up-to-date symlink: /home/rokey/turtlebot4_ws/install/turtlebot4_node/include/turtlebot4_node/service.hpp
[0.424s] -- Up-to-date symlink: /home/rokey/turtlebot4_ws/install/turtlebot4_node/include/turtlebot4_node/turtlebot4.hpp
[0.424s] -- Up-to-date symlink: /home/rokey/turtlebot4_ws/install/turtlebot4_node/include/turtlebot4_node/utils.hpp
[0.424s] -- Up-to-date symlink: /home/rokey/turtlebot4_ws/install/turtlebot4_node/share/ament_index/resource_index/package_run_dependencies/turtlebot4_node
[0.424s] -- Up-to-date symlink: /home/rokey/turtlebot4_ws/install/turtlebot4_node/share/ament_index/resource_index/parent_prefix_path/turtlebot4_node
[0.425s] -- Up-to-date symlink: /home/rokey/turtlebot4_ws/install/turtlebot4_node/share/turtlebot4_node/environment/ament_prefix_path.sh
[0.425s] -- Up-to-date symlink: /home/rokey/turtlebot4_ws/install/turtlebot4_node/share/turtlebot4_node/environment/ament_prefix_path.dsv
[0.425s] -- Up-to-date symlink: /home/rokey/turtlebot4_ws/install/turtlebot4_node/share/turtlebot4_node/environment/path.sh
[0.425s] -- Up-to-date symlink: /home/rokey/turtlebot4_ws/install/turtlebot4_node/share/turtlebot4_node/environment/path.dsv
[0.425s] -- Up-to-date symlink: /home/rokey/turtlebot4_ws/install/turtlebot4_node/share/turtlebot4_node/local_setup.bash
[0.425s] -- Up-to-date symlink: /home/rokey/turtlebot4_ws/install/turtlebot4_node/share/turtlebot4_node/local_setup.sh
[0.425s] -- Up-to-date symlink: /home/rokey/turtlebot4_ws/install/turtlebot4_node/share/turtlebot4_node/local_setup.zsh
[0.425s] -- Up-to-date symlink: /home/rokey/turtlebot4_ws/install/turtlebot4_node/share/turtlebot4_node/local_setup.dsv
[0.425s] -- Symlinking: /home/rokey/turtlebot4_ws/install/turtlebot4_node/share/turtlebot4_node/package.dsv
[0.434s] -- Up-to-date symlink: /home/rokey/turtlebot4_ws/install/turtlebot4_node/share/ament_index/resource_index/packages/turtlebot4_node
[0.434s] -- Up-to-date symlink: /home/rokey/turtlebot4_ws/install/turtlebot4_node/share/turtlebot4_node/cmake/ament_cmake_export_include_directories-extras.cmake
[0.434s] -- Up-to-date symlink: /home/rokey/turtlebot4_ws/install/turtlebot4_node/share/turtlebot4_node/cmake/turtlebot4_nodeConfig.cmake
[0.434s] -- Up-to-date symlink: /home/rokey/turtlebot4_ws/install/turtlebot4_node/share/turtlebot4_node/cmake/turtlebot4_nodeConfig-version.cmake
[0.434s] -- Up-to-date symlink: /home/rokey/turtlebot4_ws/install/turtlebot4_node/share/turtlebot4_node/package.xml
[0.444s] Invoked command in '/home/rokey/turtlebot4_ws/build/turtlebot4_node' returned '0': AMENT_PREFIX_PATH=/home/rokey/turtlebot4_ws/install/turtlebot4_msgs:${AMENT_PREFIX_PATH} CMAKE_PREFIX_PATH=/home/rokey/turtlebot4_ws/install/turtlebot4_msgs:/opt/ros/humble LD_LIBRARY_PATH=/home/rokey/turtlebot4_ws/install/turtlebot4_msgs/lib:${LD_LIBRARY_PATH} PYTHONPATH=/home/rokey/turtlebot4_ws/install/turtlebot4_msgs/local/lib/python3.10/dist-packages:${PYTHONPATH} /usr/bin/cmake --install /home/rokey/turtlebot4_ws/build/turtlebot4_node
