[0.016s] Invoking command in '/home/rokey/turtlebot4_ws/build/explore_lite': CMAKE_PREFIX_PATH=/opt/ros/humble /usr/bin/cmake /home/rokey/turtlebot4_ws/src/m-explore-ros2/explore -DAMENT_CMAKE_SYMLINK_INSTALL=1 -DCMAKE_INSTALL_PREFIX=/home/rokey/turtlebot4_ws/install/explore_lite
[0.106s] -- The C compiler identification is GNU 11.4.0
[0.178s] -- The CXX compiler identification is GNU 11.4.0
[0.185s] -- Detecting C compiler ABI info
[0.268s] -- Detecting C compiler ABI info - done
[0.277s] -- Check for working C compiler: /usr/bin/cc - skipped
[0.277s] -- Detecting C compile features
[0.278s] -- Detecting C compile features - done
[0.282s] -- Detecting CXX compiler ABI info
[0.377s] -- Detecting CXX compiler ABI info - done
[0.389s] -- Check for working CXX compiler: /usr/bin/c++ - skipped
[0.389s] -- Detecting CXX compile features
[0.390s] -- Detecting CXX compile features - done
[0.391s] -- BuilD for ROS2: humble
[0.394s] -- Found ament_cmake: 1.3.12 (/opt/ros/humble/share/ament_cmake/cmake)
[0.604s] -- Found Python3: /usr/bin/python3 (found version "3.10.12") found components: Interpreter 
[0.684s] -- Override CMake install command with custom implementation using symlinks instead of copying resources
[0.723s] -- Found rclcpp: 16.0.17 (/opt/ros/humble/share/rclcpp/cmake)
[0.776s] -- Found rosidl_generator_c: 3.1.8 (/opt/ros/humble/share/rosidl_generator_c/cmake)
[0.783s] -- Found rosidl_adapter: 3.1.8 (/opt/ros/humble/share/rosidl_adapter/cmake)
[0.793s] -- Found rosidl_generator_cpp: 3.1.8 (/opt/ros/humble/share/rosidl_generator_cpp/cmake)
[0.808s] -- Using all available rosidl_typesupport_c: rosidl_typesupport_fastrtps_c;rosidl_typesupport_introspection_c
[0.825s] -- Using all available rosidl_typesupport_cpp: rosidl_typesupport_fastrtps_cpp;rosidl_typesupport_introspection_cpp
[0.875s] -- Found rmw_implementation_cmake: 6.1.2 (/opt/ros/humble/share/rmw_implementation_cmake/cmake)
[0.878s] -- Found rmw_fastrtps_cpp: 6.2.9 (/opt/ros/humble/share/rmw_fastrtps_cpp/cmake)
[0.977s] -- Found OpenSSL: /usr/lib/x86_64-linux-gnu/libcrypto.so (found version "3.0.2")  
[1.016s] -- Found FastRTPS: /opt/ros/humble/include  
[1.059s] -- Using RMW implementation 'rmw_fastrtps_cpp' as default
[1.067s] -- Looking for pthread.h
[1.144s] -- Looking for pthread.h - found
[1.145s] -- Performing Test CMAKE_HAVE_LIBC_PTHREAD
[1.247s] -- Performing Test CMAKE_HAVE_LIBC_PTHREAD - Success
[1.249s] -- Found Threads: TRUE  
[1.345s] -- Found sensor_msgs: 4.9.0 (/opt/ros/humble/share/sensor_msgs/cmake)
[1.388s] -- Found tf2_ros: 0.25.18 (/opt/ros/humble/share/tf2_ros/cmake)
[1.539s] -- Found tf2_geometry_msgs: 0.25.18 (/opt/ros/humble/share/tf2_geometry_msgs/cmake)
[1.562s] -- Found eigen3_cmake_module: 0.1.1 (/opt/ros/humble/share/eigen3_cmake_module/cmake)
[1.564s] -- Found Eigen3: TRUE (found version "3.4.0") 
[1.565s] -- Ensuring Eigen3 include directory is part of orocos-kdl CMake target
[1.569s] -- Found nav2_msgs: 1.1.20 (/opt/ros/humble/share/nav2_msgs/cmake)
[1.621s] -- Found map_msgs: 2.1.0 (/opt/ros/humble/share/map_msgs/cmake)
[1.644s] -- Found visualization_msgs: 4.9.0 (/opt/ros/humble/share/visualization_msgs/cmake)
[1.672s] -- Found nav2_costmap_2d: 1.1.20 (/opt/ros/humble/share/nav2_costmap_2d/cmake)
[1.828s] -- Found ament_lint_auto: 0.12.14 (/opt/ros/humble/share/ament_lint_auto/cmake)
[1.921s] -- Found ament_cmake_gtest: 1.3.12 (/opt/ros/humble/share/ament_cmake_gtest/cmake)
[1.924s] -- Found gtest sources under '/opt/ros/humble/src/gtest_vendor': C++ tests using 'Google Test' will be built
[1.938s] -- Added test 'cppcheck' to perform static code analysis on C / C++ code
[1.939s] -- Configured cppcheck include dirs: /home/rokey/turtlebot4_ws/src/m-explore-ros2/explore/include;$<BUILD_INTERFACE:/home/rokey/turtlebot4_ws/src/m-explore-ros2/explore/include>
[1.939s] -- Configured cppcheck exclude dirs and/or files: 
[1.940s] -- Added test 'flake8' to check Python code syntax and style conventions
[1.940s] -- Added test 'lint_cmake' to check CMake code style
[1.940s] -- Added test 'pep257' to check Python code against some of the docstring style conventions in PEP 257
[1.942s] -- Added test 'uncrustify' to check C / C++ code style
[1.942s] -- Configured uncrustify additional arguments: 
[1.942s] -- Added test 'xmllint' to check XML markup files
[1.944s] -- Configuring done
[2.073s] -- Generating done
[2.087s] -- Build files have been written to: /home/rokey/turtlebot4_ws/build/explore_lite
[2.401s] Invoked command in '/home/rokey/turtlebot4_ws/build/explore_lite' returned '0': CMAKE_PREFIX_PATH=/opt/ros/humble /usr/bin/cmake /home/rokey/turtlebot4_ws/src/m-explore-ros2/explore -DAMENT_CMAKE_SYMLINK_INSTALL=1 -DCMAKE_INSTALL_PREFIX=/home/rokey/turtlebot4_ws/install/explore_lite
[2.402s] Invoking command in '/home/rokey/turtlebot4_ws/build/explore_lite': CMAKE_PREFIX_PATH=/opt/ros/humble /usr/bin/cmake --build /home/rokey/turtlebot4_ws/build/explore_lite -- -j20 -l20
[2.473s] [ 10%] [32mBuilding CXX object gtest/CMakeFiles/gtest_main.dir/src/gtest_main.cc.o[0m
[2.475s] [ 20%] [32mBuilding CXX object gtest/CMakeFiles/gtest.dir/src/gtest-all.cc.o[0m
[2.476s] [ 30%] [32mBuilding CXX object CMakeFiles/explore.dir/src/costmap_client.cpp.o[0m
[2.476s] [ 40%] [32mBuilding CXX object CMakeFiles/explore.dir/src/explore.cpp.o[0m
[2.480s] [ 50%] [32mBuilding CXX object CMakeFiles/explore.dir/src/frontier_search.cpp.o[0m
[3.473s] [ 60%] [32m[1mLinking CXX static library libgtest_main.a[0m
[3.521s] [ 60%] Built target gtest_main
[7.436s] [ 70%] [32m[1mLinking CXX static library libgtest.a[0m
[7.520s] [ 70%] Built target gtest
[7.547s] [ 80%] [32mBuilding CXX object CMakeFiles/test_explore.dir/test/test_explore.cpp.o[0m
[8.880s] [ 90%] [32m[1mLinking CXX executable test_explore[0m
[10.350s] [ 90%] Built target test_explore
[21.822s] [100%] [32m[1mLinking CXX executable explore[0m
[23.640s] [100%] Built target explore
[23.650s] Invoked command in '/home/rokey/turtlebot4_ws/build/explore_lite' returned '0': CMAKE_PREFIX_PATH=/opt/ros/humble /usr/bin/cmake --build /home/rokey/turtlebot4_ws/build/explore_lite -- -j20 -l20
[23.653s] Invoking command in '/home/rokey/turtlebot4_ws/build/explore_lite': CMAKE_PREFIX_PATH=/opt/ros/humble /usr/bin/cmake --install /home/rokey/turtlebot4_ws/build/explore_lite
[23.661s] -- Install configuration: ""
[23.662s] -- Execute custom install script
[23.662s] -- Symlinking: /home/rokey/turtlebot4_ws/install/explore_lite/include/explore//costmap_client.h
[23.670s] -- Symlinking: /home/rokey/turtlebot4_ws/install/explore_lite/include/explore//costmap_tools.h
[23.680s] -- Symlinking: /home/rokey/turtlebot4_ws/install/explore_lite/include/explore//explore.h
[23.688s] -- Symlinking: /home/rokey/turtlebot4_ws/install/explore_lite/include/explore//frontier_search.h
[23.699s] -- Symlinking: /home/rokey/turtlebot4_ws/install/explore_lite/share/explore_lite/config/params.yaml
[23.708s] -- Symlinking: /home/rokey/turtlebot4_ws/install/explore_lite/share/explore_lite/config/params_costmap.yaml
[23.716s] -- Symlinking: /home/rokey/turtlebot4_ws/install/explore_lite/share/explore_lite/launch/explore.launch.py
[23.726s] -- Symlinking: /home/rokey/turtlebot4_ws/install/explore_lite/lib/explore_lite/explore
[23.734s] -- Symlinking: /home/rokey/turtlebot4_ws/install/explore_lite/share/ament_index/resource_index/package_run_dependencies/explore_lite
[23.744s] -- Symlinking: /home/rokey/turtlebot4_ws/install/explore_lite/share/ament_index/resource_index/parent_prefix_path/explore_lite
[23.752s] -- Symlinking: /home/rokey/turtlebot4_ws/install/explore_lite/share/explore_lite/environment/ament_prefix_path.sh
[23.762s] -- Symlinking: /home/rokey/turtlebot4_ws/install/explore_lite/share/explore_lite/environment/ament_prefix_path.dsv
[23.769s] -- Symlinking: /home/rokey/turtlebot4_ws/install/explore_lite/share/explore_lite/environment/path.sh
[23.779s] -- Symlinking: /home/rokey/turtlebot4_ws/install/explore_lite/share/explore_lite/environment/path.dsv
[23.787s] -- Symlinking: /home/rokey/turtlebot4_ws/install/explore_lite/share/explore_lite/local_setup.bash
[23.796s] -- Symlinking: /home/rokey/turtlebot4_ws/install/explore_lite/share/explore_lite/local_setup.sh
[23.805s] -- Symlinking: /home/rokey/turtlebot4_ws/install/explore_lite/share/explore_lite/local_setup.zsh
[23.815s] -- Symlinking: /home/rokey/turtlebot4_ws/install/explore_lite/share/explore_lite/local_setup.dsv
[23.823s] -- Symlinking: /home/rokey/turtlebot4_ws/install/explore_lite/share/explore_lite/package.dsv
[23.833s] -- Symlinking: /home/rokey/turtlebot4_ws/install/explore_lite/share/ament_index/resource_index/packages/explore_lite
[23.843s] -- Symlinking: /home/rokey/turtlebot4_ws/install/explore_lite/share/explore_lite/cmake/ament_cmake_export_include_directories-extras.cmake
[23.853s] -- Symlinking: /home/rokey/turtlebot4_ws/install/explore_lite/share/explore_lite/cmake/explore_liteConfig.cmake
[23.861s] -- Symlinking: /home/rokey/turtlebot4_ws/install/explore_lite/share/explore_lite/cmake/explore_liteConfig-version.cmake
[23.871s] -- Symlinking: /home/rokey/turtlebot4_ws/install/explore_lite/share/explore_lite/package.xml
[23.882s] Invoked command in '/home/rokey/turtlebot4_ws/build/explore_lite' returned '0': CMAKE_PREFIX_PATH=/opt/ros/humble /usr/bin/cmake --install /home/rokey/turtlebot4_ws/build/explore_lite
