[0.014s] Invoking command in '/home/rokey/turtlebot4_ws/build/turtlebot4_desktop': AMENT_PREFIX_PATH=/home/rokey/turtlebot4_ws/install/turtlebot4_viz:/home/rokey/turtlebot4_ws/install/turtlebot4_description:${AMENT_PREFIX_PATH} CMAKE_PREFIX_PATH=/home/rokey/turtlebot4_ws/install/turtlebot4_viz:/home/rokey/turtlebot4_ws/install/turtlebot4_description:/opt/ros/humble /usr/bin/cmake /home/rokey/turtlebot4_ws/src/turtlebot4_desktop/turtlebot4_desktop -DAMENT_CMAKE_SYMLINK_INSTALL=1 -DCMAKE_INSTALL_PREFIX=/home/rokey/turtlebot4_ws/install/turtlebot4_desktop
[0.093s] -- The C compiler identification is GNU 11.4.0
[0.182s] -- The CXX compiler identification is GNU 11.4.0
[0.192s] -- Detecting C compiler ABI info
[0.274s] -- Detecting C compiler ABI info - done
[0.289s] -- Check for working C compiler: /usr/bin/cc - skipped
[0.290s] -- Detecting C compile features
[0.290s] -- Detecting C compile features - done
[0.297s] -- Detecting CXX compiler ABI info
[0.437s] -- Detecting CXX compiler ABI info - done
[0.454s] -- Check for working CXX compiler: /usr/bin/c++ - skipped
[0.455s] -- Detecting CXX compile features
[0.457s] -- Detecting CXX compile features - done
[0.463s] -- Found ament_cmake: 1.3.12 (/opt/ros/humble/share/ament_cmake/cmake)
[0.810s] -- Found Python3: /usr/bin/python3 (found version "3.10.12") found components: Interpreter 
[0.961s] -- Override CMake install command with custom implementation using symlinks instead of copying resources
[1.163s] -- Configuring done
[1.167s] -- Generating done
[1.170s] -- Build files have been written to: /home/rokey/turtlebot4_ws/build/turtlebot4_desktop
[1.191s] Invoked command in '/home/rokey/turtlebot4_ws/build/turtlebot4_desktop' returned '0': AMENT_PREFIX_PATH=/home/rokey/turtlebot4_ws/install/turtlebot4_viz:/home/rokey/turtlebot4_ws/install/turtlebot4_description:${AMENT_PREFIX_PATH} CMAKE_PREFIX_PATH=/home/rokey/turtlebot4_ws/install/turtlebot4_viz:/home/rokey/turtlebot4_ws/install/turtlebot4_description:/opt/ros/humble /usr/bin/cmake /home/rokey/turtlebot4_ws/src/turtlebot4_desktop/turtlebot4_desktop -DAMENT_CMAKE_SYMLINK_INSTALL=1 -DCMAKE_INSTALL_PREFIX=/home/rokey/turtlebot4_ws/install/turtlebot4_desktop
[1.194s] Invoking command in '/home/rokey/turtlebot4_ws/build/turtlebot4_desktop': AMENT_PREFIX_PATH=/home/rokey/turtlebot4_ws/install/turtlebot4_viz:/home/rokey/turtlebot4_ws/install/turtlebot4_description:${AMENT_PREFIX_PATH} CMAKE_PREFIX_PATH=/home/rokey/turtlebot4_ws/install/turtlebot4_viz:/home/rokey/turtlebot4_ws/install/turtlebot4_description:/opt/ros/humble /usr/bin/cmake --build /home/rokey/turtlebot4_ws/build/turtlebot4_desktop -- -j20 -l20
[1.257s] Invoked command in '/home/rokey/turtlebot4_ws/build/turtlebot4_desktop' returned '0': AMENT_PREFIX_PATH=/home/rokey/turtlebot4_ws/install/turtlebot4_viz:/home/rokey/turtlebot4_ws/install/turtlebot4_description:${AMENT_PREFIX_PATH} CMAKE_PREFIX_PATH=/home/rokey/turtlebot4_ws/install/turtlebot4_viz:/home/rokey/turtlebot4_ws/install/turtlebot4_description:/opt/ros/humble /usr/bin/cmake --build /home/rokey/turtlebot4_ws/build/turtlebot4_desktop -- -j20 -l20
[1.260s] Invoking command in '/home/rokey/turtlebot4_ws/build/turtlebot4_desktop': AMENT_PREFIX_PATH=/home/rokey/turtlebot4_ws/install/turtlebot4_viz:/home/rokey/turtlebot4_ws/install/turtlebot4_description:${AMENT_PREFIX_PATH} CMAKE_PREFIX_PATH=/home/rokey/turtlebot4_ws/install/turtlebot4_viz:/home/rokey/turtlebot4_ws/install/turtlebot4_description:/opt/ros/humble /usr/bin/cmake --install /home/rokey/turtlebot4_ws/build/turtlebot4_desktop
[1.271s] -- Install configuration: ""
[1.273s] -- Execute custom install script
[1.273s] -- Symlinking: /home/rokey/turtlebot4_ws/install/turtlebot4_desktop/share/ament_index/resource_index/package_run_dependencies/turtlebot4_desktop
[1.288s] -- Symlinking: /home/rokey/turtlebot4_ws/install/turtlebot4_desktop/share/ament_index/resource_index/parent_prefix_path/turtlebot4_desktop
[1.304s] -- Symlinking: /home/rokey/turtlebot4_ws/install/turtlebot4_desktop/share/turtlebot4_desktop/environment/ament_prefix_path.sh
[1.319s] -- Symlinking: /home/rokey/turtlebot4_ws/install/turtlebot4_desktop/share/turtlebot4_desktop/environment/ament_prefix_path.dsv
[1.333s] -- Symlinking: /home/rokey/turtlebot4_ws/install/turtlebot4_desktop/share/turtlebot4_desktop/environment/path.sh
[1.347s] -- Symlinking: /home/rokey/turtlebot4_ws/install/turtlebot4_desktop/share/turtlebot4_desktop/environment/path.dsv
[1.361s] -- Symlinking: /home/rokey/turtlebot4_ws/install/turtlebot4_desktop/share/turtlebot4_desktop/local_setup.bash
[1.376s] -- Symlinking: /home/rokey/turtlebot4_ws/install/turtlebot4_desktop/share/turtlebot4_desktop/local_setup.sh
[1.394s] -- Symlinking: /home/rokey/turtlebot4_ws/install/turtlebot4_desktop/share/turtlebot4_desktop/local_setup.zsh
[1.423s] -- Symlinking: /home/rokey/turtlebot4_ws/install/turtlebot4_desktop/share/turtlebot4_desktop/local_setup.dsv
[1.453s] -- Symlinking: /home/rokey/turtlebot4_ws/install/turtlebot4_desktop/share/turtlebot4_desktop/package.dsv
[1.482s] -- Symlinking: /home/rokey/turtlebot4_ws/install/turtlebot4_desktop/share/ament_index/resource_index/packages/turtlebot4_desktop
[1.512s] -- Symlinking: /home/rokey/turtlebot4_ws/install/turtlebot4_desktop/share/turtlebot4_desktop/cmake/turtlebot4_desktopConfig.cmake
[1.544s] -- Symlinking: /home/rokey/turtlebot4_ws/install/turtlebot4_desktop/share/turtlebot4_desktop/cmake/turtlebot4_desktopConfig-version.cmake
[1.582s] -- Symlinking: /home/rokey/turtlebot4_ws/install/turtlebot4_desktop/share/turtlebot4_desktop/package.xml
[1.625s] Invoked command in '/home/rokey/turtlebot4_ws/build/turtlebot4_desktop' returned '0': AMENT_PREFIX_PATH=/home/rokey/turtlebot4_ws/install/turtlebot4_viz:/home/rokey/turtlebot4_ws/install/turtlebot4_description:${AMENT_PREFIX_PATH} CMAKE_PREFIX_PATH=/home/rokey/turtlebot4_ws/install/turtlebot4_viz:/home/rokey/turtlebot4_ws/install/turtlebot4_description:/opt/ros/humble /usr/bin/cmake --install /home/rokey/turtlebot4_ws/build/turtlebot4_desktop
