[0.015s] Invoking command in '/home/rokey/turtlebot4_ws/build/turtlebot4_viz': AMENT_PREFIX_PATH=/home/rokey/turtlebot4_ws/install/turtlebot4_description:${AMENT_PREFIX_PATH} CMAKE_PREFIX_PATH=/home/rokey/turtlebot4_ws/install/turtlebot4_description:/opt/ros/humble /usr/bin/cmake /home/rokey/turtlebot4_ws/src/turtlebot4_desktop/turtlebot4_viz -DAMENT_CMAKE_SYMLINK_INSTALL=1 -DCMAKE_INSTALL_PREFIX=/home/rokey/turtlebot4_ws/install/turtlebot4_viz
[0.081s] -- The C compiler identification is GNU 11.4.0
[0.146s] -- The CXX compiler identification is GNU 11.4.0
[0.154s] -- Detecting C compiler ABI info
[0.233s] -- Detecting C compiler ABI info - done
[0.246s] -- Check for working C compiler: /usr/bin/cc - skipped
[0.247s] -- Detecting C compile features
[0.247s] -- Detecting C compile features - done
[0.252s] -- Detecting CXX compiler ABI info
[0.344s] -- Detecting CXX compiler ABI info - done
[0.356s] -- Check for working CXX compiler: /usr/bin/c++ - skipped
[0.356s] -- Detecting CXX compile features
[0.357s] -- Detecting CXX compile features - done
[0.360s] -- Found ament_cmake: 1.3.12 (/opt/ros/humble/share/ament_cmake/cmake)
[0.550s] -- Found Python3: /usr/bin/python3 (found version "3.10.12") found components: Interpreter 
[0.626s] -- Override CMake install command with custom implementation using symlinks instead of copying resources
[0.661s] -- Found ament_lint_auto: 0.12.14 (/opt/ros/humble/share/ament_lint_auto/cmake)
[0.758s] -- Added test 'copyright' to check source files copyright and LICENSE
[0.760s] -- Added test 'flake8' to check Python code syntax and style conventions
[0.760s] -- Added test 'lint_cmake' to check CMake code style
[0.760s] -- Added test 'pep257' to check Python code against some of the docstring style conventions in PEP 257
[0.761s] -- Added test 'xmllint' to check XML markup files
[0.762s] -- Configuring done
[0.765s] -- Generating done
[0.766s] -- Build files have been written to: /home/rokey/turtlebot4_ws/build/turtlebot4_viz
[1.038s] Invoked command in '/home/rokey/turtlebot4_ws/build/turtlebot4_viz' returned '0': AMENT_PREFIX_PATH=/home/rokey/turtlebot4_ws/install/turtlebot4_description:${AMENT_PREFIX_PATH} CMAKE_PREFIX_PATH=/home/rokey/turtlebot4_ws/install/turtlebot4_description:/opt/ros/humble /usr/bin/cmake /home/rokey/turtlebot4_ws/src/turtlebot4_desktop/turtlebot4_viz -DAMENT_CMAKE_SYMLINK_INSTALL=1 -DCMAKE_INSTALL_PREFIX=/home/rokey/turtlebot4_ws/install/turtlebot4_viz
[1.040s] Invoking command in '/home/rokey/turtlebot4_ws/build/turtlebot4_viz': AMENT_PREFIX_PATH=/home/rokey/turtlebot4_ws/install/turtlebot4_description:${AMENT_PREFIX_PATH} CMAKE_PREFIX_PATH=/home/rokey/turtlebot4_ws/install/turtlebot4_description:/opt/ros/humble /usr/bin/cmake --build /home/rokey/turtlebot4_ws/build/turtlebot4_viz -- -j20 -l20
[1.092s] Invoked command in '/home/rokey/turtlebot4_ws/build/turtlebot4_viz' returned '0': AMENT_PREFIX_PATH=/home/rokey/turtlebot4_ws/install/turtlebot4_description:${AMENT_PREFIX_PATH} CMAKE_PREFIX_PATH=/home/rokey/turtlebot4_ws/install/turtlebot4_description:/opt/ros/humble /usr/bin/cmake --build /home/rokey/turtlebot4_ws/build/turtlebot4_viz -- -j20 -l20
[1.095s] Invoking command in '/home/rokey/turtlebot4_ws/build/turtlebot4_viz': AMENT_PREFIX_PATH=/home/rokey/turtlebot4_ws/install/turtlebot4_description:${AMENT_PREFIX_PATH} CMAKE_PREFIX_PATH=/home/rokey/turtlebot4_ws/install/turtlebot4_description:/opt/ros/humble /usr/bin/cmake --install /home/rokey/turtlebot4_ws/build/turtlebot4_viz
[1.103s] -- Install configuration: ""
[1.103s] -- Execute custom install script
[1.104s] -- Symlinking: /home/rokey/turtlebot4_ws/install/turtlebot4_viz/share/turtlebot4_viz/launch/view_diagnostics.launch.py
[1.117s] -- Symlinking: /home/rokey/turtlebot4_ws/install/turtlebot4_viz/share/turtlebot4_viz/launch/view_model.launch.py
[1.131s] -- Symlinking: /home/rokey/turtlebot4_ws/install/turtlebot4_viz/share/turtlebot4_viz/launch/view_robot.launch.py
[1.142s] -- Symlinking: /home/rokey/turtlebot4_ws/install/turtlebot4_viz/share/turtlebot4_viz/rviz/model.rviz
[1.157s] -- Symlinking: /home/rokey/turtlebot4_ws/install/turtlebot4_viz/share/turtlebot4_viz/rviz/robot.rviz
[1.171s] -- Symlinking: /home/rokey/turtlebot4_ws/install/turtlebot4_viz/share/ament_index/resource_index/package_run_dependencies/turtlebot4_viz
[1.186s] -- Symlinking: /home/rokey/turtlebot4_ws/install/turtlebot4_viz/share/ament_index/resource_index/parent_prefix_path/turtlebot4_viz
[1.201s] -- Symlinking: /home/rokey/turtlebot4_ws/install/turtlebot4_viz/share/turtlebot4_viz/environment/ament_prefix_path.sh
[1.212s] -- Symlinking: /home/rokey/turtlebot4_ws/install/turtlebot4_viz/share/turtlebot4_viz/environment/ament_prefix_path.dsv
[1.226s] -- Symlinking: /home/rokey/turtlebot4_ws/install/turtlebot4_viz/share/turtlebot4_viz/environment/path.sh
[1.240s] -- Symlinking: /home/rokey/turtlebot4_ws/install/turtlebot4_viz/share/turtlebot4_viz/environment/path.dsv
[1.254s] -- Symlinking: /home/rokey/turtlebot4_ws/install/turtlebot4_viz/share/turtlebot4_viz/local_setup.bash
[1.265s] -- Symlinking: /home/rokey/turtlebot4_ws/install/turtlebot4_viz/share/turtlebot4_viz/local_setup.sh
[1.279s] -- Symlinking: /home/rokey/turtlebot4_ws/install/turtlebot4_viz/share/turtlebot4_viz/local_setup.zsh
[1.291s] -- Symlinking: /home/rokey/turtlebot4_ws/install/turtlebot4_viz/share/turtlebot4_viz/local_setup.dsv
[1.303s] -- Symlinking: /home/rokey/turtlebot4_ws/install/turtlebot4_viz/share/turtlebot4_viz/package.dsv
[1.314s] -- Symlinking: /home/rokey/turtlebot4_ws/install/turtlebot4_viz/share/ament_index/resource_index/packages/turtlebot4_viz
[1.330s] -- Symlinking: /home/rokey/turtlebot4_ws/install/turtlebot4_viz/share/turtlebot4_viz/cmake/turtlebot4_vizConfig.cmake
[1.343s] -- Symlinking: /home/rokey/turtlebot4_ws/install/turtlebot4_viz/share/turtlebot4_viz/cmake/turtlebot4_vizConfig-version.cmake
[1.355s] -- Symlinking: /home/rokey/turtlebot4_ws/install/turtlebot4_viz/share/turtlebot4_viz/package.xml
[1.372s] Invoked command in '/home/rokey/turtlebot4_ws/build/turtlebot4_viz' returned '0': AMENT_PREFIX_PATH=/home/rokey/turtlebot4_ws/install/turtlebot4_description:${AMENT_PREFIX_PATH} CMAKE_PREFIX_PATH=/home/rokey/turtlebot4_ws/install/turtlebot4_description:/opt/ros/humble /usr/bin/cmake --install /home/rokey/turtlebot4_ws/build/turtlebot4_viz
