-- The C compiler identification is GNU 11.4.0
-- The CXX compiler identification is GNU 11.4.0
-- Detecting C compiler ABI info
-- Detecting C compiler ABI info - done
-- Check for working C compiler: /usr/bin/cc - skipped
-- Detecting C compile features
-- Detecting C compile features - done
-- Detecting CXX compiler ABI info
-- Detecting CXX compiler ABI info - done
-- Check for working CXX compiler: /usr/bin/c++ - skipped
-- Detecting CXX compile features
-- Detecting CXX compile features - done
-- Found ament_cmake: 1.3.12 (/opt/ros/humble/share/ament_cmake/cmake)
-- Found Python3: /usr/bin/python3 (found version "3.10.12") found components: Interpreter 
-- Override CMake install command with custom implementation using symlinks instead of copying resources
-- Found rclcpp: 16.0.17 (/opt/ros/humble/share/rclcpp/cmake)
-- Found rosidl_generator_c: 3.1.8 (/opt/ros/humble/share/rosidl_generator_c/cmake)
-- Found rosidl_adapter: 3.1.8 (/opt/ros/humble/share/rosidl_adapter/cmake)
-- Found rosidl_generator_cpp: 3.1.8 (/opt/ros/humble/share/rosidl_generator_cpp/cmake)
-- Using all available rosidl_typesupport_c: rosidl_typesupport_fastrtps_c;rosidl_typesupport_introspection_c
-- Using all available rosidl_typesupport_cpp: rosidl_typesupport_fastrtps_cpp;rosidl_typesupport_introspection_cpp
-- Found rmw_implementation_cmake: 6.1.2 (/opt/ros/humble/share/rmw_implementation_cmake/cmake)
-- Found rmw_fastrtps_cpp: 6.2.9 (/opt/ros/humble/share/rmw_fastrtps_cpp/cmake)
-- Found OpenSSL: /usr/lib/x86_64-linux-gnu/libcrypto.so (found version "3.0.2")  
-- Found FastRTPS: /opt/ros/humble/include  
-- Using RMW implementation 'rmw_fastrtps_cpp' as default
-- Looking for pthread.h
-- Looking for pthread.h - found
-- Performing Test CMAKE_HAVE_LIBC_PTHREAD
-- Performing Test CMAKE_HAVE_LIBC_PTHREAD - Success
-- Found Threads: TRUE  
-- Found geometry_msgs: 4.9.0 (/opt/ros/humble/share/geometry_msgs/cmake)
-- Found image_geometry: 3.2.1 (/opt/ros/humble/share/image_geometry/cmake)
-- Found map_msgs: 2.1.0 (/opt/ros/humble/share/map_msgs/cmake)
-- Found tf2_geometry_msgs: 0.25.18 (/opt/ros/humble/share/tf2_geometry_msgs/cmake)
-- Found eigen3_cmake_module: 0.1.1 (/opt/ros/humble/share/eigen3_cmake_module/cmake)
-- Found Eigen3: TRUE (found version "3.4.0") 
-- Ensuring Eigen3 include directory is part of orocos-kdl CMake target
-- Found Boost: /usr/lib/x86_64-linux-gnu/cmake/Boost-1.74.0/BoostConfig.cmake (found version "1.74.0") found components: thread 
-- Found OpenCV: /usr (found version "4.5.4") 
-- Found ament_lint_auto: 0.12.14 (/opt/ros/humble/share/ament_lint_auto/cmake)
-- Found ament_cmake_gtest: 1.3.12 (/opt/ros/humble/share/ament_cmake_gtest/cmake)
--2026-01-27 17:42:54--  https://raw.githubusercontent.com/hrnr/m-explore-extra/master/map_merge/hector_maps/map00.pgm
Resolving raw.githubusercontent.com (raw.githubusercontent.com)... 185.199.108.133, 185.199.109.133, 185.199.110.133, ...
Connecting to raw.githubusercontent.com (raw.githubusercontent.com)|185.199.108.133|:443... connected.
HTTP request sent, awaiting response... 200 OK
Length: 4194362 (4.0M) [application/octet-stream]
Saving to: ‘/home/rokey/turtlebot4_ws/build/multirobot_map_merge/map00.pgm’

     0K .......... .......... .......... .......... ..........  1% 10.7M 0s
    50K .......... .......... .......... .......... ..........  2% 24.7M 0s
   100K .......... .......... .......... .......... ..........  3% 13.5M 0s
   150K .......... .......... .......... .......... ..........  4% 20.4M 0s
   200K .......... .......... .......... .......... ..........  6% 86.9M 0s
   250K .......... .......... .......... .......... ..........  7% 49.4M 0s
   300K .......... .......... .......... .......... ..........  8% 19.5M 0s
   350K .......... .......... .......... .......... ..........  9% 22.1M 0s
   400K .......... .......... .......... .......... .......... 10% 25.7M 0s
   450K .......... .......... .......... .......... .......... 12% 20.4M 0s
   500K .......... .......... .......... .......... .......... 13%  109M 0s
   550K .......... .......... .......... .......... .......... 14% 47.4M 0s
   600K .......... .......... .......... .......... .......... 15% 42.9M 0s
   650K .......... .......... .......... .......... .......... 17% 29.0M 0s
   700K .......... .......... .......... .......... .......... 18%  102M 0s
   750K .......... .......... .......... .......... .......... 19% 41.5M 0s
   800K .......... .......... .......... .......... .......... 20% 48.2M 0s
   850K .......... .......... .......... .......... .......... 21% 96.0M 0s
   900K .......... .......... .......... .......... .......... 23% 37.1M 0s
   950K .......... .......... .......... .......... .......... 24% 36.0M 0s
  1000K .......... .......... .......... .......... .......... 25% 12.7M 0s
  1050K .......... .......... .......... .......... .......... 26%  115M 0s
  1100K .......... .......... .......... .......... .......... 28% 83.8M 0s
  1150K .......... .......... .......... .......... .......... 29% 43.5M 0s
  1200K .......... .......... .......... .......... .......... 30% 26.1M 0s
  1250K .......... .......... .......... .......... .......... 31% 90.3M 0s
  1300K .......... .......... .......... .......... .......... 32% 36.4M 0s
  1350K .......... .......... .......... .......... .......... 34% 49.2M 0s
  1400K .......... .......... .......... .......... .......... 35% 85.7M 0s
  1450K .......... .......... .......... .......... .......... 36% 42.3M 0s
  1500K .......... .......... .......... .......... .......... 37% 90.0M 0s
  1550K .......... .......... .......... .......... .......... 39% 39.0M 0s
  1600K .......... .......... .......... .......... .......... 40% 41.6M 0s
  1650K .......... .......... .......... .......... .......... 41% 20.6M 0s
  1700K .......... .......... .......... .......... .......... 42% 19.6M 0s
  1750K .......... .......... .......... .......... .......... 43% 86.4M 0s
  1800K .......... .......... .......... .......... .......... 45% 42.6M 0s
  1850K .......... .......... .......... .......... .......... 46% 47.8M 0s
  1900K .......... .......... .......... .......... .......... 47% 48.2M 0s
  1950K .......... .......... .......... .......... .......... 48% 31.8M 0s
  2000K .......... .......... .......... .......... .......... 50% 25.1M 0s
  2050K .......... .......... .......... .......... .......... 51% 42.8M 0s
  2100K .......... .......... .......... .......... .......... 52% 36.4M 0s
  2150K .......... .......... .......... .......... .......... 53% 45.9M 0s
  2200K .......... .......... .......... .......... .......... 54% 24.8M 0s
  2250K .......... .......... .......... .......... .......... 56% 9.98M 0s
  2300K .......... .......... .......... .......... .......... 57% 39.7M 0s
  2350K .......... .......... .......... .......... .......... 58% 80.2M 0s
  2400K .......... .......... .......... .......... .......... 59% 62.0M 0s
  2450K .......... .......... .......... .......... .......... 61% 85.4M 0s
  2500K .......... .......... .......... .......... .......... 62% 72.9M 0s
  2550K .......... .......... .......... .......... .......... 63% 43.8M 0s
  2600K .......... .......... .......... .......... .......... 64% 85.3M 0s
  2650K .......... .......... .......... .......... .......... 65% 97.3M 0s
  2700K .......... .......... .......... .......... .......... 67% 53.8M 0s
  2750K .......... .......... .......... .......... .......... 68% 93.1M 0s
  2800K .......... .......... .......... .......... .......... 69% 89.8M 0s
  2850K .......... .......... .......... .......... .......... 70% 13.0M 0s
  2900K .......... .......... .......... .......... .......... 72% 81.0M 0s
  2950K .......... .......... .......... .......... .......... 73% 41.4M 0s
  3000K .......... .......... .......... .......... .......... 74% 46.5M 0s
  3050K .......... .......... .......... .......... .......... 75% 27.7M 0s
  3100K .......... .......... .......... .......... .......... 76% 80.4M 0s
  3150K .......... .......... .......... .......... .......... 78% 31.0M 0s
  3200K .......... .......... .......... .......... .......... 79% 68.4M 0s
  3250K .......... .......... .......... .......... .......... 80% 36.5M 0s
  3300K .......... .......... .......... .......... .......... 81% 18.6M 0s
  3350K .......... .......... .......... .......... .......... 83% 91.7M 0s
  3400K .......... .......... .......... .......... .......... 84% 30.8M 0s
  3450K .......... .......... .......... .......... .......... 85% 22.0M 0s
  3500K .......... .......... .......... .......... .......... 86% 92.6M 0s
  3550K .......... .......... .......... .......... .......... 87% 45.4M 0s
  3600K .......... .......... .......... .......... .......... 89% 72.6M 0s
  3650K .......... .......... .......... .......... .......... 90% 90.5M 0s
  3700K .......... .......... .......... .......... .......... 91% 48.1M 0s
  3750K .......... .......... .......... .......... .......... 92% 91.6M 0s
  3800K .......... .......... .......... .......... .......... 93% 90.1M 0s
  3850K .......... .......... .......... .......... .......... 95% 44.0M 0s
  3900K .......... .......... .......... .......... .......... 96% 89.6M 0s
  3950K .......... .......... .......... .......... .......... 97% 24.4M 0s
  4000K .......... .......... .......... .......... .......... 98% 32.7M 0s
  4050K .......... .......... .......... .......... ......    100% 96.8M=0.1s

2026-01-27 17:42:54 (36.6 MB/s) - ‘/home/rokey/turtlebot4_ws/build/multirobot_map_merge/map00.pgm’ saved [4194362/4194362]

Checking MD5 sum of /home/rokey/turtlebot4_ws/build/multirobot_map_merge/map00.pgm
/home/rokey/turtlebot4_ws/build/multirobot_map_merge/map00.pgm: OK
--2026-01-27 17:42:54--  https://raw.githubusercontent.com/hrnr/m-explore-extra/master/map_merge/hector_maps/map05.pgm
Resolving raw.githubusercontent.com (raw.githubusercontent.com)... 185.199.109.133, 185.199.111.133, 185.199.108.133, ...
Connecting to raw.githubusercontent.com (raw.githubusercontent.com)|185.199.109.133|:443... connected.
HTTP request sent, awaiting response... 200 OK
Length: 4194362 (4.0M) [application/octet-stream]
Saving to: ‘/home/rokey/turtlebot4_ws/build/multirobot_map_merge/map05.pgm’

     0K .......... .......... .......... .......... ..........  1% 5.75M 1s
    50K .......... .......... .......... .......... ..........  2% 15.7M 0s
   100K .......... .......... .......... .......... ..........  3% 12.9M 0s
   150K .......... .......... .......... .......... ..........  4% 47.4M 0s
   200K .......... .......... .......... .......... ..........  6% 18.2M 0s
   250K .......... .......... .......... .......... ..........  7% 26.6M 0s
   300K .......... .......... .......... .......... ..........  8% 41.5M 0s
   350K .......... .......... .......... .......... ..........  9% 46.2M 0s
   400K .......... .......... .......... .......... .......... 10% 36.7M 0s
   450K .......... .......... .......... .......... .......... 12% 42.6M 0s
   500K .......... .......... .......... .......... .......... 13% 17.7M 0s
   550K .......... .......... .......... .......... .......... 14% 31.3M 0s
   600K .......... .......... .......... .......... .......... 15% 32.8M 0s
   650K .......... .......... .......... .......... .......... 17% 76.7M 0s
   700K .......... .......... .......... .......... .......... 18% 47.6M 0s
   750K .......... .......... .......... .......... .......... 19% 40.8M 0s
   800K .......... .......... .......... .......... .......... 20% 27.0M 0s
   850K .......... .......... .......... .......... .......... 21% 14.6M 0s
   900K .......... .......... .......... .......... .......... 23% 90.7M 0s
   950K .......... .......... .......... .......... .......... 24% 16.7M 0s
  1000K .......... .......... .......... .......... .......... 25% 95.4M 0s
  1050K .......... .......... .......... .......... .......... 26% 39.7M 0s
  1100K .......... .......... .......... .......... .......... 28% 10.1M 0s
  1150K .......... .......... .......... .......... .......... 29% 87.3M 0s
  1200K .......... .......... .......... .......... .......... 30% 18.7M 0s
  1250K .......... .......... .......... .......... .......... 31%  101M 0s
  1300K .......... .......... .......... .......... .......... 32% 29.8M 0s
  1350K .......... .......... .......... .......... .......... 34% 31.5M 0s
  1400K .......... .......... .......... .......... .......... 35% 36.9M 0s
  1450K .......... .......... .......... .......... .......... 36% 96.2M 0s
  1500K .......... .......... .......... .......... .......... 37% 18.9M 0s
  1550K .......... .......... .......... .......... .......... 39% 22.7M 0s
  1600K .......... .......... .......... .......... .......... 40% 21.6M 0s
  1650K .......... .......... .......... .......... .......... 41% 93.7M 0s
  1700K .......... .......... .......... .......... .......... 42% 71.7M 0s
  1750K .......... .......... .......... .......... .......... 43% 18.4M 0s
  1800K .......... .......... .......... .......... .......... 45% 83.7M 0s
  1850K .......... .......... .......... .......... .......... 46% 14.9M 0s
  1900K .......... .......... .......... .......... .......... 47% 19.6M 0s
  1950K .......... .......... .......... .......... .......... 48% 94.7M 0s
  2000K .......... .......... .......... .......... .......... 50% 29.2M 0s
  2050K .......... .......... .......... .......... .......... 51% 94.9M 0s
  2100K .......... .......... .......... .......... .......... 52% 35.8M 0s
  2150K .......... .......... .......... .......... .......... 53% 11.8M 0s
  2200K .......... .......... .......... .......... .......... 54% 87.8M 0s
  2250K .......... .......... .......... .......... .......... 56% 13.9M 0s
  2300K .......... .......... .......... .......... .......... 57% 65.7M 0s
  2350K .......... .......... .......... .......... .......... 58%  111M 0s
  2400K .......... .......... .......... .......... .......... 59% 43.3M 0s
  2450K .......... .......... .......... .......... .......... 61% 18.2M 0s
  2500K .......... .......... .......... .......... .......... 62% 81.7M 0s
  2550K .......... .......... .......... .......... .......... 63% 97.6M 0s
  2600K .......... .......... .......... .......... .......... 64% 21.7M 0s
  2650K .......... .......... .......... .......... .......... 65% 17.2M 0s
  2700K .......... .......... .......... .......... .......... 67% 12.9M 0s
  2750K .......... .......... .......... .......... .......... 68% 91.7M 0s
  2800K .......... .......... .......... .......... .......... 69% 45.4M 0s
  2850K .......... .......... .......... .......... .......... 70% 85.9M 0s
  2900K .......... .......... .......... .......... .......... 72% 8.60M 0s
  2950K .......... .......... .......... .......... .......... 73% 74.7M 0s
  3000K .......... .......... .......... .......... .......... 74% 22.0M 0s
  3050K .......... .......... .......... .......... .......... 75%  623K 0s
  3100K .......... .......... .......... .......... .......... 76% 95.9M 0s
  3150K .......... .......... .......... .......... .......... 78% 97.8M 0s
  3200K .......... .......... .......... .......... .......... 79% 41.0M 0s
  3250K .......... .......... .......... .......... .......... 80% 84.6M 0s
  3300K .......... .......... .......... .......... .......... 81% 2.71M 0s
  3350K .......... .......... .......... .......... .......... 83% 10.8M 0s
  3400K .......... .......... .......... .......... .......... 84% 10.2M 0s
  3450K .......... .......... .......... .......... .......... 85% 7.14M 0s
  3500K .......... .......... .......... .......... .......... 86%  110M 0s
  3550K .......... .......... .......... .......... .......... 87%  102M 0s
  3600K .......... .......... .......... .......... .......... 89% 23.0M 0s
  3650K .......... .......... .......... .......... .......... 90% 78.2M 0s
  3700K .......... .......... .......... .......... .......... 91% 48.7M 0s
  3750K .......... .......... .......... .......... .......... 92% 44.6M 0s
  3800K .......... .......... .......... .......... .......... 93% 52.0M 0s
  3850K .......... .......... .......... .......... .......... 95% 15.2M 0s
  3900K .......... .......... .......... .......... .......... 96% 94.9M 0s
  3950K .......... .......... .......... .......... .......... 97% 20.5M 0s
  4000K .......... .......... .......... .......... .......... 98%  102M 0s
  4050K .......... .......... .......... .......... ......    100% 20.6M=0.2s

2026-01-27 17:42:54 (16.3 MB/s) - ‘/home/rokey/turtlebot4_ws/build/multirobot_map_merge/map05.pgm’ saved [4194362/4194362]

Checking MD5 sum of /home/rokey/turtlebot4_ws/build/multirobot_map_merge/map05.pgm
/home/rokey/turtlebot4_ws/build/multirobot_map_merge/map05.pgm: OK
--2026-01-27 17:42:54--  https://raw.githubusercontent.com/hrnr/m-explore-extra/master/map_merge/gmapping_maps/2011-08-09-12-22-52.pgm
Resolving raw.githubusercontent.com (raw.githubusercontent.com)... 185.199.111.133, 185.199.110.133, 185.199.108.133, ...
Connecting to raw.githubusercontent.com (raw.githubusercontent.com)|185.199.111.133|:443... connected.
HTTP request sent, awaiting response... 200 OK
Length: 16000058 (15M) [application/octet-stream]
Saving to: ‘/home/rokey/turtlebot4_ws/build/multirobot_map_merge/2011-08-09-12-22-52.pgm’

     0K .......... .......... .......... .......... ..........  0% 10.4M 1s
    50K .......... .......... .......... .......... ..........  0% 12.7M 1s
   100K .......... .......... .......... .......... ..........  0% 62.9M 1s
   150K .......... .......... .......... .......... ..........  1% 14.5M 1s
   200K .......... .......... .......... .......... ..........  1% 14.8M 1s
   250K .......... .......... .......... .......... ..........  1%  106M 1s
   300K .......... .......... .......... .......... ..........  2% 14.0M 1s
   350K .......... .......... .......... .......... ..........  2% 93.3M 1s
   400K .......... .......... .......... .......... ..........  2% 27.9M 1s
   450K .......... .......... .......... .......... ..........  3% 17.3M 1s
   500K .......... .......... .......... .......... ..........  3% 9.88M 1s
   550K .......... .......... .......... .......... ..........  3%  102M 1s
   600K .......... .......... .......... .......... ..........  4% 16.2M 1s
   650K .......... .......... .......... .......... ..........  4% 49.4M 1s
   700K .......... .......... .......... .......... ..........  4% 17.8M 1s
   750K .......... .......... .......... .......... ..........  5% 88.8M 1s
   800K .......... .......... .......... .......... ..........  5% 58.4M 1s
   850K .......... .......... .......... .......... ..........  5% 97.2M 1s
   900K .......... .......... .......... .......... ..........  6% 37.9M 1s
   950K .......... .......... .......... .......... ..........  6% 26.6M 1s
  1000K .......... .......... .......... .......... ..........  6% 17.3M 1s
  1050K .......... .......... .......... .......... ..........  7% 9.80M 1s
  1100K .......... .......... .......... .......... ..........  7%  126M 1s
  1150K .......... .......... .......... .......... ..........  7% 47.2M 1s
  1200K .......... .......... .......... .......... ..........  7%  106M 1s
  1250K .......... .......... .......... .......... ..........  8% 96.4M 1s
  1300K .......... .......... .......... .......... ..........  8% 31.3M 1s
  1350K .......... .......... .......... .......... ..........  8%  113M 1s
  1400K .......... .......... .......... .......... ..........  9% 11.4M 1s
  1450K .......... .......... .......... .......... ..........  9% 16.4M 1s
  1500K .......... .......... .......... .......... ..........  9% 41.9M 1s
  1550K .......... .......... .......... .......... .......... 10% 93.6M 1s
  1600K .......... .......... .......... .......... .......... 10% 24.4M 1s
  1650K .......... .......... .......... .......... .......... 10%  103M 1s
  1700K .......... .......... .......... .......... .......... 11% 41.6M 1s
  1750K .......... .......... .......... .......... .......... 11% 9.13M 1s
  1800K .......... .......... .......... .......... .......... 11% 48.1M 1s
  1850K .......... .......... .......... .......... .......... 12% 45.5M 1s
  1900K .......... .......... .......... .......... .......... 12%  104M 1s
  1950K .......... .......... .......... .......... .......... 12% 91.2M 1s
  2000K .......... .......... .......... .......... .......... 13% 49.8M 1s
  2050K .......... .......... .......... .......... .......... 13% 81.5M 0s
  2100K .......... .......... .......... .......... .......... 13% 14.9M 1s
  2150K .......... .......... .......... .......... .......... 14% 70.0M 0s
  2200K .......... .......... .......... .......... .......... 14% 17.4M 0s
  2250K .......... .......... .......... .......... .......... 14% 93.4M 0s
  2300K .......... .......... .......... .......... .......... 15% 98.3M 0s
  2350K .......... .......... .......... .......... .......... 15% 11.2M 0s
  2400K .......... .......... .......... .......... .......... 15%  100M 0s
  2450K .......... .......... .......... .......... .......... 15% 89.9M 0s
  2500K .......... .......... .......... .......... .......... 16% 51.5M 0s
  2550K .......... .......... .......... .......... .......... 16%  108M 0s
  2600K .......... .......... .......... .......... .......... 16% 14.4M 0s
  2650K .......... .......... .......... .......... .......... 17% 93.8M 0s
  2700K .......... .......... .......... .......... .......... 17% 14.0M 0s
  2750K .......... .......... .......... .......... .......... 17%  121M 0s
  2800K .......... .......... .......... .......... .......... 18% 25.8M 0s
  2850K .......... .......... .......... .......... .......... 18%  103M 0s
  2900K .......... .......... .......... .......... .......... 18% 89.4M 0s
  2950K .......... .......... .......... .......... .......... 19% 10.6M 0s
  3000K .......... .......... .......... .......... .......... 19%  171M 0s
  3050K .......... .......... .......... .......... .......... 19%  191M 0s
  3100K .......... .......... .......... .......... .......... 20%  136M 0s
  3150K .......... .......... .......... .......... .......... 20%  184M 0s
  3200K .......... .......... .......... .......... .......... 20%  163M 0s
  3250K .......... .......... .......... .......... .......... 21% 10.3M 0s
  3300K .......... .......... .......... .......... .......... 21%  115M 0s
  3350K .......... .......... .......... .......... .......... 21% 94.7M 0s
  3400K .......... .......... .......... .......... .......... 22% 14.3M 0s
  3450K .......... .......... .......... .......... .......... 22%  101M 0s
  3500K .......... .......... .......... .......... .......... 22%  100M 0s
  3550K .......... .......... .......... .......... .......... 23% 25.6M 0s
  3600K .......... .......... .......... .......... .......... 23% 93.1M 0s
  3650K .......... .......... .......... .......... .......... 23% 17.4M 0s
  3700K .......... .......... .......... .......... .......... 23% 83.8M 0s
  3750K .......... .......... .......... .......... .......... 24%  102M 0s
  3800K .......... .......... .......... .......... .......... 24% 45.6M 0s
  3850K .......... .......... .......... .......... .......... 24% 13.8M 0s
  3900K .......... .......... .......... .......... .......... 25% 95.8M 0s
  3950K .......... .......... .......... .......... .......... 25% 17.7M 0s
  4000K .......... .......... .......... .......... .......... 25% 78.2M 0s
  4050K .......... .......... .......... .......... .......... 26% 47.0M 0s
  4100K .......... .......... .......... .......... .......... 26% 9.51M 0s
  4150K .......... .......... .......... .......... .......... 26%  131M 0s
  4200K .......... .......... .......... .......... .......... 27% 98.0M 0s
  4250K .......... .......... .......... .......... .......... 27% 91.9M 0s
  4300K .......... .......... .......... .......... .......... 27% 42.1M 0s
  4350K .......... .......... .......... .......... .......... 28% 79.7M 0s
  4400K .......... .......... .......... .......... .......... 28% 96.2M 0s
  4450K .......... .......... .......... .......... .......... 28% 27.1M 0s
  4500K .......... .......... .......... .......... .......... 29% 97.8M 0s
  4550K .......... .......... .......... .......... .......... 29% 45.2M 0s
  4600K .......... .......... .......... .......... .......... 29% 13.4M 0s
  4650K .......... .......... .......... .......... .......... 30%  109M 0s
  4700K .......... .......... .......... .......... .......... 30% 19.1M 0s
  4750K .......... .......... .......... .......... .......... 30% 68.4M 0s
  4800K .......... .......... .......... .......... .......... 31% 13.9M 0s
  4850K .......... .......... .......... .......... .......... 31%  124M 0s
  4900K .......... .......... .......... .......... .......... 31%  105M 0s
  4950K .......... .......... .......... .......... .......... 31% 45.3M 0s
  5000K .......... .......... .......... .......... .......... 32% 80.6M 0s
  5050K .......... .......... .......... .......... .......... 32% 43.1M 0s
  5100K .......... .......... .......... .......... .......... 32%  101M 0s
  5150K .......... .......... .......... .......... .......... 33% 28.0M 0s
  5200K .......... .......... .......... .......... .......... 33% 82.9M 0s
  5250K .......... .......... .......... .......... .......... 33% 39.1M 0s
  5300K .......... .......... .......... .......... .......... 34%  108M 0s
  5350K .......... .......... .......... .......... .......... 34% 26.7M 0s
  5400K .......... .......... .......... .......... .......... 34% 88.4M 0s
  5450K .......... .......... .......... .......... .......... 35%  102M 0s
  5500K .......... .......... .......... .......... .......... 35% 7.37M 0s
  5550K .......... .......... .......... .......... .......... 35% 86.2M 0s
  5600K .......... .......... .......... .......... .......... 36%  121M 0s
  5650K .......... .......... .......... .......... .......... 36% 20.2M 0s
  5700K .......... .......... .......... .......... .......... 36% 76.7M 0s
  5750K .......... .......... .......... .......... .......... 37% 69.9M 0s
  5800K .......... .......... .......... .......... .......... 37% 52.9M 0s
  5850K .......... .......... .......... .......... .......... 37% 99.3M 0s
  5900K .......... .......... .......... .......... .......... 38% 93.8M 0s
  5950K .......... .......... .......... .......... .......... 38% 40.0M 0s
  6000K .......... .......... .......... .......... .......... 38% 90.6M 0s
  6050K .......... .......... .......... .......... .......... 39% 48.4M 0s
  6100K .......... .......... .......... .......... .......... 39%  100M 0s
  6150K .......... .......... .......... .......... .......... 39% 30.4M 0s
  6200K .......... .......... .......... .......... .......... 39% 21.6M 0s
  6250K .......... .......... .......... .......... .......... 40%  115M 0s
  6300K .......... .......... .......... .......... .......... 40% 21.4M 0s
  6350K .......... .......... .......... .......... .......... 40% 70.3M 0s
  6400K .......... .......... .......... .......... .......... 41% 57.7M 0s
  6450K .......... .......... .......... .......... .......... 41% 20.4M 0s
  6500K .......... .......... .......... .......... .......... 41%  118M 0s
  6550K .......... .......... .......... .......... .......... 42%  118M 0s
  6600K .......... .......... .......... .......... .......... 42% 45.1M 0s
  6650K .......... .......... .......... .......... .......... 42% 20.5M 0s
  6700K .......... .......... .......... .......... .......... 43% 96.1M 0s
  6750K .......... .......... .......... .......... .......... 43% 32.7M 0s
  6800K .......... .......... .......... .......... .......... 43% 20.7M 0s
  6850K .......... .......... .......... .......... .......... 44% 92.6M 0s
  6900K .......... .......... .......... .......... .......... 44% 70.1M 0s
  6950K .......... .......... .......... .......... .......... 44% 57.5M 0s
  7000K .......... .......... .......... .......... .......... 45%  106M 0s
  7050K .......... .......... .......... .......... .......... 45% 41.9M 0s
  7100K .......... .......... .......... .......... .......... 45% 28.0M 0s
  7150K .......... .......... .......... .......... .......... 46% 92.7M 0s
  7200K .......... .......... .......... .......... .......... 46% 74.1M 0s
  7250K .......... .......... .......... .......... .......... 46% 14.4M 0s
  7300K .......... .......... .......... .......... .......... 47% 76.2M 0s
  7350K .......... .......... .......... .......... .......... 47% 13.7M 0s
  7400K .......... .......... .......... .......... .......... 47%  104M 0s
  7450K .......... .......... .......... .......... .......... 47%  100M 0s
  7500K .......... .......... .......... .......... .......... 48% 44.5M 0s
  7550K .......... .......... .......... .......... .......... 48% 82.1M 0s
  7600K .......... .......... .......... .......... .......... 48%  124M 0s
  7650K .......... .......... .......... .......... .......... 49% 13.3M 0s
  7700K .......... .......... .......... .......... .......... 49% 86.1M 0s
  7750K .......... .......... .......... .......... .......... 49%  104M 0s
  7800K .......... .......... .......... .......... .......... 50% 28.1M 0s
  7850K .......... .......... .......... .......... .......... 50%  120M 0s
  7900K .......... .......... .......... .......... .......... 50% 47.9M 0s
  7950K .......... .......... .......... .......... .......... 51%  108M 0s
  8000K .......... .......... .......... .......... .......... 51% 3.62M 0s
  8050K .......... .......... .......... .......... .......... 51%  110M 0s
  8100K .......... .......... .......... .......... .......... 52% 31.8M 0s
  8150K .......... .......... .......... .......... .......... 52% 90.8M 0s
  8200K .......... .......... .......... .......... .......... 52% 92.3M 0s
  8250K .......... .......... .......... .......... .......... 53% 23.7M 0s
  8300K .......... .......... .......... .......... .......... 53% 24.0M 0s
  8350K .......... .......... .......... .......... .......... 53%  108M 0s
  8400K .......... .......... .......... .......... .......... 54% 95.8M 0s
  8450K .......... .......... .......... .......... .......... 54% 38.8M 0s
  8500K .......... .......... .......... .......... .......... 54%  101M 0s
  8550K .......... .......... .......... .......... .......... 55%  105M 0s
  8600K .......... .......... .......... .......... .......... 55% 37.6M 0s
  8650K .......... .......... .......... .......... .......... 55% 80.9M 0s
  8700K .......... .......... .......... .......... .......... 55% 59.0M 0s
  8750K .......... .......... .......... .......... .......... 56%  102M 0s
  8800K .......... .......... .......... .......... .......... 56% 15.9M 0s
  8850K .......... .......... .......... .......... .......... 56%  103M 0s
  8900K .......... .......... .......... .......... .......... 57% 99.8M 0s
  8950K .......... .......... .......... .......... .......... 57% 16.1M 0s
  9000K .......... .......... .......... .......... .......... 57%  105M 0s
  9050K .......... .......... .......... .......... .......... 58% 18.7M 0s
  9100K .......... .......... .......... .......... .......... 58%  105M 0s
  9150K .......... .......... .......... .......... .......... 58% 24.5M 0s
  9200K .......... .......... .......... .......... .......... 59%  103M 0s
  9250K .......... .......... .......... .......... .......... 59% 6.54M 0s
  9300K .......... .......... .......... .......... .......... 59%  127M 0s
  9350K .......... .......... .......... .......... .......... 60% 34.5M 0s
  9400K .......... .......... .......... .......... .......... 60%  129M 0s
  9450K .......... .......... .......... .......... .......... 60% 94.9M 0s
  9500K .......... .......... .......... .......... .......... 61%  108M 0s
  9550K .......... .......... .......... .......... .......... 61% 24.4M 0s
  9600K .......... .......... .......... .......... .......... 61% 88.7M 0s
  9650K .......... .......... .......... .......... .......... 62% 94.4M 0s
  9700K .......... .......... .......... .......... .......... 62% 26.8M 0s
  9750K .......... .......... .......... .......... .......... 62%  109M 0s
  9800K .......... .......... .......... .......... .......... 63% 98.5M 0s
  9850K .......... .......... .......... .......... .......... 63%  101M 0s
  9900K .......... .......... .......... .......... .......... 63% 26.7M 0s
  9950K .......... .......... .......... .......... .......... 63%  123M 0s
 10000K .......... .......... .......... .......... .......... 64% 29.5M 0s
 10050K .......... .......... .......... .......... .......... 64%  105M 0s
 10100K .......... .......... .......... .......... .......... 64% 31.5M 0s
 10150K .......... .......... .......... .......... .......... 65% 95.1M 0s
 10200K .......... .......... .......... .......... .......... 65%  110M 0s
 10250K .......... .......... .......... .......... .......... 65% 34.5M 0s
 10300K .......... .......... .......... .......... .......... 66% 45.2M 0s
 10350K .......... .......... .......... .......... .......... 66%  101M 0s
 10400K .......... .......... .......... .......... .......... 66% 20.0M 0s
 10450K .......... .......... .......... .......... .......... 67%  100M 0s
 10500K .......... .......... .......... .......... .......... 67% 38.2M 0s
 10550K .......... .......... .......... .......... .......... 67% 29.9M 0s
 10600K .......... .......... .......... .......... .......... 68% 93.6M 0s
 10650K .......... .......... .......... .......... .......... 68% 28.0M 0s
 10700K .......... .......... .......... .......... .......... 68%  105M 0s
 10750K .......... .......... .......... .......... .......... 69% 29.1M 0s
 10800K .......... .......... .......... .......... .......... 69%  124M 0s
 10850K .......... .......... .......... .......... .......... 69% 24.5M 0s
 10900K .......... .......... .......... .......... .......... 70% 94.2M 0s
 10950K .......... .......... .......... .......... .......... 70% 26.8M 0s
 11000K .......... .......... .......... .......... .......... 70%  108M 0s
 11050K .......... .......... .......... .......... .......... 71% 96.9M 0s
 11100K .......... .......... .......... .......... .......... 71% 30.7M 0s
 11150K .......... .......... .......... .......... .......... 71% 97.5M 0s
 11200K .......... .......... .......... .......... .......... 71% 17.5M 0s
 11250K .......... .......... .......... .......... .......... 72% 88.9M 0s
 11300K .......... .......... .......... .......... .......... 72% 28.4M 0s
 11350K .......... .......... .......... .......... .......... 72% 98.4M 0s
 11400K .......... .......... .......... .......... .......... 73% 54.4M 0s
 11450K .......... .......... .......... .......... .......... 73% 51.7M 0s
 11500K .......... .......... .......... .......... .......... 73% 46.7M 0s
 11550K .......... .......... .......... .......... .......... 74% 33.6M 0s
 11600K .......... .......... .......... .......... .......... 74% 37.3M 0s
 11650K .......... .......... .......... .......... .......... 74% 19.2M 0s
 11700K .......... .......... .......... .......... .......... 75%  118M 0s
 11750K .......... .......... .......... .......... .......... 75% 27.7M 0s
 11800K .......... .......... .......... .......... .......... 75%  101M 0s
 11850K .......... .......... .......... .......... .......... 76% 14.1M 0s
 11900K .......... .......... .......... .......... .......... 76% 90.1M 0s
 11950K .......... .......... .......... .......... .......... 76% 15.7M 0s
 12000K .......... .......... .......... .......... .......... 77%  105M 0s
 12050K .......... .......... .......... .......... .......... 77% 95.0M 0s
 12100K .......... .......... .......... .......... .......... 77% 89.5M 0s
 12150K .......... .......... .......... .......... .......... 78% 53.7M 0s
 12200K .......... .......... .......... .......... .......... 78% 92.5M 0s
 12250K .......... .......... .......... .......... .......... 78% 41.5M 0s
 12300K .......... .......... .......... .......... .......... 79% 14.3M 0s
 12350K .......... .......... .......... .......... .......... 79%  122M 0s
 12400K .......... .......... .......... .......... .......... 79% 88.8M 0s
 12450K .......... .......... .......... .......... .......... 79% 9.86M 0s
 12500K .......... .......... .......... .......... .......... 80%  109M 0s
 12550K .......... .......... .......... .......... .......... 80% 98.5M 0s
 12600K .......... .......... .......... .......... .......... 80% 42.1M 0s
 12650K .......... .......... .......... .......... .......... 81% 90.7M 0s
 12700K .......... .......... .......... .......... .......... 81%  108M 0s
 12750K .......... .......... .......... .......... .......... 81% 23.1M 0s
 12800K .......... .......... .......... .......... .......... 82% 92.1M 0s
 12850K .......... .......... .......... .......... .......... 82% 87.1M 0s
 12900K .......... .......... .......... .......... .......... 82% 42.2M 0s
 12950K .......... .......... .......... .......... .......... 83%  103M 0s
 13000K .......... .......... .......... .......... .......... 83% 49.5M 0s
 13050K .......... .......... .......... .......... .......... 83% 93.5M 0s
 13100K .......... .......... .......... .......... .......... 84% 31.7M 0s
 13150K .......... .......... .......... .......... .......... 84%  109M 0s
 13200K .......... .......... .......... .......... .......... 84% 99.2M 0s
 13250K .......... .......... .......... .......... .......... 85% 17.7M 0s
 13300K .......... .......... .......... .......... .......... 85%  100M 0s
 13350K .......... .......... .......... .......... .......... 85% 35.4M 0s
 13400K .......... .......... .......... .......... .......... 86%  101M 0s
 13450K .......... .......... .......... .......... .......... 86% 26.9M 0s
 13500K .......... .......... .......... .......... .......... 86%  101M 0s
 13550K .......... .......... .......... .......... .......... 87% 19.9M 0s
 13600K .......... .......... .......... .......... .......... 87%  102M 0s
 13650K .......... .......... .......... .......... .......... 87% 7.71M 0s
 13700K .......... .......... .......... .......... .......... 87% 46.2M 0s
 13750K .......... .......... .......... .......... .......... 88% 89.3M 0s
 13800K .......... .......... .......... .......... .......... 88%  104M 0s
 13850K .......... .......... .......... .......... .......... 88% 39.7M 0s
 13900K .......... .......... .......... .......... .......... 89%  105M 0s
 13950K .......... .......... .......... .......... .......... 89% 80.6M 0s
 14000K .......... .......... .......... .......... .......... 89% 11.6M 0s
 14050K .......... .......... .......... .......... .......... 90%  153M 0s
 14100K .......... .......... .......... .......... .......... 90%  175M 0s
 14150K .......... .......... .......... .......... .......... 90%  154M 0s
 14200K .......... .......... .......... .......... .......... 91%  133M 0s
 14250K .......... .......... .......... .......... .......... 91%  162M 0s
 14300K .......... .......... .......... .......... .......... 91% 99.9M 0s
 14350K .......... .......... .......... .......... .......... 92% 28.9M 0s
 14400K .......... .......... .......... .......... .......... 92% 96.3M 0s
 14450K .......... .......... .......... .......... .......... 92% 85.2M 0s
 14500K .......... .......... .......... .......... .......... 93% 25.4M 0s
 14550K .......... .......... .......... .......... .......... 93% 89.3M 0s
 14600K .......... .......... .......... .......... .......... 93% 24.2M 0s
 14650K .......... .......... .......... .......... .......... 94% 89.0M 0s
 14700K .......... .......... .......... .......... .......... 94% 5.68M 0s
 14750K .......... .......... .......... .......... .......... 94% 92.4M 0s
 14800K .......... .......... .......... .......... .......... 95% 11.6M 0s
 14850K .......... .......... .......... .......... .......... 95%  204M 0s
 14900K .......... .......... .......... .......... .......... 95%  127M 0s
 14950K .......... .......... .......... .......... .......... 95% 45.9M 0s
 15000K .......... .......... .......... .......... .......... 96% 16.7M 0s
 15050K .......... .......... .......... .......... .......... 96% 97.1M 0s
 15100K .......... .......... .......... .......... .......... 96% 84.4M 0s
 15150K .......... .......... .......... .......... .......... 97% 46.0M 0s
 15200K .......... .......... .......... .......... .......... 97% 46.0M 0s
 15250K .......... .......... .......... .......... .......... 97%  129M 0s
 15300K .......... .......... .......... .......... .......... 98% 95.2M 0s
 15350K .......... .......... .......... .......... .......... 98% 22.6M 0s
 15400K .......... .......... .......... .......... .......... 98% 96.4M 0s
 15450K .......... .......... .......... .......... .......... 99% 15.0M 0s
 15500K .......... .......... .......... .......... .......... 99%  123M 0s
 15550K .......... .......... .......... .......... .......... 99% 80.9M 0s
 15600K .......... .......... .....                           100%  206M=0.4s

2026-01-27 17:42:55 (35.7 MB/s) - ‘/home/rokey/turtlebot4_ws/build/multirobot_map_merge/2011-08-09-12-22-52.pgm’ saved [16000058/16000058]

Checking MD5 sum of /home/rokey/turtlebot4_ws/build/multirobot_map_merge/2011-08-09-12-22-52.pgm
/home/rokey/turtlebot4_ws/build/multirobot_map_merge/2011-08-09-12-22-52.pgm: OK
--2026-01-27 17:42:55--  https://raw.githubusercontent.com/hrnr/m-explore-extra/master/map_merge/gmapping_maps/2012-01-28-11-12-01.pgm
Resolving raw.githubusercontent.com (raw.githubusercontent.com)... 185.199.108.133, 185.199.109.133, 185.199.111.133, ...
Connecting to raw.githubusercontent.com (raw.githubusercontent.com)|185.199.108.133|:443... connected.
HTTP request sent, awaiting response... 200 OK
Length: 16000058 (15M) [application/octet-stream]
Saving to: ‘/home/rokey/turtlebot4_ws/build/multirobot_map_merge/2012-01-28-11-12-01.pgm’

     0K .......... .......... .......... .......... ..........  0% 10.8M 1s
    50K .......... .......... .......... .......... ..........  0% 5.80M 2s
   100K .......... .......... .......... .......... ..........  0% 7.80M 2s
   150K .......... .......... .......... .......... ..........  1%  108M 2s
   200K .......... .......... .......... .......... ..........  1% 14.5M 1s
   250K .......... .......... .......... .......... ..........  1% 49.5M 1s
   300K .......... .......... .......... .......... ..........  2% 14.8M 1s
   350K .......... .......... .......... .......... ..........  2% 13.4M 1s
   400K .......... .......... .......... .......... ..........  2% 29.6M 1s
   450K .......... .......... .......... .......... ..........  3% 30.3M 1s
   500K .......... .......... .......... .......... ..........  3% 8.55M 1s
   550K .......... .......... .......... .......... ..........  3% 40.5M 1s
   600K .......... .......... .......... .......... ..........  4% 37.5M 1s
   650K .......... .......... .......... .......... ..........  4% 9.07M 1s
   700K .......... .......... .......... .......... ..........  4% 33.0M 1s
   750K .......... .......... .......... .......... ..........  5% 99.2M 1s
   800K .......... .......... .......... .......... ..........  5% 14.3M 1s
   850K .......... .......... .......... .......... ..........  5%  213M 1s
   900K .......... .......... .......... .......... ..........  6% 9.56M 1s
   950K .......... .......... .......... .......... ..........  6%  235M 1s
  1000K .......... .......... .......... .......... ..........  6% 29.7M 1s
  1050K .......... .......... .......... .......... ..........  7% 12.1M 1s
  1100K .......... .......... .......... .......... ..........  7% 15.1M 1s
  1150K .......... .......... .......... .......... ..........  7% 13.6M 1s
  1200K .......... .......... .......... .......... ..........  7% 31.2M 1s
  1250K .......... .......... .......... .......... ..........  8% 34.8M 1s
  1300K .......... .......... .......... .......... ..........  8%  118M 1s
  1350K .......... .......... .......... .......... ..........  8% 21.9M 1s
  1400K .......... .......... .......... .......... ..........  9% 34.1M 1s
  1450K .......... .......... .......... .......... ..........  9% 30.4M 1s
  1500K .......... .......... .......... .......... ..........  9% 26.0M 1s
  1550K .......... .......... .......... .......... .......... 10% 19.1M 1s
  1600K .......... .......... .......... .......... .......... 10% 16.5M 1s
  1650K .......... .......... .......... .......... .......... 10% 86.6M 1s
  1700K .......... .......... .......... .......... .......... 11%  113M 1s
  1750K .......... .......... .......... .......... .......... 11% 8.00M 1s
  1800K .......... .......... .......... .......... .......... 11% 35.1M 1s
  1850K .......... .......... .......... .......... .......... 12% 16.6M 1s
  1900K .......... .......... .......... .......... .......... 12%  202M 1s
  1950K .......... .......... .......... .......... .......... 12% 27.9M 1s
  2000K .......... .......... .......... .......... .......... 13% 44.5M 1s
  2050K .......... .......... .......... .......... .......... 13% 43.8M 1s
  2100K .......... .......... .......... .......... .......... 13% 11.8M 1s
  2150K .......... .......... .......... .......... .......... 14% 38.3M 1s
  2200K .......... .......... .......... .......... .......... 14%  121M 1s
  2250K .......... .......... .......... .......... .......... 14% 42.7M 1s
  2300K .......... .......... .......... .......... .......... 15% 12.7M 1s
  2350K .......... .......... .......... .......... .......... 15%  116M 1s
  2400K .......... .......... .......... .......... .......... 15% 30.9M 1s
  2450K .......... .......... .......... .......... .......... 15% 91.3M 1s
  2500K .......... .......... .......... .......... .......... 16% 15.6M 1s
  2550K .......... .......... .......... .......... .......... 16%  167M 1s
  2600K .......... .......... .......... .......... .......... 16% 69.4M 1s
  2650K .......... .......... .......... .......... .......... 17% 96.7M 1s
  2700K .......... .......... .......... .......... .......... 17% 12.4M 1s
  2750K .......... .......... .......... .......... .......... 17%  101M 1s
  2800K .......... .......... .......... .......... .......... 18% 20.1M 1s
  2850K .......... .......... .......... .......... .......... 18% 30.8M 1s
  2900K .......... .......... .......... .......... .......... 18% 8.05M 1s
  2950K .......... .......... .......... .......... .......... 19%  176M 1s
  3000K .......... .......... .......... .......... .......... 19%  248M 1s
  3050K .......... .......... .......... .......... .......... 19%  251M 1s
  3100K .......... .......... .......... .......... .......... 20%  129M 1s
  3150K .......... .......... .......... .......... .......... 20% 8.71M 1s
  3200K .......... .......... .......... .......... .......... 20% 24.3M 1s
  3250K .......... .......... .......... .......... .......... 21% 88.1M 1s
  3300K .......... .......... .......... .......... .......... 21% 32.8M 1s
  3350K .......... .......... .......... .......... .......... 21% 38.3M 1s
  3400K .......... .......... .......... .......... .......... 22% 54.3M 1s
  3450K .......... .......... .......... .......... .......... 22% 20.0M 1s
  3500K .......... .......... .......... .......... .......... 22% 73.1M 1s
  3550K .......... .......... .......... .......... .......... 23% 15.6M 1s
  3600K .......... .......... .......... .......... .......... 23% 55.7M 1s
  3650K .......... .......... .......... .......... .......... 23% 38.2M 1s
  3700K .......... .......... .......... .......... .......... 23%  109M 0s
  3750K .......... .......... .......... .......... .......... 24% 48.7M 0s
  3800K .......... .......... .......... .......... .......... 24% 98.4M 0s
  3850K .......... .......... .......... .......... .......... 24% 23.4M 0s
  3900K .......... .......... .......... .......... .......... 25% 15.9M 0s
  3950K .......... .......... .......... .......... .......... 25% 59.7M 0s
  4000K .......... .......... .......... .......... .......... 25%  135M 0s
  4050K .......... .......... .......... .......... .......... 26% 33.4M 0s
  4100K .......... .......... .......... .......... .......... 26% 28.4M 0s
  4150K .......... .......... .......... .......... .......... 26%  103M 0s
  4200K .......... .......... .......... .......... .......... 27% 11.3M 0s
  4250K .......... .......... .......... .......... .......... 27% 41.8M 0s
  4300K .......... .......... .......... .......... .......... 27% 63.7M 0s
  4350K .......... .......... .......... .......... .......... 28% 21.7M 0s
  4400K .......... .......... .......... .......... .......... 28% 67.0M 0s
  4450K .......... .......... .......... .......... .......... 28% 66.8M 0s
  4500K .......... .......... .......... .......... .......... 29% 52.3M 0s
  4550K .......... .......... .......... .......... .......... 29%  145M 0s
  4600K .......... .......... .......... .......... .......... 29% 50.8M 0s
  4650K .......... .......... .......... .......... .......... 30% 16.3M 0s
  4700K .......... .......... .......... .......... .......... 30% 34.0M 0s
  4750K .......... .......... .......... .......... .......... 30% 37.4M 0s
  4800K .......... .......... .......... .......... .......... 31% 88.6M 0s
  4850K .......... .......... .......... .......... .......... 31% 16.6M 0s
  4900K .......... .......... .......... .......... .......... 31%  101M 0s
  4950K .......... .......... .......... .......... .......... 31%  109M 0s
  5000K .......... .......... .......... .......... .......... 32% 44.0M 0s
  5050K .......... .......... .......... .......... .......... 32% 23.3M 0s
  5100K .......... .......... .......... .......... .......... 32%  162M 0s
  5150K .......... .......... .......... .......... .......... 33% 48.2M 0s
  5200K .......... .......... .......... .......... .......... 33% 8.48M 0s
  5250K .......... .......... .......... .......... .......... 33%  129M 0s
  5300K .......... .......... .......... .......... .......... 34% 12.8M 0s
  5350K .......... .......... .......... .......... .......... 34% 23.2M 0s
  5400K .......... .......... .......... .......... .......... 34%  185M 0s
  5450K .......... .......... .......... .......... .......... 35%  196M 0s
  5500K .......... .......... .......... .......... .......... 35%  151M 0s
  5550K .......... .......... .......... .......... .......... 35% 95.5M 0s
  5600K .......... .......... .......... .......... .......... 36% 2.76M 0s
  5650K .......... .......... .......... .......... .......... 36%  174M 0s
  5700K .......... .......... .......... .......... .......... 36% 15.8M 0s
  5750K .......... .......... .......... .......... .......... 37% 28.8M 0s
  5800K .......... .......... .......... .......... .......... 37%  101M 0s
  5850K .......... .......... .......... .......... .......... 37% 46.3M 0s
  5900K .......... .......... .......... .......... .......... 38% 32.5M 0s
  5950K .......... .......... .......... .......... .......... 38% 60.2M 0s
  6000K .......... .......... .......... .......... .......... 38% 20.8M 0s
  6050K .......... .......... .......... .......... .......... 39% 29.4M 0s
  6100K .......... .......... .......... .......... .......... 39% 9.76M 0s
  6150K .......... .......... .......... .......... .......... 39% 93.1M 0s
  6200K .......... .......... .......... .......... .......... 39%  108M 0s
  6250K .......... .......... .......... .......... .......... 40% 13.7M 0s
  6300K .......... .......... .......... .......... .......... 40% 61.6M 0s
  6350K .......... .......... .......... .......... .......... 40%  106M 0s
  6400K .......... .......... .......... .......... .......... 41% 49.9M 0s
  6450K .......... .......... .......... .......... .......... 41% 31.9M 0s
  6500K .......... .......... .......... .......... .......... 41% 16.1M 0s
  6550K .......... .......... .......... .......... .......... 42% 50.7M 0s
  6600K .......... .......... .......... .......... .......... 42%  108M 0s
  6650K .......... .......... .......... .......... .......... 42% 68.1M 0s
  6700K .......... .......... .......... .......... .......... 43% 79.9M 0s
  6750K .......... .......... .......... .......... .......... 43% 10.4M 0s
  6800K .......... .......... .......... .......... .......... 43% 11.6M 0s
  6850K .......... .......... .......... .......... .......... 44%  179M 0s
  6900K .......... .......... .......... .......... .......... 44%  213M 0s
  6950K .......... .......... .......... .......... .......... 44% 18.9M 0s
  7000K .......... .......... .......... .......... .......... 45%  208M 0s
  7050K .......... .......... .......... .......... .......... 45% 10.8M 0s
  7100K .......... .......... .......... .......... .......... 45% 95.6M 0s
  7150K .......... .......... .......... .......... .......... 46%  222M 0s
  7200K .......... .......... .......... .......... .......... 46%  237M 0s
  7250K .......... .......... .......... .......... .......... 46% 2.56M 0s
  7300K .......... .......... .......... .......... .......... 47%  167M 0s
  7350K .......... .......... .......... .......... .......... 47%  202M 0s
  7400K .......... .......... .......... .......... .......... 47%  152M 0s
  7450K .......... .......... .......... .......... .......... 47% 60.8M 0s
  7500K .......... .......... .......... .......... .......... 48% 25.9M 0s
  7550K .......... .......... .......... .......... .......... 48%  170M 0s
  7600K .......... .......... .......... .......... .......... 48% 8.91M 0s
  7650K .......... .......... .......... .......... .......... 49%  162M 0s
  7700K .......... .......... .......... .......... .......... 49%  234M 0s
  7750K .......... .......... .......... .......... .......... 49% 11.5M 0s
  7800K .......... .......... .......... .......... .......... 50%  226M 0s
  7850K .......... .......... .......... .......... .......... 50%  248M 0s
  7900K .......... .......... .......... .......... .......... 50%  230M 0s
  7950K .......... .......... .......... .......... .......... 51% 29.9M 0s
  8000K .......... .......... .......... .......... .......... 51% 32.2M 0s
  8050K .......... .......... .......... .......... .......... 51% 21.5M 0s
  8100K .......... .......... .......... .......... .......... 52% 21.9M 0s
  8150K .......... .......... .......... .......... .......... 52% 26.5M 0s
  8200K .......... .......... .......... .......... .......... 52% 32.2M 0s
  8250K .......... .......... .......... .......... .......... 53% 28.2M 0s
  8300K .......... .......... .......... .......... .......... 53% 15.5M 0s
  8350K .......... .......... .......... .......... .......... 53% 42.4M 0s
  8400K .......... .......... .......... .......... .......... 54% 74.3M 0s
  8450K .......... .......... .......... .......... .......... 54% 37.5M 0s
  8500K .......... .......... .......... .......... .......... 54% 62.6M 0s
  8550K .......... .......... .......... .......... .......... 55% 18.6M 0s
  8600K .......... .......... .......... .......... .......... 55% 16.2M 0s
  8650K .......... .......... .......... .......... .......... 55%  183M 0s
  8700K .......... .......... .......... .......... .......... 55% 11.9M 0s
  8750K .......... .......... .......... .......... .......... 56% 28.8M 0s
  8800K .......... .......... .......... .......... .......... 56% 74.6M 0s
  8850K .......... .......... .......... .......... .......... 56% 6.66M 0s
  8900K .......... .......... .......... .......... .......... 57% 35.7M 0s
  8950K .......... .......... .......... .......... .......... 57%  225M 0s
  9000K .......... .......... .......... .......... .......... 57% 48.9M 0s
  9050K .......... .......... .......... .......... .......... 58% 52.2M 0s
  9100K .......... .......... .......... .......... .......... 58% 53.5M 0s
  9150K .......... .......... .......... .......... .......... 58% 9.23M 0s
  9200K .......... .......... .......... .......... .......... 59% 60.5M 0s
  9250K .......... .......... .......... .......... .......... 59% 56.7M 0s
  9300K .......... .......... .......... .......... .......... 59% 62.6M 0s
  9350K .......... .......... .......... .......... .......... 60% 24.5M 0s
  9400K .......... .......... .......... .......... .......... 60% 85.8M 0s
  9450K .......... .......... .......... .......... .......... 60% 36.1M 0s
  9500K .......... .......... .......... .......... .......... 61% 41.9M 0s
  9550K .......... .......... .......... .......... .......... 61% 84.8M 0s
  9600K .......... .......... .......... .......... .......... 61% 38.8M 0s
  9650K .......... .......... .......... .......... .......... 62% 33.0M 0s
  9700K .......... .......... .......... .......... .......... 62% 58.6M 0s
  9750K .......... .......... .......... .......... .......... 62% 36.9M 0s
  9800K .......... .......... .......... .......... .......... 63% 59.2M 0s
  9850K .......... .......... .......... .......... .......... 63% 20.8M 0s
  9900K .......... .......... .......... .......... .......... 63% 69.8M 0s
  9950K .......... .......... .......... .......... .......... 63% 14.3M 0s
 10000K .......... .......... .......... .......... .......... 64% 61.0M 0s
 10050K .......... .......... .......... .......... .......... 64% 16.9M 0s
 10100K .......... .......... .......... .......... .......... 64% 45.7M 0s
 10150K .......... .......... .......... .......... .......... 65%  107M 0s
 10200K .......... .......... .......... .......... .......... 65% 16.4M 0s
 10250K .......... .......... .......... .......... .......... 65% 57.3M 0s
 10300K .......... .......... .......... .......... .......... 66% 12.8M 0s
 10350K .......... .......... .......... .......... .......... 66% 47.7M 0s
 10400K .......... .......... .......... .......... .......... 66% 66.1M 0s
 10450K .......... .......... .......... .......... .......... 67% 21.7M 0s
 10500K .......... .......... .......... .......... .......... 67% 62.7M 0s
 10550K .......... .......... .......... .......... .......... 67% 34.5M 0s
 10600K .......... .......... .......... .......... .......... 68% 61.5M 0s
 10650K .......... .......... .......... .......... .......... 68% 61.4M 0s
 10700K .......... .......... .......... .......... .......... 68% 26.5M 0s
 10750K .......... .......... .......... .......... .......... 69% 11.1M 0s
 10800K .......... .......... .......... .......... .......... 69%  123M 0s
 10850K .......... .......... .......... .......... .......... 69%  174M 0s
 10900K .......... .......... .......... .......... .......... 70%  165M 0s
 10950K .......... .......... .......... .......... .......... 70%  174M 0s
 11000K .......... .......... .......... .......... .......... 70% 33.3M 0s
 11050K .......... .......... .......... .......... .......... 71% 62.9M 0s
 11100K .......... .......... .......... .......... .......... 71% 29.4M 0s
 11150K .......... .......... .......... .......... .......... 71% 12.5M 0s
 11200K .......... .......... .......... .......... .......... 71%  115M 0s
 11250K .......... .......... .......... .......... .......... 72% 39.5M 0s
 11300K .......... .......... .......... .......... .......... 72% 31.7M 0s
 11350K .......... .......... .......... .......... .......... 72% 64.7M 0s
 11400K .......... .......... .......... .......... .......... 73% 62.2M 0s
 11450K .......... .......... .......... .......... .......... 73% 37.3M 0s
 11500K .......... .......... .......... .......... .......... 73% 59.3M 0s
 11550K .......... .......... .......... .......... .......... 74% 10.2M 0s
 11600K .......... .......... .......... .......... .......... 74% 59.0M 0s
 11650K .......... .......... .......... .......... .......... 74% 36.7M 0s
 11700K .......... .......... .......... .......... .......... 75% 47.8M 0s
 11750K .......... .......... .......... .......... .......... 75% 58.5M 0s
 11800K .......... .......... .......... .......... .......... 75% 17.2M 0s
 11850K .......... .......... .......... .......... .......... 76% 64.1M 0s
 11900K .......... .......... .......... .......... .......... 76% 62.9M 0s
 11950K .......... .......... .......... .......... .......... 76% 30.6M 0s
 12000K .......... .......... .......... .......... .......... 77% 62.0M 0s
 12050K .......... .......... .......... .......... .......... 77% 17.1M 0s
 12100K .......... .......... .......... .......... .......... 77% 62.0M 0s
 12150K .......... .......... .......... .......... .......... 78% 59.1M 0s
 12200K .......... .......... .......... .......... .......... 78% 29.8M 0s
 12250K .......... .......... .......... .......... .......... 78% 7.32M 0s
 12300K .......... .......... .......... .......... .......... 79% 67.2M 0s
 12350K .......... .......... .......... .......... .......... 79% 45.9M 0s
 12400K .......... .......... .......... .......... .......... 79% 38.1M 0s
 12450K .......... .......... .......... .......... .......... 79% 68.5M 0s
 12500K .......... .......... .......... .......... .......... 80% 59.0M 0s
 12550K .......... .......... .......... .......... .......... 80% 15.2M 0s
 12600K .......... .......... .......... .......... .......... 80% 76.8M 0s
 12650K .......... .......... .......... .......... .......... 81% 24.3M 0s
 12700K .......... .......... .......... .......... .......... 81% 60.9M 0s
 12750K .......... .......... .......... .......... .......... 81% 62.6M 0s
 12800K .......... .......... .......... .......... .......... 82% 59.1M 0s
 12850K .......... .......... .......... .......... .......... 82% 7.87M 0s
 12900K .......... .......... .......... .......... .......... 82% 61.7M 0s
 12950K .......... .......... .......... .......... .......... 83% 54.5M 0s
 13000K .......... .......... .......... .......... .......... 83% 20.5M 0s
 13050K .......... .......... .......... .......... .......... 83% 64.6M 0s
 13100K .......... .......... .......... .......... .......... 84% 46.6M 0s
 13150K .......... .......... .......... .......... .......... 84% 79.7M 0s
 13200K .......... .......... .......... .......... .......... 84% 28.5M 0s
 13250K .......... .......... .......... .......... .......... 85% 57.4M 0s
 13300K .......... .......... .......... .......... .......... 85% 47.9M 0s
 13350K .......... .......... .......... .......... .......... 85% 20.7M 0s
 13400K .......... .......... .......... .......... .......... 86% 58.8M 0s
 13450K .......... .......... .......... .......... .......... 86% 61.7M 0s
 13500K .......... .......... .......... .......... .......... 86% 20.6M 0s
 13550K .......... .......... .......... .......... .......... 87% 60.1M 0s
 13600K .......... .......... .......... .......... .......... 87% 52.3M 0s
 13650K .......... .......... .......... .......... .......... 87% 58.6M 0s
 13700K .......... .......... .......... .......... .......... 87% 15.7M 0s
 13750K .......... .......... .......... .......... .......... 88% 61.9M 0s
 13800K .......... .......... .......... .......... .......... 88% 59.7M 0s
 13850K .......... .......... .......... .......... .......... 88% 24.2M 0s
 13900K .......... .......... .......... .......... .......... 89% 61.7M 0s
 13950K .......... .......... .......... .......... .......... 89% 62.0M 0s
 14000K .......... .......... .......... .......... .......... 89% 10.4M 0s
 14050K .......... .......... .......... .......... .......... 90% 61.9M 0s
 14100K .......... .......... .......... .......... .......... 90% 17.2M 0s
 14150K .......... .......... .......... .......... .......... 90%  190M 0s
 14200K .......... .......... .......... .......... .......... 91%  209M 0s
 14250K .......... .......... .......... .......... .......... 91% 63.7M 0s
 14300K .......... .......... .......... .......... .......... 91% 39.9M 0s
 14350K .......... .......... .......... .......... .......... 92% 56.5M 0s
 14400K .......... .......... .......... .......... .......... 92% 63.7M 0s
 14450K .......... .......... .......... .......... .......... 92% 25.3M 0s
 14500K .......... .......... .......... .......... .......... 93% 59.0M 0s
 14550K .......... .......... .......... .......... .......... 93% 65.0M 0s
 14600K .......... .......... .......... .......... .......... 93%  112M 0s
 14650K .......... .......... .......... .......... .......... 94% 8.97M 0s
 14700K .......... .......... .......... .......... .......... 94% 44.5M 0s
 14750K .......... .......... .......... .......... .......... 94% 7.42M 0s
 14800K .......... .......... .......... .......... .......... 95%  226M 0s
 14850K .......... .......... .......... .......... .......... 95%  262M 0s
 14900K .......... .......... .......... .......... .......... 95% 37.8M 0s
 14950K .......... .......... .......... .......... .......... 95% 21.3M 0s
 15000K .......... .......... .......... .......... .......... 96% 18.2M 0s
 15050K .......... .......... .......... .......... .......... 96% 60.5M 0s
 15100K .......... .......... .......... .......... .......... 96% 58.2M 0s
 15150K .......... .......... .......... .......... .......... 97% 10.8M 0s
 15200K .......... .......... .......... .......... .......... 97%  213M 0s
 15250K .......... .......... .......... .......... .......... 97%  254M 0s
 15300K .......... .......... .......... .......... .......... 98% 45.2M 0s
 15350K .......... .......... .......... .......... .......... 98% 4.39M 0s
 15400K .......... .......... .......... .......... .......... 98%  126M 0s
 15450K .......... .......... .......... .......... .......... 99%  229M 0s
 15500K .......... .......... .......... .......... .......... 99%  260M 0s
 15550K .......... .......... .......... .......... .......... 99% 23.3M 0s
 15600K .......... .......... .....                           100% 80.7M=0.6s

2026-01-27 17:42:56 (27.5 MB/s) - ‘/home/rokey/turtlebot4_ws/build/multirobot_map_merge/2012-01-28-11-12-01.pgm’ saved [16000058/16000058]

Checking MD5 sum of /home/rokey/turtlebot4_ws/build/multirobot_map_merge/2012-01-28-11-12-01.pgm
/home/rokey/turtlebot4_ws/build/multirobot_map_merge/2012-01-28-11-12-01.pgm: OK
-- Found gtest sources under '/opt/ros/humble/src/gtest_vendor': C++ tests using 'Google Test' will be built
-- Added test 'cppcheck' to perform static code analysis on C / C++ code
-- Configured cppcheck include dirs: /home/rokey/turtlebot4_ws/src/m-explore-ros2/map_merge/include;$<BUILD_INTERFACE:/home/rokey/turtlebot4_ws/src/m-explore-ros2/map_merge/include>
-- Configured cppcheck exclude dirs and/or files: 
-- Added test 'flake8' to check Python code syntax and style conventions
-- Added test 'lint_cmake' to check CMake code style
-- Added test 'pep257' to check Python code against some of the docstring style conventions in PEP 257
-- Added test 'uncrustify' to check C / C++ code style
-- Configured uncrustify additional arguments: 
-- Added test 'xmllint' to check XML markup files
-- Configuring done
-- Generating done
-- Build files have been written to: /home/rokey/turtlebot4_ws/build/multirobot_map_merge
[  8%] [32mBuilding CXX object gtest/CMakeFiles/gtest.dir/src/gtest-all.cc.o[0m
[ 16%] [32mBuilding CXX object CMakeFiles/combine_grids.dir/src/combine_grids/grid_compositor.cpp.o[0m
[ 25%] [32mBuilding CXX object CMakeFiles/combine_grids.dir/src/combine_grids/grid_warper.cpp.o[0m
[ 33%] [32mBuilding CXX object CMakeFiles/combine_grids.dir/src/combine_grids/merging_pipeline.cpp.o[0m
[ 41%] [32mBuilding CXX object gtest/CMakeFiles/gtest_main.dir/src/gtest_main.cc.o[0m
[ 50%] [32m[1mLinking CXX static library libgtest_main.a[0m
[ 50%] Built target gtest_main
[ 58%] [32m[1mLinking CXX static library libgtest.a[0m
[ 58%] Built target gtest
[ 66%] [32m[1mLinking CXX static library libcombine_grids.a[0m
[ 66%] Built target combine_grids
[ 75%] [32mBuilding CXX object CMakeFiles/map_merge.dir/src/map_merge.cpp.o[0m
[ 83%] [32mBuilding CXX object CMakeFiles/test_merging_pipeline.dir/test/test_merging_pipeline.cpp.o[0m
[ 91%] [32m[1mLinking CXX executable test_merging_pipeline[0m
[ 91%] Built target test_merging_pipeline
[100%] [32m[1mLinking CXX executable map_merge[0m
[100%] Built target map_merge
-- Install configuration: ""
-- Execute custom install script
-- Symlinking: /home/rokey/turtlebot4_ws/install/multirobot_map_merge/include/map_merge//map_merge.h
-- Symlinking: /home/rokey/turtlebot4_ws/install/multirobot_map_merge/include/map_merge//ros1_names.hpp
-- Symlinking: /home/rokey/turtlebot4_ws/install/multirobot_map_merge/share/multirobot_map_merge/launch/from_map_server.launch.py
-- Symlinking: /home/rokey/turtlebot4_ws/install/multirobot_map_merge/share/multirobot_map_merge/launch/map_merge.launch.py
-- Symlinking: /home/rokey/turtlebot4_ws/install/multirobot_map_merge/share/multirobot_map_merge/launch/map_merge.rviz
-- Symlinking: /home/rokey/turtlebot4_ws/install/multirobot_map_merge/share/multirobot_map_merge/launch/tb3_simulation/bringup_launch.py
-- Symlinking: /home/rokey/turtlebot4_ws/install/multirobot_map_merge/share/multirobot_map_merge/launch/tb3_simulation/config/nav2_multirobot_params_1.yaml
-- Symlinking: /home/rokey/turtlebot4_ws/install/multirobot_map_merge/share/multirobot_map_merge/launch/tb3_simulation/config/nav2_multirobot_params_2.yaml
-- Symlinking: /home/rokey/turtlebot4_ws/install/multirobot_map_merge/share/multirobot_map_merge/launch/tb3_simulation/multi_tb3_simulation_launch.py
-- Symlinking: /home/rokey/turtlebot4_ws/install/multirobot_map_merge/share/multirobot_map_merge/launch/tb3_simulation/slam_toolbox.py
-- Symlinking: /home/rokey/turtlebot4_ws/install/multirobot_map_merge/share/multirobot_map_merge/launch/tb3_simulation/tb3_simulation_launch.py
-- Symlinking: /home/rokey/turtlebot4_ws/install/multirobot_map_merge/share/multirobot_map_merge/launch/tb3_simulation/worlds/world_only.model
-- Symlinking: /home/rokey/turtlebot4_ws/install/multirobot_map_merge/share/multirobot_map_merge/config/params.yaml
-- Symlinking: /home/rokey/turtlebot4_ws/install/multirobot_map_merge/lib/multirobot_map_merge/map_merge
-- Symlinking: /home/rokey/turtlebot4_ws/install/multirobot_map_merge/share/multirobot_map_merge/environment/library_path.sh
-- Symlinking: /home/rokey/turtlebot4_ws/install/multirobot_map_merge/share/multirobot_map_merge/environment/library_path.dsv
-- Symlinking: /home/rokey/turtlebot4_ws/install/multirobot_map_merge/share/ament_index/resource_index/package_run_dependencies/multirobot_map_merge
-- Symlinking: /home/rokey/turtlebot4_ws/install/multirobot_map_merge/share/ament_index/resource_index/parent_prefix_path/multirobot_map_merge
-- Symlinking: /home/rokey/turtlebot4_ws/install/multirobot_map_merge/share/multirobot_map_merge/environment/ament_prefix_path.sh
-- Symlinking: /home/rokey/turtlebot4_ws/install/multirobot_map_merge/share/multirobot_map_merge/environment/ament_prefix_path.dsv
-- Symlinking: /home/rokey/turtlebot4_ws/install/multirobot_map_merge/share/multirobot_map_merge/environment/path.sh
-- Symlinking: /home/rokey/turtlebot4_ws/install/multirobot_map_merge/share/multirobot_map_merge/environment/path.dsv
-- Symlinking: /home/rokey/turtlebot4_ws/install/multirobot_map_merge/share/multirobot_map_merge/local_setup.bash
-- Symlinking: /home/rokey/turtlebot4_ws/install/multirobot_map_merge/share/multirobot_map_merge/local_setup.sh
-- Symlinking: /home/rokey/turtlebot4_ws/install/multirobot_map_merge/share/multirobot_map_merge/local_setup.zsh
-- Symlinking: /home/rokey/turtlebot4_ws/install/multirobot_map_merge/share/multirobot_map_merge/local_setup.dsv
-- Symlinking: /home/rokey/turtlebot4_ws/install/multirobot_map_merge/share/multirobot_map_merge/package.dsv
-- Symlinking: /home/rokey/turtlebot4_ws/install/multirobot_map_merge/share/ament_index/resource_index/packages/multirobot_map_merge
-- Symlinking: /home/rokey/turtlebot4_ws/install/multirobot_map_merge/share/multirobot_map_merge/cmake/ament_cmake_export_include_directories-extras.cmake
-- Symlinking: /home/rokey/turtlebot4_ws/install/multirobot_map_merge/share/multirobot_map_merge/cmake/ament_cmake_export_libraries-extras.cmake
-- Symlinking: /home/rokey/turtlebot4_ws/install/multirobot_map_merge/share/multirobot_map_merge/cmake/multirobot_map_mergeConfig.cmake
-- Symlinking: /home/rokey/turtlebot4_ws/install/multirobot_map_merge/share/multirobot_map_merge/cmake/multirobot_map_mergeConfig-version.cmake
-- Symlinking: /home/rokey/turtlebot4_ws/install/multirobot_map_merge/share/multirobot_map_merge/package.xml
-- Installing: /home/rokey/turtlebot4_ws/install/multirobot_map_merge/lib/libcombine_grids.a
