[0.021s] Invoking command in '/home/rokey/turtlebot4_ws/build/multirobot_map_merge': CMAKE_PREFIX_PATH=/opt/ros/humble /usr/bin/cmake /home/rokey/turtlebot4_ws/src/m-explore-ros2/map_merge -DAMENT_CMAKE_SYMLINK_INSTALL=1 -DCMAKE_INSTALL_PREFIX=/home/rokey/turtlebot4_ws/install/multirobot_map_merge
[0.096s] -- The C compiler identification is GNU 11.4.0
[0.172s] -- The CXX compiler identification is GNU 11.4.0
[0.182s] -- Detecting C compiler ABI info
[0.268s] -- Detecting C compiler ABI info - done
[0.280s] -- Check for working C compiler: /usr/bin/cc - skipped
[0.280s] -- Detecting C compile features
[0.280s] -- Detecting C compile features - done
[0.284s] -- Detecting CXX compiler ABI info
[0.387s] -- Detecting CXX compiler ABI info - done
[0.397s] -- Check for working CXX compiler: /usr/bin/c++ - skipped
[0.397s] -- Detecting CXX compile features
[0.398s] -- Detecting CXX compile features - done
[0.401s] -- Found ament_cmake: 1.3.12 (/opt/ros/humble/share/ament_cmake/cmake)
[0.586s] -- Found Python3: /usr/bin/python3 (found version "3.10.12") found components: Interpreter 
[0.680s] -- Override CMake install command with custom implementation using symlinks instead of copying resources
[0.721s] -- Found rclcpp: 16.0.17 (/opt/ros/humble/share/rclcpp/cmake)
[0.787s] -- Found rosidl_generator_c: 3.1.8 (/opt/ros/humble/share/rosidl_generator_c/cmake)
[0.791s] -- Found rosidl_adapter: 3.1.8 (/opt/ros/humble/share/rosidl_adapter/cmake)
[0.800s] -- Found rosidl_generator_cpp: 3.1.8 (/opt/ros/humble/share/rosidl_generator_cpp/cmake)
[0.812s] -- Using all available rosidl_typesupport_c: rosidl_typesupport_fastrtps_c;rosidl_typesupport_introspection_c
[0.827s] -- Using all available rosidl_typesupport_cpp: rosidl_typesupport_fastrtps_cpp;rosidl_typesupport_introspection_cpp
[0.873s] -- Found rmw_implementation_cmake: 6.1.2 (/opt/ros/humble/share/rmw_implementation_cmake/cmake)
[0.876s] -- Found rmw_fastrtps_cpp: 6.2.9 (/opt/ros/humble/share/rmw_fastrtps_cpp/cmake)
[0.975s] -- Found OpenSSL: /usr/lib/x86_64-linux-gnu/libcrypto.so (found version "3.0.2")  
[1.014s] -- Found FastRTPS: /opt/ros/humble/include  
[1.066s] -- Using RMW implementation 'rmw_fastrtps_cpp' as default
[1.074s] -- Looking for pthread.h
[1.158s] -- Looking for pthread.h - found
[1.158s] -- Performing Test CMAKE_HAVE_LIBC_PTHREAD
[1.244s] -- Performing Test CMAKE_HAVE_LIBC_PTHREAD - Success
[1.245s] -- Found Threads: TRUE  
[1.306s] -- Found geometry_msgs: 4.9.0 (/opt/ros/humble/share/geometry_msgs/cmake)
[1.325s] -- Found image_geometry: 3.2.1 (/opt/ros/humble/share/image_geometry/cmake)
[1.374s] -- Found map_msgs: 2.1.0 (/opt/ros/humble/share/map_msgs/cmake)
[1.433s] -- Found tf2_geometry_msgs: 0.25.18 (/opt/ros/humble/share/tf2_geometry_msgs/cmake)
[1.451s] -- Found eigen3_cmake_module: 0.1.1 (/opt/ros/humble/share/eigen3_cmake_module/cmake)
[1.453s] -- Found Eigen3: TRUE (found version "3.4.0") 
[1.453s] -- Ensuring Eigen3 include directory is part of orocos-kdl CMake target
[1.650s] -- Found Boost: /usr/lib/x86_64-linux-gnu/cmake/Boost-1.74.0/BoostConfig.cmake (found version "1.74.0") found components: thread 
[1.658s] -- Found OpenCV: /usr (found version "4.5.4") 
[1.671s] -- Found ament_lint_auto: 0.12.14 (/opt/ros/humble/share/ament_lint_auto/cmake)
[1.748s] -- Found ament_cmake_gtest: 1.3.12 (/opt/ros/humble/share/ament_cmake_gtest/cmake)
[1.754s] --2026-01-27 17:42:54--  https://raw.githubusercontent.com/hrnr/m-explore-extra/master/map_merge/hector_maps/map00.pgm
[1.758s] Resolving raw.githubusercontent.com (raw.githubusercontent.com)... 185.199.108.133, 185.199.109.133, 185.199.110.133, ...
[1.762s] Connecting to raw.githubusercontent.com (raw.githubusercontent.com)|185.199.108.133|:443... connected.
[1.784s] HTTP request sent, awaiting response... 200 OK
[1.784s] Length: 4194362 (4.0M) [application/octet-stream]
[1.784s] Saving to: ‘/home/rokey/turtlebot4_ws/build/multirobot_map_merge/map00.pgm’
[1.784s] 
[1.788s]      0K .......... .......... .......... .......... ..........  1% 10.7M 0s
[1.790s]     50K .......... .......... .......... .......... ..........  2% 24.7M 0s
[1.794s]    100K .......... .......... .......... .......... ..........  3% 13.5M 0s
[1.796s]    150K .......... .......... .......... .......... ..........  4% 20.4M 0s
[1.797s]    200K .......... .......... .......... .......... ..........  6% 86.9M 0s
[1.798s]    250K .......... .......... .......... .......... ..........  7% 49.4M 0s
[1.800s]    300K .......... .......... .......... .......... ..........  8% 19.5M 0s
[1.803s]    350K .......... .......... .......... .......... ..........  9% 22.1M 0s
[1.804s]    400K .......... .......... .......... .......... .......... 10% 25.7M 0s
[1.807s]    450K .......... .......... .......... .......... .......... 12% 20.4M 0s
[1.807s]    500K .......... .......... .......... .......... .......... 13%  109M 0s
[1.808s]    550K .......... .......... .......... .......... .......... 14% 47.4M 0s
[1.809s]    600K .......... .......... .......... .......... .......... 15% 42.9M 0s
[1.811s]    650K .......... .......... .......... .......... .......... 17% 29.0M 0s
[1.811s]    700K .......... .......... .......... .......... .......... 18%  102M 0s
[1.813s]    750K .......... .......... .......... .......... .......... 19% 41.5M 0s
[1.814s]    800K .......... .......... .......... .......... .......... 20% 48.2M 0s
[1.815s]    850K .......... .......... .......... .......... .......... 21% 96.0M 0s
[1.815s]    900K .......... .......... .......... .......... .......... 23% 37.1M 0s
[1.817s]    950K .......... .......... .......... .......... .......... 24% 36.0M 0s
[1.821s]   1000K .......... .......... .......... .......... .......... 25% 12.7M 0s
[1.821s]   1050K .......... .......... .......... .......... .......... 26%  115M 0s
[1.822s]   1100K .......... .......... .......... .......... .......... 28% 83.8M 0s
[1.823s]   1150K .......... .......... .......... .......... .......... 29% 43.5M 0s
[1.825s]   1200K .......... .......... .......... .......... .......... 30% 26.1M 0s
[1.826s]   1250K .......... .......... .......... .......... .......... 31% 90.3M 0s
[1.826s]   1300K .......... .......... .......... .......... .......... 32% 36.4M 0s
[1.827s]   1350K .......... .......... .......... .......... .......... 34% 49.2M 0s
[1.828s]   1400K .......... .......... .......... .......... .......... 35% 85.7M 0s
[1.829s]   1450K .......... .......... .......... .......... .......... 36% 42.3M 0s
[1.830s]   1500K .......... .......... .......... .......... .......... 37% 90.0M 0s
[1.831s]   1550K .......... .......... .......... .......... .......... 39% 39.0M 0s
[1.832s]   1600K .......... .......... .......... .......... .......... 40% 41.6M 0s
[1.834s]   1650K .......... .......... .......... .......... .......... 41% 20.6M 0s
[1.837s]   1700K .......... .......... .......... .......... .......... 42% 19.6M 0s
[1.838s]   1750K .......... .......... .......... .......... .......... 43% 86.4M 0s
[1.839s]   1800K .......... .......... .......... .......... .......... 45% 42.6M 0s
[1.840s]   1850K .......... .......... .......... .......... .......... 46% 47.8M 0s
[1.841s]   1900K .......... .......... .......... .......... .......... 47% 48.2M 0s
[1.843s]   1950K .......... .......... .......... .......... .......... 48% 31.8M 0s
[1.844s]   2000K .......... .......... .......... .......... .......... 50% 25.1M 0s
[1.845s]   2050K .......... .......... .......... .......... .......... 51% 42.8M 0s
[1.847s]   2100K .......... .......... .......... .......... .......... 52% 36.4M 0s
[1.848s]   2150K .......... .......... .......... .......... .......... 53% 45.9M 0s
[1.851s]   2200K .......... .......... .......... .......... .......... 54% 24.8M 0s
[1.855s]   2250K .......... .......... .......... .......... .......... 56% 9.98M 0s
[1.856s]   2300K .......... .......... .......... .......... .......... 57% 39.7M 0s
[1.857s]   2350K .......... .......... .......... .......... .......... 58% 80.2M 0s
[1.857s]   2400K .......... .......... .......... .......... .......... 59% 62.0M 0s
[1.858s]   2450K .......... .......... .......... .......... .......... 61% 85.4M 0s
[1.859s]   2500K .......... .......... .......... .......... .......... 62% 72.9M 0s
[1.860s]   2550K .......... .......... .......... .......... .......... 63% 43.8M 0s
[1.861s]   2600K .......... .......... .......... .......... .......... 64% 85.3M 0s
[1.861s]   2650K .......... .......... .......... .......... .......... 65% 97.3M 0s
[1.863s]   2700K .......... .......... .......... .......... .......... 67% 53.8M 0s
[1.863s]   2750K .......... .......... .......... .......... .......... 68% 93.1M 0s
[1.863s]   2800K .......... .......... .......... .......... .......... 69% 89.8M 0s
[1.867s]   2850K .......... .......... .......... .......... .......... 70% 13.0M 0s
[1.869s]   2900K .......... .......... .......... .......... .......... 72% 81.0M 0s
[1.869s]   2950K .......... .......... .......... .......... .......... 73% 41.4M 0s
[1.870s]   3000K .......... .......... .......... .......... .......... 74% 46.5M 0s
[1.872s]   3050K .......... .......... .......... .......... .......... 75% 27.7M 0s
[1.872s]   3100K .......... .......... .......... .......... .......... 76% 80.4M 0s
[1.875s]   3150K .......... .......... .......... .......... .......... 78% 31.0M 0s
[1.875s]   3200K .......... .......... .......... .......... .......... 79% 68.4M 0s
[1.875s]   3250K .......... .......... .......... .......... .......... 80% 36.5M 0s
[1.878s]   3300K .......... .......... .......... .......... .......... 81% 18.6M 0s
[1.879s]   3350K .......... .......... .......... .......... .......... 83% 91.7M 0s
[1.880s]   3400K .......... .......... .......... .......... .......... 84% 30.8M 0s
[1.885s]   3450K .......... .......... .......... .......... .......... 85% 22.0M 0s
[1.885s]   3500K .......... .......... .......... .......... .......... 86% 92.6M 0s
[1.885s]   3550K .......... .......... .......... .......... .......... 87% 45.4M 0s
[1.886s]   3600K .......... .......... .......... .......... .......... 89% 72.6M 0s
[1.886s]   3650K .......... .......... .......... .......... .......... 90% 90.5M 0s
[1.886s]   3700K .......... .......... .......... .......... .......... 91% 48.1M 0s
[1.887s]   3750K .......... .......... .......... .......... .......... 92% 91.6M 0s
[1.887s]   3800K .......... .......... .......... .......... .......... 93% 90.1M 0s
[1.888s]   3850K .......... .......... .......... .......... .......... 95% 44.0M 0s
[1.889s]   3900K .......... .......... .......... .......... .......... 96% 89.6M 0s
[1.891s]   3950K .......... .......... .......... .......... .......... 97% 24.4M 0s
[1.893s]   4000K .......... .......... .......... .......... .......... 98% 32.7M 0s
[1.893s]   4050K .......... .......... .......... .......... ......    100% 96.8M=0.1s
[1.893s] 
[1.893s] 2026-01-27 17:42:54 (36.6 MB/s) - ‘/home/rokey/turtlebot4_ws/build/multirobot_map_merge/map00.pgm’ saved [4194362/4194362]
[1.894s] 
[1.895s] Checking MD5 sum of /home/rokey/turtlebot4_ws/build/multirobot_map_merge/map00.pgm
[1.909s] /home/rokey/turtlebot4_ws/build/multirobot_map_merge/map00.pgm: OK
[1.917s] --2026-01-27 17:42:54--  https://raw.githubusercontent.com/hrnr/m-explore-extra/master/map_merge/hector_maps/map05.pgm
[1.922s] Resolving raw.githubusercontent.com (raw.githubusercontent.com)... 185.199.109.133, 185.199.111.133, 185.199.108.133, ...
[1.927s] Connecting to raw.githubusercontent.com (raw.githubusercontent.com)|185.199.109.133|:443... connected.
[1.950s] HTTP request sent, awaiting response... 200 OK
[1.950s] Length: 4194362 (4.0M) [application/octet-stream]
[1.950s] Saving to: ‘/home/rokey/turtlebot4_ws/build/multirobot_map_merge/map05.pgm’
[1.951s] 
[1.958s]      0K .......... .......... .......... .......... ..........  1% 5.75M 1s
[1.961s]     50K .......... .......... .......... .......... ..........  2% 15.7M 0s
[1.965s]    100K .......... .......... .......... .......... ..........  3% 12.9M 0s
[1.966s]    150K .......... .......... .......... .......... ..........  4% 47.4M 0s
[1.969s]    200K .......... .......... .......... .......... ..........  6% 18.2M 0s
[1.970s]    250K .......... .......... .......... .......... ..........  7% 26.6M 0s
[1.971s]    300K .......... .......... .......... .......... ..........  8% 41.5M 0s
[1.973s]    350K .......... .......... .......... .......... ..........  9% 46.2M 0s
[1.974s]    400K .......... .......... .......... .......... .......... 10% 36.7M 0s
[1.975s]    450K .......... .......... .......... .......... .......... 12% 42.6M 0s
[1.978s]    500K .......... .......... .......... .......... .......... 13% 17.7M 0s
[1.980s]    550K .......... .......... .......... .......... .......... 14% 31.3M 0s
[1.981s]    600K .......... .......... .......... .......... .......... 15% 32.8M 0s
[1.982s]    650K .......... .......... .......... .......... .......... 17% 76.7M 0s
[1.983s]    700K .......... .......... .......... .......... .......... 18% 47.6M 0s
[1.984s]    750K .......... .......... .......... .......... .......... 19% 40.8M 0s
[1.985s]    800K .......... .......... .......... .......... .......... 20% 27.0M 0s
[1.989s]    850K .......... .......... .......... .......... .......... 21% 14.6M 0s
[1.989s]    900K .......... .......... .......... .......... .......... 23% 90.7M 0s
[1.992s]    950K .......... .......... .......... .......... .......... 24% 16.7M 0s
[1.993s]   1000K .......... .......... .......... .......... .......... 25% 95.4M 0s
[1.994s]   1050K .......... .......... .......... .......... .......... 26% 39.7M 0s
[1.999s]   1100K .......... .......... .......... .......... .......... 28% 10.1M 0s
[2.000s]   1150K .......... .......... .......... .......... .......... 29% 87.3M 0s
[2.002s]   1200K .......... .......... .......... .......... .......... 30% 18.7M 0s
[2.003s]   1250K .......... .......... .......... .......... .......... 31%  101M 0s
[2.004s]   1300K .......... .......... .......... .......... .......... 32% 29.8M 0s
[2.006s]   1350K .......... .......... .......... .......... .......... 34% 31.5M 0s
[2.007s]   1400K .......... .......... .......... .......... .......... 35% 36.9M 0s
[2.008s]   1450K .......... .......... .......... .......... .......... 36% 96.2M 0s
[2.010s]   1500K .......... .......... .......... .......... .......... 37% 18.9M 0s
[2.012s]   1550K .......... .......... .......... .......... .......... 39% 22.7M 0s
[2.015s]   1600K .......... .......... .......... .......... .......... 40% 21.6M 0s
[2.015s]   1650K .......... .......... .......... .......... .......... 41% 93.7M 0s
[2.016s]   1700K .......... .......... .......... .......... .......... 42% 71.7M 0s
[2.019s]   1750K .......... .......... .......... .......... .......... 43% 18.4M 0s
[2.019s]   1800K .......... .......... .......... .......... .......... 45% 83.7M 0s
[2.022s]   1850K .......... .......... .......... .......... .......... 46% 14.9M 0s
[2.025s]   1900K .......... .......... .......... .......... .......... 47% 19.6M 0s
[2.025s]   1950K .......... .......... .......... .......... .......... 48% 94.7M 0s
[2.027s]   2000K .......... .......... .......... .......... .......... 50% 29.2M 0s
[2.028s]   2050K .......... .......... .......... .......... .......... 51% 94.9M 0s
[2.029s]   2100K .......... .......... .......... .......... .......... 52% 35.8M 0s
[2.033s]   2150K .......... .......... .......... .......... .......... 53% 11.8M 0s
[2.034s]   2200K .......... .......... .......... .......... .......... 54% 87.8M 0s
[2.037s]   2250K .......... .......... .......... .......... .......... 56% 13.9M 0s
[2.038s]   2300K .......... .......... .......... .......... .......... 57% 65.7M 0s
[2.038s]   2350K .......... .......... .......... .......... .......... 58%  111M 0s
[2.040s]   2400K .......... .......... .......... .......... .......... 59% 43.3M 0s
[2.042s]   2450K .......... .......... .......... .......... .......... 61% 18.2M 0s
[2.043s]   2500K .......... .......... .......... .......... .......... 62% 81.7M 0s
[2.043s]   2550K .......... .......... .......... .......... .......... 63% 97.6M 0s
[2.045s]   2600K .......... .......... .......... .......... .......... 64% 21.7M 0s
[2.052s]   2650K .......... .......... .......... .......... .......... 65% 17.2M 0s
[2.052s]   2700K .......... .......... .......... .......... .......... 67% 12.9M 0s
[2.053s]   2750K .......... .......... .......... .......... .......... 68% 91.7M 0s
[2.054s]   2800K .......... .......... .......... .......... .......... 69% 45.4M 0s
[2.054s]   2850K .......... .......... .......... .......... .......... 70% 85.9M 0s
[2.060s]   2900K .......... .......... .......... .......... .......... 72% 8.60M 0s
[2.061s]   2950K .......... .......... .......... .......... .......... 73% 74.7M 0s
[2.063s]   3000K .......... .......... .......... .......... .......... 74% 22.0M 0s
[2.143s]   3050K .......... .......... .......... .......... .......... 75%  623K 0s
[2.144s]   3100K .......... .......... .......... .......... .......... 76% 95.9M 0s
[2.144s]   3150K .......... .......... .......... .......... .......... 78% 97.8M 0s
[2.145s]   3200K .......... .......... .......... .......... .......... 79% 41.0M 0s
[2.146s]   3250K .......... .......... .......... .......... .......... 80% 84.6M 0s
[2.164s]   3300K .......... .......... .......... .......... .......... 81% 2.71M 0s
[2.168s]   3350K .......... .......... .......... .......... .......... 83% 10.8M 0s
[2.173s]   3400K .......... .......... .......... .......... .......... 84% 10.2M 0s
[2.181s]   3450K .......... .......... .......... .......... .......... 85% 7.14M 0s
[2.181s]   3500K .......... .......... .......... .......... .......... 86%  110M 0s
[2.181s]   3550K .......... .......... .......... .......... .......... 87%  102M 0s
[2.184s]   3600K .......... .......... .......... .......... .......... 89% 23.0M 0s
[2.184s]   3650K .......... .......... .......... .......... .......... 90% 78.2M 0s
[2.186s]   3700K .......... .......... .......... .......... .......... 91% 48.7M 0s
[2.186s]   3750K .......... .......... .......... .......... .......... 92% 44.6M 0s
[2.187s]   3800K .......... .......... .......... .......... .......... 93% 52.0M 0s
[2.190s]   3850K .......... .......... .......... .......... .......... 95% 15.2M 0s
[2.190s]   3900K .......... .......... .......... .......... .......... 96% 94.9M 0s
[2.193s]   3950K .......... .......... .......... .......... .......... 97% 20.5M 0s
[2.193s]   4000K .......... .......... .......... .......... .......... 98%  102M 0s
[2.195s]   4050K .......... .......... .......... .......... ......    100% 20.6M=0.2s
[2.195s] 
[2.195s] 2026-01-27 17:42:54 (16.3 MB/s) - ‘/home/rokey/turtlebot4_ws/build/multirobot_map_merge/map05.pgm’ saved [4194362/4194362]
[2.196s] 
[2.197s] Checking MD5 sum of /home/rokey/turtlebot4_ws/build/multirobot_map_merge/map05.pgm
[2.209s] /home/rokey/turtlebot4_ws/build/multirobot_map_merge/map05.pgm: OK
[2.215s] --2026-01-27 17:42:54--  https://raw.githubusercontent.com/hrnr/m-explore-extra/master/map_merge/gmapping_maps/2011-08-09-12-22-52.pgm
[2.218s] Resolving raw.githubusercontent.com (raw.githubusercontent.com)... 185.199.111.133, 185.199.110.133, 185.199.108.133, ...
[2.222s] Connecting to raw.githubusercontent.com (raw.githubusercontent.com)|185.199.111.133|:443... connected.
[2.499s] HTTP request sent, awaiting response... 200 OK
[2.500s] Length: 16000058 (15M) [application/octet-stream]
[2.500s] Saving to: ‘/home/rokey/turtlebot4_ws/build/multirobot_map_merge/2011-08-09-12-22-52.pgm’
[2.500s] 
[2.504s]      0K .......... .......... .......... .......... ..........  0% 10.4M 1s
[2.508s]     50K .......... .......... .......... .......... ..........  0% 12.7M 1s
[2.508s]    100K .......... .......... .......... .......... ..........  0% 62.9M 1s
[2.512s]    150K .......... .......... .......... .......... ..........  1% 14.5M 1s
[2.515s]    200K .......... .......... .......... .......... ..........  1% 14.8M 1s
[2.516s]    250K .......... .......... .......... .......... ..........  1%  106M 1s
[2.519s]    300K .......... .......... .......... .......... ..........  2% 14.0M 1s
[2.520s]    350K .......... .......... .......... .......... ..........  2% 93.3M 1s
[2.521s]    400K .......... .......... .......... .......... ..........  2% 27.9M 1s
[2.524s]    450K .......... .......... .......... .......... ..........  3% 17.3M 1s
[2.529s]    500K .......... .......... .......... .......... ..........  3% 9.88M 1s
[2.530s]    550K .......... .......... .......... .......... ..........  3%  102M 1s
[2.533s]    600K .......... .......... .......... .......... ..........  4% 16.2M 1s
[2.534s]    650K .......... .......... .......... .......... ..........  4% 49.4M 1s
[2.537s]    700K .......... .......... .......... .......... ..........  4% 17.8M 1s
[2.537s]    750K .......... .......... .......... .......... ..........  5% 88.8M 1s
[2.538s]    800K .......... .......... .......... .......... ..........  5% 58.4M 1s
[2.538s]    850K .......... .......... .......... .......... ..........  5% 97.2M 1s
[2.540s]    900K .......... .......... .......... .......... ..........  6% 37.9M 1s
[2.542s]    950K .......... .......... .......... .......... ..........  6% 26.6M 1s
[2.544s]   1000K .......... .......... .......... .......... ..........  6% 17.3M 1s
[2.549s]   1050K .......... .......... .......... .......... ..........  7% 9.80M 1s
[2.550s]   1100K .......... .......... .......... .......... ..........  7%  126M 1s
[2.551s]   1150K .......... .......... .......... .......... ..........  7% 47.2M 1s
[2.551s]   1200K .......... .......... .......... .......... ..........  7%  106M 1s
[2.552s]   1250K .......... .......... .......... .......... ..........  8% 96.4M 1s
[2.553s]   1300K .......... .......... .......... .......... ..........  8% 31.3M 1s
[2.554s]   1350K .......... .......... .......... .......... ..........  8%  113M 1s
[2.558s]   1400K .......... .......... .......... .......... ..........  9% 11.4M 1s
[2.561s]   1450K .......... .......... .......... .......... ..........  9% 16.4M 1s
[2.562s]   1500K .......... .......... .......... .......... ..........  9% 41.9M 1s
[2.563s]   1550K .......... .......... .......... .......... .......... 10% 93.6M 1s
[2.565s]   1600K .......... .......... .......... .......... .......... 10% 24.4M 1s
[2.565s]   1650K .......... .......... .......... .......... .......... 10%  103M 1s
[2.566s]   1700K .......... .......... .......... .......... .......... 11% 41.6M 1s
[2.572s]   1750K .......... .......... .......... .......... .......... 11% 9.13M 1s
[2.573s]   1800K .......... .......... .......... .......... .......... 11% 48.1M 1s
[2.574s]   1850K .......... .......... .......... .......... .......... 12% 45.5M 1s
[2.574s]   1900K .......... .......... .......... .......... .......... 12%  104M 1s
[2.575s]   1950K .......... .......... .......... .......... .......... 12% 91.2M 1s
[2.576s]   2000K .......... .......... .......... .......... .......... 13% 49.8M 1s
[2.576s]   2050K .......... .......... .......... .......... .......... 13% 81.5M 0s
[2.580s]   2100K .......... .......... .......... .......... .......... 13% 14.9M 1s
[2.580s]   2150K .......... .......... .......... .......... .......... 14% 70.0M 0s
[2.583s]   2200K .......... .......... .......... .......... .......... 14% 17.4M 0s
[2.584s]   2250K .......... .......... .......... .......... .......... 14% 93.4M 0s
[2.584s]   2300K .......... .......... .......... .......... .......... 15% 98.3M 0s
[2.589s]   2350K .......... .......... .......... .......... .......... 15% 11.2M 0s
[2.589s]   2400K .......... .......... .......... .......... .......... 15%  100M 0s
[2.589s]   2450K .......... .......... .......... .......... .......... 15% 89.9M 0s
[2.590s]   2500K .......... .......... .......... .......... .......... 16% 51.5M 0s
[2.591s]   2550K .......... .......... .......... .......... .......... 16%  108M 0s
[2.595s]   2600K .......... .......... .......... .......... .......... 16% 14.4M 0s
[2.595s]   2650K .......... .......... .......... .......... .......... 17% 93.8M 0s
[2.598s]   2700K .......... .......... .......... .......... .......... 17% 14.0M 0s
[2.599s]   2750K .......... .......... .......... .......... .......... 17%  121M 0s
[2.601s]   2800K .......... .......... .......... .......... .......... 18% 25.8M 0s
[2.601s]   2850K .......... .......... .......... .......... .......... 18%  103M 0s
[2.601s]   2900K .......... .......... .......... .......... .......... 18% 89.4M 0s
[2.606s]   2950K .......... .......... .......... .......... .......... 19% 10.6M 0s
[2.606s]   3000K .......... .......... .......... .......... .......... 19%  171M 0s
[2.607s]   3050K .......... .......... .......... .......... .......... 19%  191M 0s
[2.607s]   3100K .......... .......... .......... .......... .......... 20%  136M 0s
[2.607s]   3150K .......... .......... .......... .......... .......... 20%  184M 0s
[2.608s]   3200K .......... .......... .......... .......... .......... 20%  163M 0s
[2.612s]   3250K .......... .......... .......... .......... .......... 21% 10.3M 0s
[2.613s]   3300K .......... .......... .......... .......... .......... 21%  115M 0s
[2.613s]   3350K .......... .......... .......... .......... .......... 21% 94.7M 0s
[2.617s]   3400K .......... .......... .......... .......... .......... 22% 14.3M 0s
[2.617s]   3450K .......... .......... .......... .......... .......... 22%  101M 0s
[2.618s]   3500K .......... .......... .......... .......... .......... 22%  100M 0s
[2.620s]   3550K .......... .......... .......... .......... .......... 23% 25.6M 0s
[2.620s]   3600K .......... .......... .......... .......... .......... 23% 93.1M 0s
[2.623s]   3650K .......... .......... .......... .......... .......... 23% 17.4M 0s
[2.623s]   3700K .......... .......... .......... .......... .......... 23% 83.8M 0s
[2.624s]   3750K .......... .......... .......... .......... .......... 24%  102M 0s
[2.625s]   3800K .......... .......... .......... .......... .......... 24% 45.6M 0s
[2.629s]   3850K .......... .......... .......... .......... .......... 24% 13.8M 0s
[2.629s]   3900K .......... .......... .......... .......... .......... 25% 95.8M 0s
[2.632s]   3950K .......... .......... .......... .......... .......... 25% 17.7M 0s
[2.632s]   4000K .......... .......... .......... .......... .......... 25% 78.2M 0s
[2.634s]   4050K .......... .......... .......... .......... .......... 26% 47.0M 0s
[2.639s]   4100K .......... .......... .......... .......... .......... 26% 9.51M 0s
[2.639s]   4150K .......... .......... .......... .......... .......... 26%  131M 0s
[2.640s]   4200K .......... .......... .......... .......... .......... 27% 98.0M 0s
[2.640s]   4250K .......... .......... .......... .......... .......... 27% 91.9M 0s
[2.641s]   4300K .......... .......... .......... .......... .......... 27% 42.1M 0s
[2.642s]   4350K .......... .......... .......... .......... .......... 28% 79.7M 0s
[2.642s]   4400K .......... .......... .......... .......... .......... 28% 96.2M 0s
[2.644s]   4450K .......... .......... .......... .......... .......... 28% 27.1M 0s
[2.645s]   4500K .......... .......... .......... .......... .......... 29% 97.8M 0s
[2.646s]   4550K .......... .......... .......... .......... .......... 29% 45.2M 0s
[2.649s]   4600K .......... .......... .......... .......... .......... 29% 13.4M 0s
[2.650s]   4650K .......... .......... .......... .......... .......... 30%  109M 0s
[2.653s]   4700K .......... .......... .......... .......... .......... 30% 19.1M 0s
[2.653s]   4750K .......... .......... .......... .......... .......... 30% 68.4M 0s
[2.657s]   4800K .......... .......... .......... .......... .......... 31% 13.9M 0s
[2.657s]   4850K .......... .......... .......... .......... .......... 31%  124M 0s
[2.657s]   4900K .......... .......... .......... .......... .......... 31%  105M 0s
[2.659s]   4950K .......... .......... .......... .......... .......... 31% 45.3M 0s
[2.659s]   5000K .......... .......... .......... .......... .......... 32% 80.6M 0s
[2.660s]   5050K .......... .......... .......... .......... .......... 32% 43.1M 0s
[2.661s]   5100K .......... .......... .......... .......... .......... 32%  101M 0s
[2.663s]   5150K .......... .......... .......... .......... .......... 33% 28.0M 0s
[2.663s]   5200K .......... .......... .......... .......... .......... 33% 82.9M 0s
[2.665s]   5250K .......... .......... .......... .......... .......... 33% 39.1M 0s
[2.665s]   5300K .......... .......... .......... .......... .......... 34%  108M 0s
[2.667s]   5350K .......... .......... .......... .......... .......... 34% 26.7M 0s
[2.667s]   5400K .......... .......... .......... .......... .......... 34% 88.4M 0s
[2.668s]   5450K .......... .......... .......... .......... .......... 35%  102M 0s
[2.674s]   5500K .......... .......... .......... .......... .......... 35% 7.37M 0s
[2.675s]   5550K .......... .......... .......... .......... .......... 35% 86.2M 0s
[2.675s]   5600K .......... .......... .......... .......... .......... 36%  121M 0s
[2.678s]   5650K .......... .......... .......... .......... .......... 36% 20.2M 0s
[2.678s]   5700K .......... .......... .......... .......... .......... 36% 76.7M 0s
[2.679s]   5750K .......... .......... .......... .......... .......... 37% 69.9M 0s
[2.680s]   5800K .......... .......... .......... .......... .......... 37% 52.9M 0s
[2.680s]   5850K .......... .......... .......... .......... .......... 37% 99.3M 0s
[2.681s]   5900K .......... .......... .......... .......... .......... 38% 93.8M 0s
[2.682s]   5950K .......... .......... .......... .......... .......... 38% 40.0M 0s
[2.683s]   6000K .......... .......... .......... .......... .......... 38% 90.6M 0s
[2.685s]   6050K .......... .......... .......... .......... .......... 39% 48.4M 0s
[2.685s]   6100K .......... .......... .......... .......... .......... 39%  100M 0s
[2.686s]   6150K .......... .......... .......... .......... .......... 39% 30.4M 0s
[2.688s]   6200K .......... .......... .......... .......... .......... 39% 21.6M 0s
[2.688s]   6250K .......... .......... .......... .......... .......... 40%  115M 0s
[2.691s]   6300K .......... .......... .......... .......... .......... 40% 21.4M 0s
[2.692s]   6350K .......... .......... .......... .......... .......... 40% 70.3M 0s
[2.692s]   6400K .......... .......... .......... .......... .......... 41% 57.7M 0s
[2.695s]   6450K .......... .......... .......... .......... .......... 41% 20.4M 0s
[2.695s]   6500K .......... .......... .......... .......... .......... 41%  118M 0s
[2.696s]   6550K .......... .......... .......... .......... .......... 42%  118M 0s
[2.699s]   6600K .......... .......... .......... .......... .......... 42% 45.1M 0s
[2.699s]   6650K .......... .......... .......... .......... .......... 42% 20.5M 0s
[2.699s]   6700K .......... .......... .......... .......... .......... 43% 96.1M 0s
[2.701s]   6750K .......... .......... .......... .......... .......... 43% 32.7M 0s
[2.703s]   6800K .......... .......... .......... .......... .......... 43% 20.7M 0s
[2.704s]   6850K .......... .......... .......... .......... .......... 44% 92.6M 0s
[2.705s]   6900K .......... .......... .......... .......... .......... 44% 70.1M 0s
[2.706s]   6950K .......... .......... .......... .......... .......... 44% 57.5M 0s
[2.706s]   7000K .......... .......... .......... .......... .......... 45%  106M 0s
[2.707s]   7050K .......... .......... .......... .......... .......... 45% 41.9M 0s
[2.709s]   7100K .......... .......... .......... .......... .......... 45% 28.0M 0s
[2.709s]   7150K .......... .......... .......... .......... .......... 46% 92.7M 0s
[2.710s]   7200K .......... .......... .......... .......... .......... 46% 74.1M 0s
[2.714s]   7250K .......... .......... .......... .......... .......... 46% 14.4M 0s
[2.714s]   7300K .......... .......... .......... .......... .......... 47% 76.2M 0s
[2.718s]   7350K .......... .......... .......... .......... .......... 47% 13.7M 0s
[2.718s]   7400K .......... .......... .......... .......... .......... 47%  104M 0s
[2.718s]   7450K .......... .......... .......... .......... .......... 47%  100M 0s
[2.720s]   7500K .......... .......... .......... .......... .......... 48% 44.5M 0s
[2.720s]   7550K .......... .......... .......... .......... .......... 48% 82.1M 0s
[2.721s]   7600K .......... .......... .......... .......... .......... 48%  124M 0s
[2.724s]   7650K .......... .......... .......... .......... .......... 49% 13.3M 0s
[2.725s]   7700K .......... .......... .......... .......... .......... 49% 86.1M 0s
[2.725s]   7750K .......... .......... .......... .......... .......... 49%  104M 0s
[2.727s]   7800K .......... .......... .......... .......... .......... 50% 28.1M 0s
[2.728s]   7850K .......... .......... .......... .......... .......... 50%  120M 0s
[2.728s]   7900K .......... .......... .......... .......... .......... 50% 47.9M 0s
[2.729s]   7950K .......... .......... .......... .......... .......... 51%  108M 0s
[2.743s]   8000K .......... .......... .......... .......... .......... 51% 3.62M 0s
[2.744s]   8050K .......... .......... .......... .......... .......... 51%  110M 0s
[2.745s]   8100K .......... .......... .......... .......... .......... 52% 31.8M 0s
[2.745s]   8150K .......... .......... .......... .......... .......... 52% 90.8M 0s
[2.746s]   8200K .......... .......... .......... .......... .......... 52% 92.3M 0s
[2.748s]   8250K .......... .......... .......... .......... .......... 53% 23.7M 0s
[2.750s]   8300K .......... .......... .......... .......... .......... 53% 24.0M 0s
[2.750s]   8350K .......... .......... .......... .......... .......... 53%  108M 0s
[2.751s]   8400K .......... .......... .......... .......... .......... 54% 95.8M 0s
[2.752s]   8450K .......... .......... .......... .......... .......... 54% 38.8M 0s
[2.752s]   8500K .......... .......... .......... .......... .......... 54%  101M 0s
[2.753s]   8550K .......... .......... .......... .......... .......... 55%  105M 0s
[2.756s]   8600K .......... .......... .......... .......... .......... 55% 37.6M 0s
[2.756s]   8650K .......... .......... .......... .......... .......... 55% 80.9M 0s
[2.757s]   8700K .......... .......... .......... .......... .......... 55% 59.0M 0s
[2.757s]   8750K .......... .......... .......... .......... .......... 56%  102M 0s
[2.759s]   8800K .......... .......... .......... .......... .......... 56% 15.9M 0s
[2.760s]   8850K .......... .......... .......... .......... .......... 56%  103M 0s
[2.763s]   8900K .......... .......... .......... .......... .......... 57% 99.8M 0s
[2.763s]   8950K .......... .......... .......... .......... .......... 57% 16.1M 0s
[2.763s]   9000K .......... .......... .......... .......... .......... 57%  105M 0s
[2.770s]   9050K .......... .......... .......... .......... .......... 58% 18.7M 0s
[2.770s]   9100K .......... .......... .......... .......... .......... 58%  105M 0s
[2.770s]   9150K .......... .......... .......... .......... .......... 58% 24.5M 0s
[2.771s]   9200K .......... .......... .......... .......... .......... 59%  103M 0s
[2.777s]   9250K .......... .......... .......... .......... .......... 59% 6.54M 0s
[2.777s]   9300K .......... .......... .......... .......... .......... 59%  127M 0s
[2.778s]   9350K .......... .......... .......... .......... .......... 60% 34.5M 0s
[2.779s]   9400K .......... .......... .......... .......... .......... 60%  129M 0s
[2.779s]   9450K .......... .......... .......... .......... .......... 60% 94.9M 0s
[2.779s]   9500K .......... .......... .......... .......... .......... 61%  108M 0s
[2.782s]   9550K .......... .......... .......... .......... .......... 61% 24.4M 0s
[2.782s]   9600K .......... .......... .......... .......... .......... 61% 88.7M 0s
[2.783s]   9650K .......... .......... .......... .......... .......... 62% 94.4M 0s
[2.785s]   9700K .......... .......... .......... .......... .......... 62% 26.8M 0s
[2.785s]   9750K .......... .......... .......... .......... .......... 62%  109M 0s
[2.785s]   9800K .......... .......... .......... .......... .......... 63% 98.5M 0s
[2.786s]   9850K .......... .......... .......... .......... .......... 63%  101M 0s
[2.788s]   9900K .......... .......... .......... .......... .......... 63% 26.7M 0s
[2.788s]   9950K .......... .......... .......... .......... .......... 63%  123M 0s
[2.790s]  10000K .......... .......... .......... .......... .......... 64% 29.5M 0s
[2.790s]  10050K .......... .......... .......... .......... .......... 64%  105M 0s
[2.792s]  10100K .......... .......... .......... .......... .......... 64% 31.5M 0s
[2.792s]  10150K .......... .......... .......... .......... .......... 65% 95.1M 0s
[2.793s]  10200K .......... .......... .......... .......... .......... 65%  110M 0s
[2.794s]  10250K .......... .......... .......... .......... .......... 65% 34.5M 0s
[2.795s]  10300K .......... .......... .......... .......... .......... 66% 45.2M 0s
[2.796s]  10350K .......... .......... .......... .......... .......... 66%  101M 0s
[2.799s]  10400K .......... .......... .......... .......... .......... 66% 20.0M 0s
[2.799s]  10450K .......... .......... .......... .......... .......... 67%  100M 0s
[2.800s]  10500K .......... .......... .......... .......... .......... 67% 38.2M 0s
[2.802s]  10550K .......... .......... .......... .......... .......... 67% 29.9M 0s
[2.802s]  10600K .......... .......... .......... .......... .......... 68% 93.6M 0s
[2.804s]  10650K .......... .......... .......... .......... .......... 68% 28.0M 0s
[2.804s]  10700K .......... .......... .......... .......... .......... 68%  105M 0s
[2.806s]  10750K .......... .......... .......... .......... .......... 69% 29.1M 0s
[2.806s]  10800K .......... .......... .......... .......... .......... 69%  124M 0s
[2.808s]  10850K .......... .......... .......... .......... .......... 69% 24.5M 0s
[2.809s]  10900K .......... .......... .......... .......... .......... 70% 94.2M 0s
[2.811s]  10950K .......... .......... .......... .......... .......... 70% 26.8M 0s
[2.811s]  11000K .......... .......... .......... .......... .......... 70%  108M 0s
[2.812s]  11050K .......... .......... .......... .......... .......... 71% 96.9M 0s
[2.813s]  11100K .......... .......... .......... .......... .......... 71% 30.7M 0s
[2.814s]  11150K .......... .......... .......... .......... .......... 71% 97.5M 0s
[2.817s]  11200K .......... .......... .......... .......... .......... 71% 17.5M 0s
[2.817s]  11250K .......... .......... .......... .......... .......... 72% 88.9M 0s
[2.819s]  11300K .......... .......... .......... .......... .......... 72% 28.4M 0s
[2.819s]  11350K .......... .......... .......... .......... .......... 72% 98.4M 0s
[2.820s]  11400K .......... .......... .......... .......... .......... 73% 54.4M 0s
[2.821s]  11450K .......... .......... .......... .......... .......... 73% 51.7M 0s
[2.822s]  11500K .......... .......... .......... .......... .......... 73% 46.7M 0s
[2.824s]  11550K .......... .......... .......... .......... .......... 74% 33.6M 0s
[2.827s]  11600K .......... .......... .......... .......... .......... 74% 37.3M 0s
[2.828s]  11650K .......... .......... .......... .......... .......... 74% 19.2M 0s
[2.828s]  11700K .......... .......... .......... .......... .......... 75%  118M 0s
[2.830s]  11750K .......... .......... .......... .......... .......... 75% 27.7M 0s
[2.830s]  11800K .......... .......... .......... .......... .......... 75%  101M 0s
[2.834s]  11850K .......... .......... .......... .......... .......... 76% 14.1M 0s
[2.834s]  11900K .......... .......... .......... .......... .......... 76% 90.1M 0s
[2.837s]  11950K .......... .......... .......... .......... .......... 76% 15.7M 0s
[2.838s]  12000K .......... .......... .......... .......... .......... 77%  105M 0s
[2.838s]  12050K .......... .......... .......... .......... .......... 77% 95.0M 0s
[2.839s]  12100K .......... .......... .......... .......... .......... 77% 89.5M 0s
[2.840s]  12150K .......... .......... .......... .......... .......... 78% 53.7M 0s
[2.840s]  12200K .......... .......... .......... .......... .......... 78% 92.5M 0s
[2.841s]  12250K .......... .......... .......... .......... .......... 78% 41.5M 0s
[2.845s]  12300K .......... .......... .......... .......... .......... 79% 14.3M 0s
[2.845s]  12350K .......... .......... .......... .......... .......... 79%  122M 0s
[2.846s]  12400K .......... .......... .......... .......... .......... 79% 88.8M 0s
[2.851s]  12450K .......... .......... .......... .......... .......... 79% 9.86M 0s
[2.851s]  12500K .......... .......... .......... .......... .......... 80%  109M 0s
[2.852s]  12550K .......... .......... .......... .......... .......... 80% 98.5M 0s
[2.853s]  12600K .......... .......... .......... .......... .......... 80% 42.1M 0s
[2.853s]  12650K .......... .......... .......... .......... .......... 81% 90.7M 0s
[2.854s]  12700K .......... .......... .......... .......... .......... 81%  108M 0s
[2.856s]  12750K .......... .......... .......... .......... .......... 81% 23.1M 0s
[2.857s]  12800K .......... .......... .......... .......... .......... 82% 92.1M 0s
[2.857s]  12850K .......... .......... .......... .......... .......... 82% 87.1M 0s
[2.858s]  12900K .......... .......... .......... .......... .......... 82% 42.2M 0s
[2.859s]  12950K .......... .......... .......... .......... .......... 83%  103M 0s
[2.860s]  13000K .......... .......... .......... .......... .......... 83% 49.5M 0s
[2.860s]  13050K .......... .......... .......... .......... .......... 83% 93.5M 0s
[2.862s]  13100K .......... .......... .......... .......... .......... 84% 31.7M 0s
[2.862s]  13150K .......... .......... .......... .......... .......... 84%  109M 0s
[2.863s]  13200K .......... .......... .......... .......... .......... 84% 99.2M 0s
[2.865s]  13250K .......... .......... .......... .......... .......... 85% 17.7M 0s
[2.866s]  13300K .......... .......... .......... .......... .......... 85%  100M 0s
[2.867s]  13350K .......... .......... .......... .......... .......... 85% 35.4M 0s
[2.868s]  13400K .......... .......... .......... .......... .......... 86%  101M 0s
[2.870s]  13450K .......... .......... .......... .......... .......... 86% 26.9M 0s
[2.872s]  13500K .......... .......... .......... .......... .......... 86%  101M 0s
[2.873s]  13550K .......... .......... .......... .......... .......... 87% 19.9M 0s
[2.873s]  13600K .......... .......... .......... .......... .......... 87%  102M 0s
[2.880s]  13650K .......... .......... .......... .......... .......... 87% 7.71M 0s
[2.880s]  13700K .......... .......... .......... .......... .......... 87% 46.2M 0s
[2.881s]  13750K .......... .......... .......... .......... .......... 88% 89.3M 0s
[2.881s]  13800K .......... .......... .......... .......... .......... 88%  104M 0s
[2.883s]  13850K .......... .......... .......... .......... .......... 88% 39.7M 0s
[2.883s]  13900K .......... .......... .......... .......... .......... 89%  105M 0s
[2.884s]  13950K .......... .......... .......... .......... .......... 89% 80.6M 0s
[2.888s]  14000K .......... .......... .......... .......... .......... 89% 11.6M 0s
[2.888s]  14050K .......... .......... .......... .......... .......... 90%  153M 0s
[2.889s]  14100K .......... .......... .......... .......... .......... 90%  175M 0s
[2.890s]  14150K .......... .......... .......... .......... .......... 90%  154M 0s
[2.890s]  14200K .......... .......... .......... .......... .......... 91%  133M 0s
[2.890s]  14250K .......... .......... .......... .......... .......... 91%  162M 0s
[2.891s]  14300K .......... .......... .......... .......... .......... 91% 99.9M 0s
[2.892s]  14350K .......... .......... .......... .......... .......... 92% 28.9M 0s
[2.894s]  14400K .......... .......... .......... .......... .......... 92% 96.3M 0s
[2.894s]  14450K .......... .......... .......... .......... .......... 92% 85.2M 0s
[2.895s]  14500K .......... .......... .......... .......... .......... 93% 25.4M 0s
[2.895s]  14550K .......... .......... .......... .......... .......... 93% 89.3M 0s
[2.897s]  14600K .......... .......... .......... .......... .......... 93% 24.2M 0s
[2.898s]  14650K .......... .......... .......... .......... .......... 94% 89.0M 0s
[2.907s]  14700K .......... .......... .......... .......... .......... 94% 5.68M 0s
[2.907s]  14750K .......... .......... .......... .......... .......... 94% 92.4M 0s
[2.911s]  14800K .......... .......... .......... .......... .......... 95% 11.6M 0s
[2.911s]  14850K .......... .......... .......... .......... .......... 95%  204M 0s
[2.912s]  14900K .......... .......... .......... .......... .......... 95%  127M 0s
[2.913s]  14950K .......... .......... .......... .......... .......... 95% 45.9M 0s
[2.916s]  15000K .......... .......... .......... .......... .......... 96% 16.7M 0s
[2.916s]  15050K .......... .......... .......... .......... .......... 96% 97.1M 0s
[2.917s]  15100K .......... .......... .......... .......... .......... 96% 84.4M 0s
[2.918s]  15150K .......... .......... .......... .......... .......... 97% 46.0M 0s
[2.919s]  15200K .......... .......... .......... .......... .......... 97% 46.0M 0s
[2.919s]  15250K .......... .......... .......... .......... .......... 97%  129M 0s
[2.920s]  15300K .......... .......... .......... .......... .......... 98% 95.2M 0s
[2.922s]  15350K .......... .......... .......... .......... .......... 98% 22.6M 0s
[2.922s]  15400K .......... .......... .......... .......... .......... 98% 96.4M 0s
[2.926s]  15450K .......... .......... .......... .......... .......... 99% 15.0M 0s
[2.926s]  15500K .......... .......... .......... .......... .......... 99%  123M 0s
[2.927s]  15550K .......... .......... .......... .......... .......... 99% 80.9M 0s
[2.927s]  15600K .......... .......... .....                           100%  206M=0.4s
[2.927s] 
[2.927s] 2026-01-27 17:42:55 (35.7 MB/s) - ‘/home/rokey/turtlebot4_ws/build/multirobot_map_merge/2011-08-09-12-22-52.pgm’ saved [16000058/16000058]
[2.927s] 
[2.929s] Checking MD5 sum of /home/rokey/turtlebot4_ws/build/multirobot_map_merge/2011-08-09-12-22-52.pgm
[2.975s] /home/rokey/turtlebot4_ws/build/multirobot_map_merge/2011-08-09-12-22-52.pgm: OK
[2.981s] --2026-01-27 17:42:55--  https://raw.githubusercontent.com/hrnr/m-explore-extra/master/map_merge/gmapping_maps/2012-01-28-11-12-01.pgm
[2.985s] Resolving raw.githubusercontent.com (raw.githubusercontent.com)... 185.199.108.133, 185.199.109.133, 185.199.111.133, ...
[2.991s] Connecting to raw.githubusercontent.com (raw.githubusercontent.com)|185.199.108.133|:443... connected.
[3.146s] HTTP request sent, awaiting response... 200 OK
[3.147s] Length: 16000058 (15M) [application/octet-stream]
[3.147s] Saving to: ‘/home/rokey/turtlebot4_ws/build/multirobot_map_merge/2012-01-28-11-12-01.pgm’
[3.147s] 
[3.151s]      0K .......... .......... .......... .......... ..........  0% 10.8M 1s
[3.160s]     50K .......... .......... .......... .......... ..........  0% 5.80M 2s
[3.166s]    100K .......... .......... .......... .......... ..........  0% 7.80M 2s
[3.166s]    150K .......... .......... .......... .......... ..........  1%  108M 2s
[3.170s]    200K .......... .......... .......... .......... ..........  1% 14.5M 1s
[3.171s]    250K .......... .......... .......... .......... ..........  1% 49.5M 1s
[3.174s]    300K .......... .......... .......... .......... ..........  2% 14.8M 1s
[3.178s]    350K .......... .......... .......... .......... ..........  2% 13.4M 1s
[3.179s]    400K .......... .......... .......... .......... ..........  2% 29.6M 1s
[3.181s]    450K .......... .......... .......... .......... ..........  3% 30.3M 1s
[3.186s]    500K .......... .......... .......... .......... ..........  3% 8.55M 1s
[3.188s]    550K .......... .......... .......... .......... ..........  3% 40.5M 1s
[3.189s]    600K .......... .......... .......... .......... ..........  4% 37.5M 1s
[3.194s]    650K .......... .......... .......... .......... ..........  4% 9.07M 1s
[3.196s]    700K .......... .......... .......... .......... ..........  4% 33.0M 1s
[3.196s]    750K .......... .......... .......... .......... ..........  5% 99.2M 1s
[3.200s]    800K .......... .......... .......... .......... ..........  5% 14.3M 1s
[3.205s]    850K .......... .......... .......... .......... ..........  5%  213M 1s
[3.206s]    900K .......... .......... .......... .......... ..........  6% 9.56M 1s
[3.206s]    950K .......... .......... .......... .......... ..........  6%  235M 1s
[3.207s]   1000K .......... .......... .......... .......... ..........  6% 29.7M 1s
[3.211s]   1050K .......... .......... .......... .......... ..........  7% 12.1M 1s
[3.214s]   1100K .......... .......... .......... .......... ..........  7% 15.1M 1s
[3.220s]   1150K .......... .......... .......... .......... ..........  7% 13.6M 1s
[3.221s]   1200K .......... .......... .......... .......... ..........  7% 31.2M 1s
[3.222s]   1250K .......... .......... .......... .......... ..........  8% 34.8M 1s
[3.222s]   1300K .......... .......... .......... .......... ..........  8%  118M 1s
[3.223s]   1350K .......... .......... .......... .......... ..........  8% 21.9M 1s
[3.225s]   1400K .......... .......... .......... .......... ..........  9% 34.1M 1s
[3.227s]   1450K .......... .......... .......... .......... ..........  9% 30.4M 1s
[3.229s]   1500K .......... .......... .......... .......... ..........  9% 26.0M 1s
[3.232s]   1550K .......... .......... .......... .......... .......... 10% 19.1M 1s
[3.234s]   1600K .......... .......... .......... .......... .......... 10% 16.5M 1s
[3.235s]   1650K .......... .......... .......... .......... .......... 10% 86.6M 1s
[3.235s]   1700K .......... .......... .......... .......... .......... 11%  113M 1s
[3.241s]   1750K .......... .......... .......... .......... .......... 11% 8.00M 1s
[3.242s]   1800K .......... .......... .......... .......... .......... 11% 35.1M 1s
[3.245s]   1850K .......... .......... .......... .......... .......... 12% 16.6M 1s
[3.246s]   1900K .......... .......... .......... .......... .......... 12%  202M 1s
[3.247s]   1950K .......... .......... .......... .......... .......... 12% 27.9M 1s
[3.248s]   2000K .......... .......... .......... .......... .......... 13% 44.5M 1s
[3.249s]   2050K .......... .......... .......... .......... .......... 13% 43.8M 1s
[3.254s]   2100K .......... .......... .......... .......... .......... 13% 11.8M 1s
[3.255s]   2150K .......... .......... .......... .......... .......... 14% 38.3M 1s
[3.255s]   2200K .......... .......... .......... .......... .......... 14%  121M 1s
[3.256s]   2250K .......... .......... .......... .......... .......... 14% 42.7M 1s
[3.260s]   2300K .......... .......... .......... .......... .......... 15% 12.7M 1s
[3.261s]   2350K .......... .......... .......... .......... .......... 15%  116M 1s
[3.262s]   2400K .......... .......... .......... .......... .......... 15% 30.9M 1s
[3.263s]   2450K .......... .......... .......... .......... .......... 15% 91.3M 1s
[3.267s]   2500K .......... .......... .......... .......... .......... 16% 15.6M 1s
[3.267s]   2550K .......... .......... .......... .......... .......... 16%  167M 1s
[3.267s]   2600K .......... .......... .......... .......... .......... 16% 69.4M 1s
[3.267s]   2650K .......... .......... .......... .......... .......... 17% 96.7M 1s
[3.273s]   2700K .......... .......... .......... .......... .......... 17% 12.4M 1s
[3.273s]   2750K .......... .......... .......... .......... .......... 17%  101M 1s
[3.276s]   2800K .......... .......... .......... .......... .......... 18% 20.1M 1s
[3.276s]   2850K .......... .......... .......... .......... .......... 18% 30.8M 1s
[3.282s]   2900K .......... .......... .......... .......... .......... 18% 8.05M 1s
[3.283s]   2950K .......... .......... .......... .......... .......... 19%  176M 1s
[3.283s]   3000K .......... .......... .......... .......... .......... 19%  248M 1s
[3.283s]   3050K .......... .......... .......... .......... .......... 19%  251M 1s
[3.283s]   3100K .......... .......... .......... .......... .......... 20%  129M 1s
[3.289s]   3150K .......... .......... .......... .......... .......... 20% 8.71M 1s
[3.291s]   3200K .......... .......... .......... .......... .......... 20% 24.3M 1s
[3.291s]   3250K .......... .......... .......... .......... .......... 21% 88.1M 1s
[3.293s]   3300K .......... .......... .......... .......... .......... 21% 32.8M 1s
[3.294s]   3350K .......... .......... .......... .......... .......... 21% 38.3M 1s
[3.295s]   3400K .......... .......... .......... .......... .......... 22% 54.3M 1s
[3.297s]   3450K .......... .......... .......... .......... .......... 22% 20.0M 1s
[3.298s]   3500K .......... .......... .......... .......... .......... 22% 73.1M 1s
[3.301s]   3550K .......... .......... .......... .......... .......... 23% 15.6M 1s
[3.302s]   3600K .......... .......... .......... .......... .......... 23% 55.7M 1s
[3.303s]   3650K .......... .......... .......... .......... .......... 23% 38.2M 1s
[3.304s]   3700K .......... .......... .......... .......... .......... 23%  109M 0s
[3.305s]   3750K .......... .......... .......... .......... .......... 24% 48.7M 0s
[3.305s]   3800K .......... .......... .......... .......... .......... 24% 98.4M 0s
[3.307s]   3850K .......... .......... .......... .......... .......... 24% 23.4M 0s
[3.310s]   3900K .......... .......... .......... .......... .......... 25% 15.9M 0s
[3.311s]   3950K .......... .......... .......... .......... .......... 25% 59.7M 0s
[3.312s]   4000K .......... .......... .......... .......... .......... 25%  135M 0s
[3.313s]   4050K .......... .......... .......... .......... .......... 26% 33.4M 0s
[3.315s]   4100K .......... .......... .......... .......... .......... 26% 28.4M 0s
[3.315s]   4150K .......... .......... .......... .......... .......... 26%  103M 0s
[3.320s]   4200K .......... .......... .......... .......... .......... 27% 11.3M 0s
[3.321s]   4250K .......... .......... .......... .......... .......... 27% 41.8M 0s
[3.322s]   4300K .......... .......... .......... .......... .......... 27% 63.7M 0s
[3.324s]   4350K .......... .......... .......... .......... .......... 28% 21.7M 0s
[3.324s]   4400K .......... .......... .......... .......... .......... 28% 67.0M 0s
[3.325s]   4450K .......... .......... .......... .......... .......... 28% 66.8M 0s
[3.326s]   4500K .......... .......... .......... .......... .......... 29% 52.3M 0s
[3.327s]   4550K .......... .......... .......... .......... .......... 29%  145M 0s
[3.327s]   4600K .......... .......... .......... .......... .......... 29% 50.8M 0s
[3.330s]   4650K .......... .......... .......... .......... .......... 30% 16.3M 0s
[3.332s]   4700K .......... .......... .......... .......... .......... 30% 34.0M 0s
[3.334s]   4750K .......... .......... .......... .......... .......... 30% 37.4M 0s
[3.334s]   4800K .......... .......... .......... .......... .......... 31% 88.6M 0s
[3.337s]   4850K .......... .......... .......... .......... .......... 31% 16.6M 0s
[3.337s]   4900K .......... .......... .......... .......... .......... 31%  101M 0s
[3.337s]   4950K .......... .......... .......... .......... .......... 31%  109M 0s
[3.339s]   5000K .......... .......... .......... .......... .......... 32% 44.0M 0s
[3.341s]   5050K .......... .......... .......... .......... .......... 32% 23.3M 0s
[3.343s]   5100K .......... .......... .......... .......... .......... 32%  162M 0s
[3.344s]   5150K .......... .......... .......... .......... .......... 33% 48.2M 0s
[3.348s]   5200K .......... .......... .......... .......... .......... 33% 8.48M 0s
[3.349s]   5250K .......... .......... .......... .......... .......... 33%  129M 0s
[3.352s]   5300K .......... .......... .......... .......... .......... 34% 12.8M 0s
[3.356s]   5350K .......... .......... .......... .......... .......... 34% 23.2M 0s
[3.356s]   5400K .......... .......... .......... .......... .......... 34%  185M 0s
[3.356s]   5450K .......... .......... .......... .......... .......... 35%  196M 0s
[3.356s]   5500K .......... .......... .......... .......... .......... 35%  151M 0s
[3.356s]   5550K .......... .......... .......... .......... .......... 35% 95.5M 0s
[3.374s]   5600K .......... .......... .......... .......... .......... 36% 2.76M 0s
[3.374s]   5650K .......... .......... .......... .......... .......... 36%  174M 0s
[3.377s]   5700K .......... .......... .......... .......... .......... 36% 15.8M 0s
[3.378s]   5750K .......... .......... .......... .......... .......... 37% 28.8M 0s
[3.380s]   5800K .......... .......... .......... .......... .......... 37%  101M 0s
[3.381s]   5850K .......... .......... .......... .......... .......... 37% 46.3M 0s
[3.381s]   5900K .......... .......... .......... .......... .......... 38% 32.5M 0s
[3.382s]   5950K .......... .......... .......... .......... .......... 38% 60.2M 0s
[3.385s]   6000K .......... .......... .......... .......... .......... 38% 20.8M 0s
[3.386s]   6050K .......... .......... .......... .......... .......... 39% 29.4M 0s
[3.392s]   6100K .......... .......... .......... .......... .......... 39% 9.76M 0s
[3.392s]   6150K .......... .......... .......... .......... .......... 39% 93.1M 0s
[3.392s]   6200K .......... .......... .......... .......... .......... 39%  108M 0s
[3.396s]   6250K .......... .......... .......... .......... .......... 40% 13.7M 0s
[3.397s]   6300K .......... .......... .......... .......... .......... 40% 61.6M 0s
[3.397s]   6350K .......... .......... .......... .......... .......... 40%  106M 0s
[3.398s]   6400K .......... .......... .......... .......... .......... 41% 49.9M 0s
[3.399s]   6450K .......... .......... .......... .......... .......... 41% 31.9M 0s
[3.403s]   6500K .......... .......... .......... .......... .......... 41% 16.1M 0s
[3.404s]   6550K .......... .......... .......... .......... .......... 42% 50.7M 0s
[3.404s]   6600K .......... .......... .......... .......... .......... 42%  108M 0s
[3.405s]   6650K .......... .......... .......... .......... .......... 42% 68.1M 0s
[3.406s]   6700K .......... .......... .......... .......... .......... 43% 79.9M 0s
[3.414s]   6750K .......... .......... .......... .......... .......... 43% 10.4M 0s
[3.414s]   6800K .......... .......... .......... .......... .......... 43% 11.6M 0s
[3.414s]   6850K .......... .......... .......... .......... .......... 44%  179M 0s
[3.415s]   6900K .......... .......... .......... .......... .......... 44%  213M 0s
[3.418s]   6950K .......... .......... .......... .......... .......... 44% 18.9M 0s
[3.419s]   7000K .......... .......... .......... .......... .......... 45%  208M 0s
[3.422s]   7050K .......... .......... .......... .......... .......... 45% 10.8M 0s
[3.423s]   7100K .......... .......... .......... .......... .......... 45% 95.6M 0s
[3.423s]   7150K .......... .......... .......... .......... .......... 46%  222M 0s
[3.425s]   7200K .......... .......... .......... .......... .......... 46%  237M 0s
[3.445s]   7250K .......... .......... .......... .......... .......... 46% 2.56M 0s
[3.445s]   7300K .......... .......... .......... .......... .......... 47%  167M 0s
[3.445s]   7350K .......... .......... .......... .......... .......... 47%  202M 0s
[3.445s]   7400K .......... .......... .......... .......... .......... 47%  152M 0s
[3.445s]   7450K .......... .......... .......... .......... .......... 47% 60.8M 0s
[3.446s]   7500K .......... .......... .......... .......... .......... 48% 25.9M 0s
[3.446s]   7550K .......... .......... .......... .......... .......... 48%  170M 0s
[3.451s]   7600K .......... .......... .......... .......... .......... 48% 8.91M 0s
[3.452s]   7650K .......... .......... .......... .......... .......... 49%  162M 0s
[3.452s]   7700K .......... .......... .......... .......... .......... 49%  234M 0s
[3.457s]   7750K .......... .......... .......... .......... .......... 49% 11.5M 0s
[3.457s]   7800K .......... .......... .......... .......... .......... 50%  226M 0s
[3.457s]   7850K .......... .......... .......... .......... .......... 50%  248M 0s
[3.457s]   7900K .......... .......... .......... .......... .......... 50%  230M 0s
[3.459s]   7950K .......... .......... .......... .......... .......... 51% 29.9M 0s
[3.462s]   8000K .......... .......... .......... .......... .......... 51% 32.2M 0s
[3.462s]   8050K .......... .......... .......... .......... .......... 51% 21.5M 0s
[3.464s]   8100K .......... .......... .......... .......... .......... 52% 21.9M 0s
[3.466s]   8150K .......... .......... .......... .......... .......... 52% 26.5M 0s
[3.469s]   8200K .......... .......... .......... .......... .......... 52% 32.2M 0s
[3.469s]   8250K .......... .......... .......... .......... .......... 53% 28.2M 0s
[3.473s]   8300K .......... .......... .......... .......... .......... 53% 15.5M 0s
[3.474s]   8350K .......... .......... .......... .......... .......... 53% 42.4M 0s
[3.475s]   8400K .......... .......... .......... .......... .......... 54% 74.3M 0s
[3.476s]   8450K .......... .......... .......... .......... .......... 54% 37.5M 0s
[3.476s]   8500K .......... .......... .......... .......... .......... 54% 62.6M 0s
[3.479s]   8550K .......... .......... .......... .......... .......... 55% 18.6M 0s
[3.482s]   8600K .......... .......... .......... .......... .......... 55% 16.2M 0s
[3.483s]   8650K .......... .......... .......... .......... .......... 55%  183M 0s
[3.486s]   8700K .......... .......... .......... .......... .......... 55% 11.9M 0s
[3.488s]   8750K .......... .......... .......... .......... .......... 56% 28.8M 0s
[3.489s]   8800K .......... .......... .......... .......... .......... 56% 74.6M 0s
[3.497s]   8850K .......... .......... .......... .......... .......... 56% 6.66M 0s
[3.498s]   8900K .......... .......... .......... .......... .......... 57% 35.7M 0s
[3.498s]   8950K .......... .......... .......... .......... .......... 57%  225M 0s
[3.499s]   9000K .......... .......... .......... .......... .......... 57% 48.9M 0s
[3.499s]   9050K .......... .......... .......... .......... .......... 58% 52.2M 0s
[3.501s]   9100K .......... .......... .......... .......... .......... 58% 53.5M 0s
[3.506s]   9150K .......... .......... .......... .......... .......... 58% 9.23M 0s
[3.506s]   9200K .......... .......... .......... .......... .......... 59% 60.5M 0s
[3.508s]   9250K .......... .......... .......... .......... .......... 59% 56.7M 0s
[3.510s]   9300K .......... .......... .......... .......... .......... 59% 62.6M 0s
[3.511s]   9350K .......... .......... .......... .......... .......... 60% 24.5M 0s
[3.511s]   9400K .......... .......... .......... .......... .......... 60% 85.8M 0s
[3.512s]   9450K .......... .......... .......... .......... .......... 60% 36.1M 0s
[3.513s]   9500K .......... .......... .......... .......... .......... 61% 41.9M 0s
[3.514s]   9550K .......... .......... .......... .......... .......... 61% 84.8M 0s
[3.515s]   9600K .......... .......... .......... .......... .......... 61% 38.8M 0s
[3.518s]   9650K .......... .......... .......... .......... .......... 62% 33.0M 0s
[3.518s]   9700K .......... .......... .......... .......... .......... 62% 58.6M 0s
[3.519s]   9750K .......... .......... .......... .......... .......... 62% 36.9M 0s
[3.519s]   9800K .......... .......... .......... .......... .......... 63% 59.2M 0s
[3.522s]   9850K .......... .......... .......... .......... .......... 63% 20.8M 0s
[3.522s]   9900K .......... .......... .......... .......... .......... 63% 69.8M 0s
[3.526s]   9950K .......... .......... .......... .......... .......... 63% 14.3M 0s
[3.527s]  10000K .......... .......... .......... .......... .......... 64% 61.0M 0s
[3.530s]  10050K .......... .......... .......... .......... .......... 64% 16.9M 0s
[3.531s]  10100K .......... .......... .......... .......... .......... 64% 45.7M 0s
[3.531s]  10150K .......... .......... .......... .......... .......... 65%  107M 0s
[3.534s]  10200K .......... .......... .......... .......... .......... 65% 16.4M 0s
[3.535s]  10250K .......... .......... .......... .......... .......... 65% 57.3M 0s
[3.539s]  10300K .......... .......... .......... .......... .......... 66% 12.8M 0s
[3.540s]  10350K .......... .......... .......... .......... .......... 66% 47.7M 0s
[3.541s]  10400K .......... .......... .......... .......... .......... 66% 66.1M 0s
[3.544s]  10450K .......... .......... .......... .......... .......... 67% 21.7M 0s
[3.544s]  10500K .......... .......... .......... .......... .......... 67% 62.7M 0s
[3.545s]  10550K .......... .......... .......... .......... .......... 67% 34.5M 0s
[3.546s]  10600K .......... .......... .......... .......... .......... 68% 61.5M 0s
[3.547s]  10650K .......... .......... .......... .......... .......... 68% 61.4M 0s
[3.549s]  10700K .......... .......... .......... .......... .......... 68% 26.5M 0s
[3.553s]  10750K .......... .......... .......... .......... .......... 69% 11.1M 0s
[3.553s]  10800K .......... .......... .......... .......... .......... 69%  123M 0s
[3.553s]  10850K .......... .......... .......... .......... .......... 69%  174M 0s
[3.554s]  10900K .......... .......... .......... .......... .......... 70%  165M 0s
[3.554s]  10950K .......... .......... .......... .......... .......... 70%  174M 0s
[3.556s]  11000K .......... .......... .......... .......... .......... 70% 33.3M 0s
[3.556s]  11050K .......... .......... .......... .......... .......... 71% 62.9M 0s
[3.558s]  11100K .......... .......... .......... .......... .......... 71% 29.4M 0s
[3.562s]  11150K .......... .......... .......... .......... .......... 71% 12.5M 0s
[3.562s]  11200K .......... .......... .......... .......... .......... 71%  115M 0s
[3.564s]  11250K .......... .......... .......... .......... .......... 72% 39.5M 0s
[3.565s]  11300K .......... .......... .......... .......... .......... 72% 31.7M 0s
[3.566s]  11350K .......... .......... .......... .......... .......... 72% 64.7M 0s
[3.567s]  11400K .......... .......... .......... .......... .......... 73% 62.2M 0s
[3.568s]  11450K .......... .......... .......... .......... .......... 73% 37.3M 0s
[3.569s]  11500K .......... .......... .......... .......... .......... 73% 59.3M 0s
[3.574s]  11550K .......... .......... .......... .......... .......... 74% 10.2M 0s
[3.574s]  11600K .......... .......... .......... .......... .......... 74% 59.0M 0s
[3.576s]  11650K .......... .......... .......... .......... .......... 74% 36.7M 0s
[3.577s]  11700K .......... .......... .......... .......... .......... 75% 47.8M 0s
[3.577s]  11750K .......... .......... .......... .......... .......... 75% 58.5M 0s
[3.580s]  11800K .......... .......... .......... .......... .......... 75% 17.2M 0s
[3.581s]  11850K .......... .......... .......... .......... .......... 76% 64.1M 0s
[3.582s]  11900K .......... .......... .......... .......... .......... 76% 62.9M 0s
[3.584s]  11950K .......... .......... .......... .......... .......... 76% 30.6M 0s
[3.586s]  12000K .......... .......... .......... .......... .......... 77% 62.0M 0s
[3.587s]  12050K .......... .......... .......... .......... .......... 77% 17.1M 0s
[3.588s]  12100K .......... .......... .......... .......... .......... 77% 62.0M 0s
[3.589s]  12150K .......... .......... .......... .......... .......... 78% 59.1M 0s
[3.590s]  12200K .......... .......... .......... .......... .......... 78% 29.8M 0s
[3.597s]  12250K .......... .......... .......... .......... .......... 78% 7.32M 0s
[3.598s]  12300K .......... .......... .......... .......... .......... 79% 67.2M 0s
[3.599s]  12350K .......... .......... .......... .......... .......... 79% 45.9M 0s
[3.600s]  12400K .......... .......... .......... .......... .......... 79% 38.1M 0s
[3.601s]  12450K .......... .......... .......... .......... .......... 79% 68.5M 0s
[3.602s]  12500K .......... .......... .......... .......... .......... 80% 59.0M 0s
[3.605s]  12550K .......... .......... .......... .......... .......... 80% 15.2M 0s
[3.606s]  12600K .......... .......... .......... .......... .......... 80% 76.8M 0s
[3.608s]  12650K .......... .......... .......... .......... .......... 81% 24.3M 0s
[3.608s]  12700K .......... .......... .......... .......... .......... 81% 60.9M 0s
[3.609s]  12750K .......... .......... .......... .......... .......... 81% 62.6M 0s
[3.610s]  12800K .......... .......... .......... .......... .......... 82% 59.1M 0s
[3.616s]  12850K .......... .......... .......... .......... .......... 82% 7.87M 0s
[3.617s]  12900K .......... .......... .......... .......... .......... 82% 61.7M 0s
[3.618s]  12950K .......... .......... .......... .......... .......... 83% 54.5M 0s
[3.620s]  13000K .......... .......... .......... .......... .......... 83% 20.5M 0s
[3.621s]  13050K .......... .......... .......... .......... .......... 83% 64.6M 0s
[3.622s]  13100K .......... .......... .......... .......... .......... 84% 46.6M 0s
[3.623s]  13150K .......... .......... .......... .......... .......... 84% 79.7M 0s
[3.624s]  13200K .......... .......... .......... .......... .......... 84% 28.5M 0s
[3.625s]  13250K .......... .......... .......... .......... .......... 85% 57.4M 0s
[3.626s]  13300K .......... .......... .......... .......... .......... 85% 47.9M 0s
[3.629s]  13350K .......... .......... .......... .......... .......... 85% 20.7M 0s
[3.629s]  13400K .......... .......... .......... .......... .......... 86% 58.8M 0s
[3.630s]  13450K .......... .......... .......... .......... .......... 86% 61.7M 0s
[3.633s]  13500K .......... .......... .......... .......... .......... 86% 20.6M 0s
[3.633s]  13550K .......... .......... .......... .......... .......... 87% 60.1M 0s
[3.634s]  13600K .......... .......... .......... .......... .......... 87% 52.3M 0s
[3.635s]  13650K .......... .......... .......... .......... .......... 87% 58.6M 0s
[3.638s]  13700K .......... .......... .......... .......... .......... 87% 15.7M 0s
[3.639s]  13750K .......... .......... .......... .......... .......... 88% 61.9M 0s
[3.640s]  13800K .......... .......... .......... .......... .......... 88% 59.7M 0s
[3.642s]  13850K .......... .......... .......... .......... .......... 88% 24.2M 0s
[3.643s]  13900K .......... .......... .......... .......... .......... 89% 61.7M 0s
[3.648s]  13950K .......... .......... .......... .......... .......... 89% 62.0M 0s
[3.648s]  14000K .......... .......... .......... .......... .......... 89% 10.4M 0s
[3.649s]  14050K .......... .......... .......... .......... .......... 90% 61.9M 0s
[3.653s]  14100K .......... .......... .......... .......... .......... 90% 17.2M 0s
[3.653s]  14150K .......... .......... .......... .......... .......... 90%  190M 0s
[3.653s]  14200K .......... .......... .......... .......... .......... 91%  209M 0s
[3.653s]  14250K .......... .......... .......... .......... .......... 91% 63.7M 0s
[3.654s]  14300K .......... .......... .......... .......... .......... 91% 39.9M 0s
[3.655s]  14350K .......... .......... .......... .......... .......... 92% 56.5M 0s
[3.656s]  14400K .......... .......... .......... .......... .......... 92% 63.7M 0s
[3.658s]  14450K .......... .......... .......... .......... .......... 92% 25.3M 0s
[3.659s]  14500K .......... .......... .......... .......... .......... 93% 59.0M 0s
[3.660s]  14550K .......... .......... .......... .......... .......... 93% 65.0M 0s
[3.660s]  14600K .......... .......... .......... .......... .......... 93%  112M 0s
[3.666s]  14650K .......... .......... .......... .......... .......... 94% 8.97M 0s
[3.667s]  14700K .......... .......... .......... .......... .......... 94% 44.5M 0s
[3.673s]  14750K .......... .......... .......... .......... .......... 94% 7.42M 0s
[3.673s]  14800K .......... .......... .......... .......... .......... 95%  226M 0s
[3.674s]  14850K .......... .......... .......... .......... .......... 95%  262M 0s
[3.675s]  14900K .......... .......... .......... .......... .......... 95% 37.8M 0s
[3.677s]  14950K .......... .......... .......... .......... .......... 95% 21.3M 0s
[3.680s]  15000K .......... .......... .......... .......... .......... 96% 18.2M 0s
[3.680s]  15050K .......... .......... .......... .......... .......... 96% 60.5M 0s
[3.681s]  15100K .......... .......... .......... .......... .......... 96% 58.2M 0s
[3.686s]  15150K .......... .......... .......... .......... .......... 97% 10.8M 0s
[3.686s]  15200K .......... .......... .......... .......... .......... 97%  213M 0s
[3.687s]  15250K .......... .......... .......... .......... .......... 97%  254M 0s
[3.688s]  15300K .......... .......... .......... .......... .......... 98% 45.2M 0s
[3.699s]  15350K .......... .......... .......... .......... .......... 98% 4.39M 0s
[3.701s]  15400K .......... .......... .......... .......... .......... 98%  126M 0s
[3.701s]  15450K .......... .......... .......... .......... .......... 99%  229M 0s
[3.701s]  15500K .......... .......... .......... .......... .......... 99%  260M 0s
[3.702s]  15550K .......... .......... .......... .......... .......... 99% 23.3M 0s
[3.702s]  15600K .......... .......... .....                           100% 80.7M=0.6s
[3.703s] 
[3.703s] 2026-01-27 17:42:56 (27.5 MB/s) - ‘/home/rokey/turtlebot4_ws/build/multirobot_map_merge/2012-01-28-11-12-01.pgm’ saved [16000058/16000058]
[3.703s] 
[3.704s] Checking MD5 sum of /home/rokey/turtlebot4_ws/build/multirobot_map_merge/2012-01-28-11-12-01.pgm
[3.752s] /home/rokey/turtlebot4_ws/build/multirobot_map_merge/2012-01-28-11-12-01.pgm: OK
[3.756s] -- Found gtest sources under '/opt/ros/humble/src/gtest_vendor': C++ tests using 'Google Test' will be built
[3.780s] -- Added test 'cppcheck' to perform static code analysis on C / C++ code
[3.781s] -- Configured cppcheck include dirs: /home/rokey/turtlebot4_ws/src/m-explore-ros2/map_merge/include;$<BUILD_INTERFACE:/home/rokey/turtlebot4_ws/src/m-explore-ros2/map_merge/include>
[3.781s] -- Configured cppcheck exclude dirs and/or files: 
[3.782s] -- Added test 'flake8' to check Python code syntax and style conventions
[3.784s] -- Added test 'lint_cmake' to check CMake code style
[3.785s] -- Added test 'pep257' to check Python code against some of the docstring style conventions in PEP 257
[3.789s] -- Added test 'uncrustify' to check C / C++ code style
[3.789s] -- Configured uncrustify additional arguments: 
[3.791s] -- Added test 'xmllint' to check XML markup files
[3.795s] -- Configuring done
[3.949s] -- Generating done
[3.976s] -- Build files have been written to: /home/rokey/turtlebot4_ws/build/multirobot_map_merge
[3.999s] Invoked command in '/home/rokey/turtlebot4_ws/build/multirobot_map_merge' returned '0': CMAKE_PREFIX_PATH=/opt/ros/humble /usr/bin/cmake /home/rokey/turtlebot4_ws/src/m-explore-ros2/map_merge -DAMENT_CMAKE_SYMLINK_INSTALL=1 -DCMAKE_INSTALL_PREFIX=/home/rokey/turtlebot4_ws/install/multirobot_map_merge
[4.000s] Invoking command in '/home/rokey/turtlebot4_ws/build/multirobot_map_merge': CMAKE_PREFIX_PATH=/opt/ros/humble /usr/bin/cmake --build /home/rokey/turtlebot4_ws/build/multirobot_map_merge -- -j20 -l20
[4.084s] [  8%] [32mBuilding CXX object gtest/CMakeFiles/gtest.dir/src/gtest-all.cc.o[0m
[4.085s] [ 16%] [32mBuilding CXX object CMakeFiles/combine_grids.dir/src/combine_grids/grid_compositor.cpp.o[0m
[4.086s] [ 25%] [32mBuilding CXX object CMakeFiles/combine_grids.dir/src/combine_grids/grid_warper.cpp.o[0m
[4.094s] [ 33%] [32mBuilding CXX object CMakeFiles/combine_grids.dir/src/combine_grids/merging_pipeline.cpp.o[0m
[4.099s] [ 41%] [32mBuilding CXX object gtest/CMakeFiles/gtest_main.dir/src/gtest_main.cc.o[0m
[5.646s] [ 50%] [32m[1mLinking CXX static library libgtest_main.a[0m
[5.683s] [ 50%] Built target gtest_main
[8.834s] [ 58%] [32m[1mLinking CXX static library libgtest.a[0m
[8.908s] [ 58%] Built target gtest
[9.041s] [ 66%] [32m[1mLinking CXX static library libcombine_grids.a[0m
[9.094s] [ 66%] Built target combine_grids
[9.121s] [ 75%] [32mBuilding CXX object CMakeFiles/map_merge.dir/src/map_merge.cpp.o[0m
[9.123s] [ 83%] [32mBuilding CXX object CMakeFiles/test_merging_pipeline.dir/test/test_merging_pipeline.cpp.o[0m
[17.423s] [ 91%] [32m[1mLinking CXX executable test_merging_pipeline[0m
[18.632s] [ 91%] Built target test_merging_pipeline
[24.269s] [100%] [32m[1mLinking CXX executable map_merge[0m
[25.157s] [100%] Built target map_merge
[25.168s] Invoked command in '/home/rokey/turtlebot4_ws/build/multirobot_map_merge' returned '0': CMAKE_PREFIX_PATH=/opt/ros/humble /usr/bin/cmake --build /home/rokey/turtlebot4_ws/build/multirobot_map_merge -- -j20 -l20
[25.170s] Invoking command in '/home/rokey/turtlebot4_ws/build/multirobot_map_merge': CMAKE_PREFIX_PATH=/opt/ros/humble /usr/bin/cmake --install /home/rokey/turtlebot4_ws/build/multirobot_map_merge
[25.178s] -- Install configuration: ""
[25.178s] -- Execute custom install script
[25.178s] -- Symlinking: /home/rokey/turtlebot4_ws/install/multirobot_map_merge/include/map_merge//map_merge.h
[25.187s] -- Symlinking: /home/rokey/turtlebot4_ws/install/multirobot_map_merge/include/map_merge//ros1_names.hpp
[25.195s] -- Symlinking: /home/rokey/turtlebot4_ws/install/multirobot_map_merge/share/multirobot_map_merge/launch/from_map_server.launch.py
[25.203s] -- Symlinking: /home/rokey/turtlebot4_ws/install/multirobot_map_merge/share/multirobot_map_merge/launch/map_merge.launch.py
[25.211s] -- Symlinking: /home/rokey/turtlebot4_ws/install/multirobot_map_merge/share/multirobot_map_merge/launch/map_merge.rviz
[25.218s] -- Symlinking: /home/rokey/turtlebot4_ws/install/multirobot_map_merge/share/multirobot_map_merge/launch/tb3_simulation/bringup_launch.py
[25.225s] -- Symlinking: /home/rokey/turtlebot4_ws/install/multirobot_map_merge/share/multirobot_map_merge/launch/tb3_simulation/config/nav2_multirobot_params_1.yaml
[25.232s] -- Symlinking: /home/rokey/turtlebot4_ws/install/multirobot_map_merge/share/multirobot_map_merge/launch/tb3_simulation/config/nav2_multirobot_params_2.yaml
[25.239s] -- Symlinking: /home/rokey/turtlebot4_ws/install/multirobot_map_merge/share/multirobot_map_merge/launch/tb3_simulation/multi_tb3_simulation_launch.py
[25.247s] -- Symlinking: /home/rokey/turtlebot4_ws/install/multirobot_map_merge/share/multirobot_map_merge/launch/tb3_simulation/slam_toolbox.py
[25.255s] -- Symlinking: /home/rokey/turtlebot4_ws/install/multirobot_map_merge/share/multirobot_map_merge/launch/tb3_simulation/tb3_simulation_launch.py
[25.262s] -- Symlinking: /home/rokey/turtlebot4_ws/install/multirobot_map_merge/share/multirobot_map_merge/launch/tb3_simulation/worlds/world_only.model
[25.270s] -- Symlinking: /home/rokey/turtlebot4_ws/install/multirobot_map_merge/share/multirobot_map_merge/config/params.yaml
[25.279s] -- Symlinking: /home/rokey/turtlebot4_ws/install/multirobot_map_merge/lib/multirobot_map_merge/map_merge
[25.288s] -- Symlinking: /home/rokey/turtlebot4_ws/install/multirobot_map_merge/share/multirobot_map_merge/environment/library_path.sh
[25.295s] -- Symlinking: /home/rokey/turtlebot4_ws/install/multirobot_map_merge/share/multirobot_map_merge/environment/library_path.dsv
[25.304s] -- Symlinking: /home/rokey/turtlebot4_ws/install/multirobot_map_merge/share/ament_index/resource_index/package_run_dependencies/multirobot_map_merge
[25.311s] -- Symlinking: /home/rokey/turtlebot4_ws/install/multirobot_map_merge/share/ament_index/resource_index/parent_prefix_path/multirobot_map_merge
[25.318s] -- Symlinking: /home/rokey/turtlebot4_ws/install/multirobot_map_merge/share/multirobot_map_merge/environment/ament_prefix_path.sh
[25.326s] -- Symlinking: /home/rokey/turtlebot4_ws/install/multirobot_map_merge/share/multirobot_map_merge/environment/ament_prefix_path.dsv
[25.335s] -- Symlinking: /home/rokey/turtlebot4_ws/install/multirobot_map_merge/share/multirobot_map_merge/environment/path.sh
[25.343s] -- Symlinking: /home/rokey/turtlebot4_ws/install/multirobot_map_merge/share/multirobot_map_merge/environment/path.dsv
[25.351s] -- Symlinking: /home/rokey/turtlebot4_ws/install/multirobot_map_merge/share/multirobot_map_merge/local_setup.bash
[25.358s] -- Symlinking: /home/rokey/turtlebot4_ws/install/multirobot_map_merge/share/multirobot_map_merge/local_setup.sh
[25.365s] -- Symlinking: /home/rokey/turtlebot4_ws/install/multirobot_map_merge/share/multirobot_map_merge/local_setup.zsh
[25.374s] -- Symlinking: /home/rokey/turtlebot4_ws/install/multirobot_map_merge/share/multirobot_map_merge/local_setup.dsv
[25.382s] -- Symlinking: /home/rokey/turtlebot4_ws/install/multirobot_map_merge/share/multirobot_map_merge/package.dsv
[25.390s] -- Symlinking: /home/rokey/turtlebot4_ws/install/multirobot_map_merge/share/ament_index/resource_index/packages/multirobot_map_merge
[25.399s] -- Symlinking: /home/rokey/turtlebot4_ws/install/multirobot_map_merge/share/multirobot_map_merge/cmake/ament_cmake_export_include_directories-extras.cmake
[25.408s] -- Symlinking: /home/rokey/turtlebot4_ws/install/multirobot_map_merge/share/multirobot_map_merge/cmake/ament_cmake_export_libraries-extras.cmake
[25.416s] -- Symlinking: /home/rokey/turtlebot4_ws/install/multirobot_map_merge/share/multirobot_map_merge/cmake/multirobot_map_mergeConfig.cmake
[25.424s] -- Symlinking: /home/rokey/turtlebot4_ws/install/multirobot_map_merge/share/multirobot_map_merge/cmake/multirobot_map_mergeConfig-version.cmake
[25.432s] -- Symlinking: /home/rokey/turtlebot4_ws/install/multirobot_map_merge/share/multirobot_map_merge/package.xml
[25.440s] -- Installing: /home/rokey/turtlebot4_ws/install/multirobot_map_merge/lib/libcombine_grids.a
[25.443s] Invoked command in '/home/rokey/turtlebot4_ws/build/multirobot_map_merge' returned '0': CMAKE_PREFIX_PATH=/opt/ros/humble /usr/bin/cmake --install /home/rokey/turtlebot4_ws/build/multirobot_map_merge
