[0.019s] Invoking command in '/home/rokey/turtlebot4_ws/build/turtlebot4_ignition_toolbox': AMENT_PREFIX_PATH=/home/rokey/turtlebot4_ws/install/turtlebot4_msgs:${AMENT_PREFIX_PATH} CMAKE_PREFIX_PATH=/home/rokey/turtlebot4_ws/install/turtlebot4_msgs:/opt/ros/humble LD_LIBRARY_PATH=/home/rokey/turtlebot4_ws/install/turtlebot4_msgs/lib:${LD_LIBRARY_PATH} PYTHONPATH=/home/rokey/turtlebot4_ws/install/turtlebot4_msgs/local/lib/python3.10/dist-packages:${PYTHONPATH} /usr/bin/cmake /home/rokey/turtlebot4_ws/src/turtlebot4_simulator/turtlebot4_ignition_toolbox -DAMENT_CMAKE_SYMLINK_INSTALL=1 -DCMAKE_INSTALL_PREFIX=/home/rokey/turtlebot4_ws/install/turtlebot4_ignition_toolbox
[0.093s] -- The C compiler identification is GNU 11.4.0
[0.187s] -- The CXX compiler identification is GNU 11.4.0
[0.196s] -- Detecting C compiler ABI info
[0.283s] -- Detecting C compiler ABI info - done
[0.292s] -- Check for working C compiler: /usr/bin/cc - skipped
[0.292s] -- Detecting C compile features
[0.293s] -- Detecting C compile features - done
[0.296s] -- Detecting CXX compiler ABI info
[0.392s] -- Detecting CXX compiler ABI info - done
[0.402s] -- Check for working CXX compiler: /usr/bin/c++ - skipped
[0.402s] -- Detecting CXX compile features
[0.402s] -- Detecting CXX compile features - done
[0.405s] -- Found ament_cmake: 1.3.12 (/opt/ros/humble/share/ament_cmake/cmake)
[0.615s] -- Found Python3: /usr/bin/python3 (found version "3.10.12") found components: Interpreter 
[0.698s] -- Override CMake install command with custom implementation using symlinks instead of copying resources
[0.737s] -- Found rclcpp: 16.0.17 (/opt/ros/humble/share/rclcpp/cmake)
[0.788s] -- Found rosidl_generator_c: 3.1.8 (/opt/ros/humble/share/rosidl_generator_c/cmake)
[0.794s] -- Found rosidl_adapter: 3.1.8 (/opt/ros/humble/share/rosidl_adapter/cmake)
[0.805s] -- Found rosidl_generator_cpp: 3.1.8 (/opt/ros/humble/share/rosidl_generator_cpp/cmake)
[0.820s] -- Using all available rosidl_typesupport_c: rosidl_typesupport_fastrtps_c;rosidl_typesupport_introspection_c
[0.841s] -- Using all available rosidl_typesupport_cpp: rosidl_typesupport_fastrtps_cpp;rosidl_typesupport_introspection_cpp
[0.897s] -- Found rmw_implementation_cmake: 6.1.2 (/opt/ros/humble/share/rmw_implementation_cmake/cmake)
[0.900s] -- Found rmw_fastrtps_cpp: 6.2.9 (/opt/ros/humble/share/rmw_fastrtps_cpp/cmake)
[1.014s] -- Found OpenSSL: /usr/lib/x86_64-linux-gnu/libcrypto.so (found version "3.0.2")  
[1.062s] -- Found FastRTPS: /opt/ros/humble/include  
[1.129s] -- Using RMW implementation 'rmw_fastrtps_cpp' as default
[1.143s] -- Looking for pthread.h
[1.262s] -- Looking for pthread.h - found
[1.263s] -- Performing Test CMAKE_HAVE_LIBC_PTHREAD
[1.379s] -- Performing Test CMAKE_HAVE_LIBC_PTHREAD - Success
[1.381s] -- Found Threads: TRUE  
[1.447s] -- Found rclcpp_action: 16.0.17 (/opt/ros/humble/share/rclcpp_action/cmake)
[1.495s] -- Found sensor_msgs: 4.9.0 (/opt/ros/humble/share/sensor_msgs/cmake)
[1.538s] -- Found turtlebot4_msgs: 1.0.5 (/home/rokey/turtlebot4_ws/install/turtlebot4_msgs/share/turtlebot4_msgs/cmake)
[1.557s] -- Found ament_lint_auto: 0.12.14 (/opt/ros/humble/share/ament_lint_auto/cmake)
[1.679s] -- Added test 'cppcheck' to perform static code analysis on C / C++ code
[1.679s] -- Configured cppcheck include dirs: /home/rokey/turtlebot4_ws/src/turtlebot4_simulator/turtlebot4_ignition_toolbox/include
[1.679s] -- Configured cppcheck exclude dirs and/or files: 
[1.681s] -- Added test 'cpplint' to check C / C++ code against the Google style
[1.681s] -- Configured cpplint exclude dirs and/or files: 
[1.682s] -- Added test 'lint_cmake' to check CMake code style
[1.683s] -- Added test 'uncrustify' to check C / C++ code style
[1.684s] -- Configured uncrustify additional arguments: 
[1.684s] -- Added test 'xmllint' to check XML markup files
[1.688s] -- Configuring done
[1.711s] -- Generating done
[1.719s] -- Build files have been written to: /home/rokey/turtlebot4_ws/build/turtlebot4_ignition_toolbox
[1.733s] Invoked command in '/home/rokey/turtlebot4_ws/build/turtlebot4_ignition_toolbox' returned '0': AMENT_PREFIX_PATH=/home/rokey/turtlebot4_ws/install/turtlebot4_msgs:${AMENT_PREFIX_PATH} CMAKE_PREFIX_PATH=/home/rokey/turtlebot4_ws/install/turtlebot4_msgs:/opt/ros/humble LD_LIBRARY_PATH=/home/rokey/turtlebot4_ws/install/turtlebot4_msgs/lib:${LD_LIBRARY_PATH} PYTHONPATH=/home/rokey/turtlebot4_ws/install/turtlebot4_msgs/local/lib/python3.10/dist-packages:${PYTHONPATH} /usr/bin/cmake /home/rokey/turtlebot4_ws/src/turtlebot4_simulator/turtlebot4_ignition_toolbox -DAMENT_CMAKE_SYMLINK_INSTALL=1 -DCMAKE_INSTALL_PREFIX=/home/rokey/turtlebot4_ws/install/turtlebot4_ignition_toolbox
[1.735s] Invoking command in '/home/rokey/turtlebot4_ws/build/turtlebot4_ignition_toolbox': AMENT_PREFIX_PATH=/home/rokey/turtlebot4_ws/install/turtlebot4_msgs:${AMENT_PREFIX_PATH} CMAKE_PREFIX_PATH=/home/rokey/turtlebot4_ws/install/turtlebot4_msgs:/opt/ros/humble LD_LIBRARY_PATH=/home/rokey/turtlebot4_ws/install/turtlebot4_msgs/lib:${LD_LIBRARY_PATH} PYTHONPATH=/home/rokey/turtlebot4_ws/install/turtlebot4_msgs/local/lib/python3.10/dist-packages:${PYTHONPATH} /usr/bin/cmake --build /home/rokey/turtlebot4_ws/build/turtlebot4_ignition_toolbox -- -j20 -l20
[1.817s] [ 40%] [32mBuilding CXX object CMakeFiles/turtlebot4_ignition_toolbox_lib.dir/src/hmi_main.cpp.o[0m
[1.817s] [ 40%] [32mBuilding CXX object CMakeFiles/turtlebot4_ignition_toolbox_lib.dir/src/hmi_node.cpp.o[0m
[15.416s] [ 60%] [32m[1mLinking CXX static library libturtlebot4_ignition_toolbox_lib.a[0m
[15.569s] [ 60%] Built target turtlebot4_ignition_toolbox_lib
[15.590s] [ 80%] [32mBuilding CXX object CMakeFiles/turtlebot4_ignition_hmi_node.dir/src/hmi_main.cpp.o[0m
[17.690s] [100%] [32m[1mLinking CXX executable turtlebot4_ignition_hmi_node[0m
[18.100s] [100%] Built target turtlebot4_ignition_hmi_node
[18.111s] Invoked command in '/home/rokey/turtlebot4_ws/build/turtlebot4_ignition_toolbox' returned '0': AMENT_PREFIX_PATH=/home/rokey/turtlebot4_ws/install/turtlebot4_msgs:${AMENT_PREFIX_PATH} CMAKE_PREFIX_PATH=/home/rokey/turtlebot4_ws/install/turtlebot4_msgs:/opt/ros/humble LD_LIBRARY_PATH=/home/rokey/turtlebot4_ws/install/turtlebot4_msgs/lib:${LD_LIBRARY_PATH} PYTHONPATH=/home/rokey/turtlebot4_ws/install/turtlebot4_msgs/local/lib/python3.10/dist-packages:${PYTHONPATH} /usr/bin/cmake --build /home/rokey/turtlebot4_ws/build/turtlebot4_ignition_toolbox -- -j20 -l20
[18.113s] Invoking command in '/home/rokey/turtlebot4_ws/build/turtlebot4_ignition_toolbox': AMENT_PREFIX_PATH=/home/rokey/turtlebot4_ws/install/turtlebot4_msgs:${AMENT_PREFIX_PATH} CMAKE_PREFIX_PATH=/home/rokey/turtlebot4_ws/install/turtlebot4_msgs:/opt/ros/humble LD_LIBRARY_PATH=/home/rokey/turtlebot4_ws/install/turtlebot4_msgs/lib:${LD_LIBRARY_PATH} PYTHONPATH=/home/rokey/turtlebot4_ws/install/turtlebot4_msgs/local/lib/python3.10/dist-packages:${PYTHONPATH} /usr/bin/cmake --install /home/rokey/turtlebot4_ws/build/turtlebot4_ignition_toolbox
[18.117s] -- Install configuration: ""
[18.118s] -- Execute custom install script
[18.118s] -- Symlinking: /home/rokey/turtlebot4_ws/install/turtlebot4_ignition_toolbox/lib/turtlebot4_ignition_toolbox/turtlebot4_ignition_hmi_node
[18.125s] -- Symlinking: /home/rokey/turtlebot4_ws/install/turtlebot4_ignition_toolbox/share/ament_index/resource_index/package_run_dependencies/turtlebot4_ignition_toolbox
[18.130s] -- Symlinking: /home/rokey/turtlebot4_ws/install/turtlebot4_ignition_toolbox/share/ament_index/resource_index/parent_prefix_path/turtlebot4_ignition_toolbox
[18.136s] -- Symlinking: /home/rokey/turtlebot4_ws/install/turtlebot4_ignition_toolbox/share/turtlebot4_ignition_toolbox/environment/ament_prefix_path.sh
[18.142s] -- Symlinking: /home/rokey/turtlebot4_ws/install/turtlebot4_ignition_toolbox/share/turtlebot4_ignition_toolbox/environment/ament_prefix_path.dsv
[18.150s] -- Symlinking: /home/rokey/turtlebot4_ws/install/turtlebot4_ignition_toolbox/share/turtlebot4_ignition_toolbox/environment/path.sh
[18.156s] -- Symlinking: /home/rokey/turtlebot4_ws/install/turtlebot4_ignition_toolbox/share/turtlebot4_ignition_toolbox/environment/path.dsv
[18.162s] -- Symlinking: /home/rokey/turtlebot4_ws/install/turtlebot4_ignition_toolbox/share/turtlebot4_ignition_toolbox/local_setup.bash
[18.168s] -- Symlinking: /home/rokey/turtlebot4_ws/install/turtlebot4_ignition_toolbox/share/turtlebot4_ignition_toolbox/local_setup.sh
[18.174s] -- Symlinking: /home/rokey/turtlebot4_ws/install/turtlebot4_ignition_toolbox/share/turtlebot4_ignition_toolbox/local_setup.zsh
[18.180s] -- Symlinking: /home/rokey/turtlebot4_ws/install/turtlebot4_ignition_toolbox/share/turtlebot4_ignition_toolbox/local_setup.dsv
[18.186s] -- Symlinking: /home/rokey/turtlebot4_ws/install/turtlebot4_ignition_toolbox/share/turtlebot4_ignition_toolbox/package.dsv
[18.193s] -- Symlinking: /home/rokey/turtlebot4_ws/install/turtlebot4_ignition_toolbox/share/ament_index/resource_index/packages/turtlebot4_ignition_toolbox
[18.200s] -- Symlinking: /home/rokey/turtlebot4_ws/install/turtlebot4_ignition_toolbox/share/turtlebot4_ignition_toolbox/cmake/ament_cmake_export_include_directories-extras.cmake
[18.206s] -- Symlinking: /home/rokey/turtlebot4_ws/install/turtlebot4_ignition_toolbox/share/turtlebot4_ignition_toolbox/cmake/turtlebot4_ignition_toolboxConfig.cmake
[18.212s] -- Symlinking: /home/rokey/turtlebot4_ws/install/turtlebot4_ignition_toolbox/share/turtlebot4_ignition_toolbox/cmake/turtlebot4_ignition_toolboxConfig-version.cmake
[18.217s] -- Symlinking: /home/rokey/turtlebot4_ws/install/turtlebot4_ignition_toolbox/share/turtlebot4_ignition_toolbox/package.xml
[18.224s] Invoked command in '/home/rokey/turtlebot4_ws/build/turtlebot4_ignition_toolbox' returned '0': AMENT_PREFIX_PATH=/home/rokey/turtlebot4_ws/install/turtlebot4_msgs:${AMENT_PREFIX_PATH} CMAKE_PREFIX_PATH=/home/rokey/turtlebot4_ws/install/turtlebot4_msgs:/opt/ros/humble LD_LIBRARY_PATH=/home/rokey/turtlebot4_ws/install/turtlebot4_msgs/lib:${LD_LIBRARY_PATH} PYTHONPATH=/home/rokey/turtlebot4_ws/install/turtlebot4_msgs/local/lib/python3.10/dist-packages:${PYTHONPATH} /usr/bin/cmake --install /home/rokey/turtlebot4_ws/build/turtlebot4_ignition_toolbox
