[0.012s] Invoking command in '/home/rokey/turtlebot4_ws/build/turtlebot4_tutorials': AMENT_PREFIX_PATH=/home/rokey/turtlebot4_ws/install/turtlebot4_python_tutorials:/home/rokey/turtlebot4_ws/install/turtlebot4_navigation:/home/rokey/turtlebot4_ws/install/turtlebot4_cpp_tutorials:${AMENT_PREFIX_PATH} CMAKE_PREFIX_PATH=/home/rokey/turtlebot4_ws/install/turtlebot4_navigation:/home/rokey/turtlebot4_ws/install/turtlebot4_cpp_tutorials:/opt/ros/humble PYTHONPATH=/home/rokey/turtlebot4_ws/build/turtlebot4_python_tutorials:/home/rokey/turtlebot4_ws/install/turtlebot4_python_tutorials/lib/python3.10/site-packages:/home/rokey/turtlebot4_ws/install/turtlebot4_navigation/local/lib/python3.10/dist-packages:${PYTHONPATH} /usr/bin/cmake /home/rokey/turtlebot4_ws/src/turtlebot4_tutorials/turtlebot4_tutorials -DAMENT_CMAKE_SYMLINK_INSTALL=1 -DCMAKE_INSTALL_PREFIX=/home/rokey/turtlebot4_ws/install/turtlebot4_tutorials
[0.075s] -- The C compiler identification is GNU 11.4.0
[0.163s] -- The CXX compiler identification is GNU 11.4.0
[0.172s] -- Detecting C compiler ABI info
[0.253s] -- Detecting C compiler ABI info - done
[0.263s] -- Check for working C compiler: /usr/bin/cc - skipped
[0.263s] -- Detecting C compile features
[0.264s] -- Detecting C compile features - done
[0.268s] -- Detecting CXX compiler ABI info
[0.360s] -- Detecting CXX compiler ABI info - done
[0.371s] -- Check for working CXX compiler: /usr/bin/c++ - skipped
[0.372s] -- Detecting CXX compile features
[0.372s] -- Detecting CXX compile features - done
[0.375s] -- Found ament_cmake: 1.3.12 (/opt/ros/humble/share/ament_cmake/cmake)
[0.588s] -- Found Python3: /usr/bin/python3 (found version "3.10.12") found components: Interpreter 
[0.698s] -- Override CMake install command with custom implementation using symlinks instead of copying resources
[0.885s] -- Configuring done
[0.890s] -- Generating done
[0.892s] -- Build files have been written to: /home/rokey/turtlebot4_ws/build/turtlebot4_tutorials
[0.901s] Invoked command in '/home/rokey/turtlebot4_ws/build/turtlebot4_tutorials' returned '0': AMENT_PREFIX_PATH=/home/rokey/turtlebot4_ws/install/turtlebot4_python_tutorials:/home/rokey/turtlebot4_ws/install/turtlebot4_navigation:/home/rokey/turtlebot4_ws/install/turtlebot4_cpp_tutorials:${AMENT_PREFIX_PATH} CMAKE_PREFIX_PATH=/home/rokey/turtlebot4_ws/install/turtlebot4_navigation:/home/rokey/turtlebot4_ws/install/turtlebot4_cpp_tutorials:/opt/ros/humble PYTHONPATH=/home/rokey/turtlebot4_ws/build/turtlebot4_python_tutorials:/home/rokey/turtlebot4_ws/install/turtlebot4_python_tutorials/lib/python3.10/site-packages:/home/rokey/turtlebot4_ws/install/turtlebot4_navigation/local/lib/python3.10/dist-packages:${PYTHONPATH} /usr/bin/cmake /home/rokey/turtlebot4_ws/src/turtlebot4_tutorials/turtlebot4_tutorials -DAMENT_CMAKE_SYMLINK_INSTALL=1 -DCMAKE_INSTALL_PREFIX=/home/rokey/turtlebot4_ws/install/turtlebot4_tutorials
[0.903s] Invoking command in '/home/rokey/turtlebot4_ws/build/turtlebot4_tutorials': AMENT_PREFIX_PATH=/home/rokey/turtlebot4_ws/install/turtlebot4_python_tutorials:/home/rokey/turtlebot4_ws/install/turtlebot4_navigation:/home/rokey/turtlebot4_ws/install/turtlebot4_cpp_tutorials:${AMENT_PREFIX_PATH} CMAKE_PREFIX_PATH=/home/rokey/turtlebot4_ws/install/turtlebot4_navigation:/home/rokey/turtlebot4_ws/install/turtlebot4_cpp_tutorials:/opt/ros/humble PYTHONPATH=/home/rokey/turtlebot4_ws/build/turtlebot4_python_tutorials:/home/rokey/turtlebot4_ws/install/turtlebot4_python_tutorials/lib/python3.10/site-packages:/home/rokey/turtlebot4_ws/install/turtlebot4_navigation/local/lib/python3.10/dist-packages:${PYTHONPATH} /usr/bin/cmake --build /home/rokey/turtlebot4_ws/build/turtlebot4_tutorials -- -j20 -l20
[0.964s] Invoked command in '/home/rokey/turtlebot4_ws/build/turtlebot4_tutorials' returned '0': AMENT_PREFIX_PATH=/home/rokey/turtlebot4_ws/install/turtlebot4_python_tutorials:/home/rokey/turtlebot4_ws/install/turtlebot4_navigation:/home/rokey/turtlebot4_ws/install/turtlebot4_cpp_tutorials:${AMENT_PREFIX_PATH} CMAKE_PREFIX_PATH=/home/rokey/turtlebot4_ws/install/turtlebot4_navigation:/home/rokey/turtlebot4_ws/install/turtlebot4_cpp_tutorials:/opt/ros/humble PYTHONPATH=/home/rokey/turtlebot4_ws/build/turtlebot4_python_tutorials:/home/rokey/turtlebot4_ws/install/turtlebot4_python_tutorials/lib/python3.10/site-packages:/home/rokey/turtlebot4_ws/install/turtlebot4_navigation/local/lib/python3.10/dist-packages:${PYTHONPATH} /usr/bin/cmake --build /home/rokey/turtlebot4_ws/build/turtlebot4_tutorials -- -j20 -l20
[0.968s] Invoking command in '/home/rokey/turtlebot4_ws/build/turtlebot4_tutorials': AMENT_PREFIX_PATH=/home/rokey/turtlebot4_ws/install/turtlebot4_python_tutorials:/home/rokey/turtlebot4_ws/install/turtlebot4_navigation:/home/rokey/turtlebot4_ws/install/turtlebot4_cpp_tutorials:${AMENT_PREFIX_PATH} CMAKE_PREFIX_PATH=/home/rokey/turtlebot4_ws/install/turtlebot4_navigation:/home/rokey/turtlebot4_ws/install/turtlebot4_cpp_tutorials:/opt/ros/humble PYTHONPATH=/home/rokey/turtlebot4_ws/build/turtlebot4_python_tutorials:/home/rokey/turtlebot4_ws/install/turtlebot4_python_tutorials/lib/python3.10/site-packages:/home/rokey/turtlebot4_ws/install/turtlebot4_navigation/local/lib/python3.10/dist-packages:${PYTHONPATH} /usr/bin/cmake --install /home/rokey/turtlebot4_ws/build/turtlebot4_tutorials
[0.979s] -- Install configuration: ""
[0.980s] -- Execute custom install script
[0.981s] -- Symlinking: /home/rokey/turtlebot4_ws/install/turtlebot4_tutorials/share/ament_index/resource_index/package_run_dependencies/turtlebot4_tutorials
[0.996s] -- Symlinking: /home/rokey/turtlebot4_ws/install/turtlebot4_tutorials/share/ament_index/resource_index/parent_prefix_path/turtlebot4_tutorials
[1.011s] -- Symlinking: /home/rokey/turtlebot4_ws/install/turtlebot4_tutorials/share/turtlebot4_tutorials/environment/ament_prefix_path.sh
[1.026s] -- Symlinking: /home/rokey/turtlebot4_ws/install/turtlebot4_tutorials/share/turtlebot4_tutorials/environment/ament_prefix_path.dsv
[1.041s] -- Symlinking: /home/rokey/turtlebot4_ws/install/turtlebot4_tutorials/share/turtlebot4_tutorials/environment/path.sh
[1.056s] -- Symlinking: /home/rokey/turtlebot4_ws/install/turtlebot4_tutorials/share/turtlebot4_tutorials/environment/path.dsv
[1.070s] -- Symlinking: /home/rokey/turtlebot4_ws/install/turtlebot4_tutorials/share/turtlebot4_tutorials/local_setup.bash
[1.085s] -- Symlinking: /home/rokey/turtlebot4_ws/install/turtlebot4_tutorials/share/turtlebot4_tutorials/local_setup.sh
[1.099s] -- Symlinking: /home/rokey/turtlebot4_ws/install/turtlebot4_tutorials/share/turtlebot4_tutorials/local_setup.zsh
[1.115s] -- Symlinking: /home/rokey/turtlebot4_ws/install/turtlebot4_tutorials/share/turtlebot4_tutorials/local_setup.dsv
[1.129s] -- Symlinking: /home/rokey/turtlebot4_ws/install/turtlebot4_tutorials/share/turtlebot4_tutorials/package.dsv
[1.144s] -- Symlinking: /home/rokey/turtlebot4_ws/install/turtlebot4_tutorials/share/ament_index/resource_index/packages/turtlebot4_tutorials
[1.159s] -- Symlinking: /home/rokey/turtlebot4_ws/install/turtlebot4_tutorials/share/turtlebot4_tutorials/cmake/turtlebot4_tutorialsConfig.cmake
[1.173s] -- Symlinking: /home/rokey/turtlebot4_ws/install/turtlebot4_tutorials/share/turtlebot4_tutorials/cmake/turtlebot4_tutorialsConfig-version.cmake
[1.187s] -- Symlinking: /home/rokey/turtlebot4_ws/install/turtlebot4_tutorials/share/turtlebot4_tutorials/package.xml
[1.206s] Invoked command in '/home/rokey/turtlebot4_ws/build/turtlebot4_tutorials' returned '0': AMENT_PREFIX_PATH=/home/rokey/turtlebot4_ws/install/turtlebot4_python_tutorials:/home/rokey/turtlebot4_ws/install/turtlebot4_navigation:/home/rokey/turtlebot4_ws/install/turtlebot4_cpp_tutorials:${AMENT_PREFIX_PATH} CMAKE_PREFIX_PATH=/home/rokey/turtlebot4_ws/install/turtlebot4_navigation:/home/rokey/turtlebot4_ws/install/turtlebot4_cpp_tutorials:/opt/ros/humble PYTHONPATH=/home/rokey/turtlebot4_ws/build/turtlebot4_python_tutorials:/home/rokey/turtlebot4_ws/install/turtlebot4_python_tutorials/lib/python3.10/site-packages:/home/rokey/turtlebot4_ws/install/turtlebot4_navigation/local/lib/python3.10/dist-packages:${PYTHONPATH} /usr/bin/cmake --install /home/rokey/turtlebot4_ws/build/turtlebot4_tutorials
