[0.014s] Invoking command in '/home/rokey/turtlebot4_ws/build/turtlebot4_ignition_bringup': AMENT_PREFIX_PATH=/home/rokey/turtlebot4_ws/install/turtlebot4_viz:/home/rokey/turtlebot4_ws/install/turtlebot4_node:/home/rokey/turtlebot4_ws/install/turtlebot4_ignition_toolbox:/home/rokey/turtlebot4_ws/install/turtlebot4_navigation:/home/rokey/turtlebot4_ws/install/turtlebot4_msgs:/home/rokey/turtlebot4_ws/install/turtlebot4_ignition_gui_plugins:/home/rokey/turtlebot4_ws/install/turtlebot4_description:${AMENT_PREFIX_PATH} CMAKE_PREFIX_PATH=/home/rokey/turtlebot4_ws/install/turtlebot4_viz:/home/rokey/turtlebot4_ws/install/turtlebot4_node:/home/rokey/turtlebot4_ws/install/turtlebot4_ignition_toolbox:/home/rokey/turtlebot4_ws/install/turtlebot4_navigation:/home/rokey/turtlebot4_ws/install/turtlebot4_msgs:/home/rokey/turtlebot4_ws/install/turtlebot4_ignition_gui_plugins:/home/rokey/turtlebot4_ws/install/turtlebot4_description:/opt/ros/humble LD_LIBRARY_PATH=/home/rokey/turtlebot4_ws/install/turtlebot4_msgs/lib:${LD_LIBRARY_PATH} PYTHONPATH=/home/rokey/turtlebot4_ws/install/turtlebot4_navigation/local/lib/python3.10/dist-packages:/home/rokey/turtlebot4_ws/install/turtlebot4_msgs/local/lib/python3.10/dist-packages:${PYTHONPATH} /usr/bin/cmake --build /home/rokey/turtlebot4_ws/build/turtlebot4_ignition_bringup -- -j20 -l20
[0.054s] Invoked command in '/home/rokey/turtlebot4_ws/build/turtlebot4_ignition_bringup' returned '0': AMENT_PREFIX_PATH=/home/rokey/turtlebot4_ws/install/turtlebot4_viz:/home/rokey/turtlebot4_ws/install/turtlebot4_node:/home/rokey/turtlebot4_ws/install/turtlebot4_ignition_toolbox:/home/rokey/turtlebot4_ws/install/turtlebot4_navigation:/home/rokey/turtlebot4_ws/install/turtlebot4_msgs:/home/rokey/turtlebot4_ws/install/turtlebot4_ignition_gui_plugins:/home/rokey/turtlebot4_ws/install/turtlebot4_description:${AMENT_PREFIX_PATH} CMAKE_PREFIX_PATH=/home/rokey/turtlebot4_ws/install/turtlebot4_viz:/home/rokey/turtlebot4_ws/install/turtlebot4_node:/home/rokey/turtlebot4_ws/install/turtlebot4_ignition_toolbox:/home/rokey/turtlebot4_ws/install/turtlebot4_navigation:/home/rokey/turtlebot4_ws/install/turtlebot4_msgs:/home/rokey/turtlebot4_ws/install/turtlebot4_ignition_gui_plugins:/home/rokey/turtlebot4_ws/install/turtlebot4_description:/opt/ros/humble LD_LIBRARY_PATH=/home/rokey/turtlebot4_ws/install/turtlebot4_msgs/lib:${LD_LIBRARY_PATH} PYTHONPATH=/home/rokey/turtlebot4_ws/install/turtlebot4_navigation/local/lib/python3.10/dist-packages:/home/rokey/turtlebot4_ws/install/turtlebot4_msgs/local/lib/python3.10/dist-packages:${PYTHONPATH} /usr/bin/cmake --build /home/rokey/turtlebot4_ws/build/turtlebot4_ignition_bringup -- -j20 -l20
[0.056s] Invoking command in '/home/rokey/turtlebot4_ws/build/turtlebot4_ignition_bringup': AMENT_PREFIX_PATH=/home/rokey/turtlebot4_ws/install/turtlebot4_viz:/home/rokey/turtlebot4_ws/install/turtlebot4_node:/home/rokey/turtlebot4_ws/install/turtlebot4_ignition_toolbox:/home/rokey/turtlebot4_ws/install/turtlebot4_navigation:/home/rokey/turtlebot4_ws/install/turtlebot4_msgs:/home/rokey/turtlebot4_ws/install/turtlebot4_ignition_gui_plugins:/home/rokey/turtlebot4_ws/install/turtlebot4_description:${AMENT_PREFIX_PATH} CMAKE_PREFIX_PATH=/home/rokey/turtlebot4_ws/install/turtlebot4_viz:/home/rokey/turtlebot4_ws/install/turtlebot4_node:/home/rokey/turtlebot4_ws/install/turtlebot4_ignition_toolbox:/home/rokey/turtlebot4_ws/install/turtlebot4_navigation:/home/rokey/turtlebot4_ws/install/turtlebot4_msgs:/home/rokey/turtlebot4_ws/install/turtlebot4_ignition_gui_plugins:/home/rokey/turtlebot4_ws/install/turtlebot4_description:/opt/ros/humble LD_LIBRARY_PATH=/home/rokey/turtlebot4_ws/install/turtlebot4_msgs/lib:${LD_LIBRARY_PATH} PYTHONPATH=/home/rokey/turtlebot4_ws/install/turtlebot4_navigation/local/lib/python3.10/dist-packages:/home/rokey/turtlebot4_ws/install/turtlebot4_msgs/local/lib/python3.10/dist-packages:${PYTHONPATH} /usr/bin/cmake --install /home/rokey/turtlebot4_ws/build/turtlebot4_ignition_bringup
[0.064s] -- Install configuration: ""
[0.065s] -- Execute custom install script
[0.065s] -- Up-to-date symlink: /home/rokey/turtlebot4_ws/install/turtlebot4_ignition_bringup/share/turtlebot4_ignition_bringup/config/turtlebot4_node.yaml
[0.065s] -- Up-to-date symlink: /home/rokey/turtlebot4_ws/install/turtlebot4_ignition_bringup/share/turtlebot4_ignition_bringup/gui/lite/gui.config
[0.066s] -- Up-to-date symlink: /home/rokey/turtlebot4_ws/install/turtlebot4_ignition_bringup/share/turtlebot4_ignition_bringup/gui/standard/gui.config
[0.066s] -- Up-to-date symlink: /home/rokey/turtlebot4_ws/install/turtlebot4_ignition_bringup/share/turtlebot4_ignition_bringup/launch/ignition.launch.py
[0.066s] -- Up-to-date symlink: /home/rokey/turtlebot4_ws/install/turtlebot4_ignition_bringup/share/turtlebot4_ignition_bringup/launch/ros_ign_bridge.launch.py
[0.066s] -- Up-to-date symlink: /home/rokey/turtlebot4_ws/install/turtlebot4_ignition_bringup/share/turtlebot4_ignition_bringup/launch/turtlebot4_ignition.launch.py
[0.066s] -- Up-to-date symlink: /home/rokey/turtlebot4_ws/install/turtlebot4_ignition_bringup/share/turtlebot4_ignition_bringup/launch/turtlebot4_nodes.launch.py
[0.066s] -- Up-to-date symlink: /home/rokey/turtlebot4_ws/install/turtlebot4_ignition_bringup/share/turtlebot4_ignition_bringup/launch/turtlebot4_spawn.launch.py
[0.066s] -- Up-to-date symlink: /home/rokey/turtlebot4_ws/install/turtlebot4_ignition_bringup/share/turtlebot4_ignition_bringup/worlds/depot.sdf
[0.067s] -- Up-to-date symlink: /home/rokey/turtlebot4_ws/install/turtlebot4_ignition_bringup/share/turtlebot4_ignition_bringup/worlds/maze.sdf
[0.067s] -- Up-to-date symlink: /home/rokey/turtlebot4_ws/install/turtlebot4_ignition_bringup/share/turtlebot4_ignition_bringup/worlds/warehouse.sdf
[0.067s] -- Up-to-date symlink: /home/rokey/turtlebot4_ws/install/turtlebot4_ignition_bringup/share/ament_index/resource_index/package_run_dependencies/turtlebot4_ignition_bringup
[0.067s] -- Up-to-date symlink: /home/rokey/turtlebot4_ws/install/turtlebot4_ignition_bringup/share/ament_index/resource_index/parent_prefix_path/turtlebot4_ignition_bringup
[0.067s] -- Up-to-date symlink: /home/rokey/turtlebot4_ws/install/turtlebot4_ignition_bringup/share/turtlebot4_ignition_bringup/environment/ament_prefix_path.sh
[0.067s] -- Up-to-date symlink: /home/rokey/turtlebot4_ws/install/turtlebot4_ignition_bringup/share/turtlebot4_ignition_bringup/environment/ament_prefix_path.dsv
[0.068s] -- Up-to-date symlink: /home/rokey/turtlebot4_ws/install/turtlebot4_ignition_bringup/share/turtlebot4_ignition_bringup/environment/path.sh
[0.068s] -- Up-to-date symlink: /home/rokey/turtlebot4_ws/install/turtlebot4_ignition_bringup/share/turtlebot4_ignition_bringup/environment/path.dsv
[0.068s] -- Up-to-date symlink: /home/rokey/turtlebot4_ws/install/turtlebot4_ignition_bringup/share/turtlebot4_ignition_bringup/local_setup.bash
[0.068s] -- Up-to-date symlink: /home/rokey/turtlebot4_ws/install/turtlebot4_ignition_bringup/share/turtlebot4_ignition_bringup/local_setup.sh
[0.068s] -- Up-to-date symlink: /home/rokey/turtlebot4_ws/install/turtlebot4_ignition_bringup/share/turtlebot4_ignition_bringup/local_setup.zsh
[0.069s] -- Up-to-date symlink: /home/rokey/turtlebot4_ws/install/turtlebot4_ignition_bringup/share/turtlebot4_ignition_bringup/local_setup.dsv
[0.069s] -- Symlinking: /home/rokey/turtlebot4_ws/install/turtlebot4_ignition_bringup/share/turtlebot4_ignition_bringup/package.dsv
[0.079s] -- Up-to-date symlink: /home/rokey/turtlebot4_ws/install/turtlebot4_ignition_bringup/share/ament_index/resource_index/packages/turtlebot4_ignition_bringup
[0.079s] -- Up-to-date symlink: /home/rokey/turtlebot4_ws/install/turtlebot4_ignition_bringup/share/turtlebot4_ignition_bringup/cmake/turtlebot4_ignition_bringupConfig.cmake
[0.079s] -- Up-to-date symlink: /home/rokey/turtlebot4_ws/install/turtlebot4_ignition_bringup/share/turtlebot4_ignition_bringup/cmake/turtlebot4_ignition_bringupConfig-version.cmake
[0.079s] -- Up-to-date symlink: /home/rokey/turtlebot4_ws/install/turtlebot4_ignition_bringup/share/turtlebot4_ignition_bringup/package.xml
[0.082s] Invoked command in '/home/rokey/turtlebot4_ws/build/turtlebot4_ignition_bringup' returned '0': AMENT_PREFIX_PATH=/home/rokey/turtlebot4_ws/install/turtlebot4_viz:/home/rokey/turtlebot4_ws/install/turtlebot4_node:/home/rokey/turtlebot4_ws/install/turtlebot4_ignition_toolbox:/home/rokey/turtlebot4_ws/install/turtlebot4_navigation:/home/rokey/turtlebot4_ws/install/turtlebot4_msgs:/home/rokey/turtlebot4_ws/install/turtlebot4_ignition_gui_plugins:/home/rokey/turtlebot4_ws/install/turtlebot4_description:${AMENT_PREFIX_PATH} CMAKE_PREFIX_PATH=/home/rokey/turtlebot4_ws/install/turtlebot4_viz:/home/rokey/turtlebot4_ws/install/turtlebot4_node:/home/rokey/turtlebot4_ws/install/turtlebot4_ignition_toolbox:/home/rokey/turtlebot4_ws/install/turtlebot4_navigation:/home/rokey/turtlebot4_ws/install/turtlebot4_msgs:/home/rokey/turtlebot4_ws/install/turtlebot4_ignition_gui_plugins:/home/rokey/turtlebot4_ws/install/turtlebot4_description:/opt/ros/humble LD_LIBRARY_PATH=/home/rokey/turtlebot4_ws/install/turtlebot4_msgs/lib:${LD_LIBRARY_PATH} PYTHONPATH=/home/rokey/turtlebot4_ws/install/turtlebot4_navigation/local/lib/python3.10/dist-packages:/home/rokey/turtlebot4_ws/install/turtlebot4_msgs/local/lib/python3.10/dist-packages:${PYTHONPATH} /usr/bin/cmake --install /home/rokey/turtlebot4_ws/build/turtlebot4_ignition_bringup
