[0.012s] Invoking command in '/home/rokey/turtlebot4_ws/build/turtlebot4_ignition_bringup': AMENT_PREFIX_PATH=/home/rokey/turtlebot4_ws/install/turtlebot4_viz:/home/rokey/turtlebot4_ws/install/turtlebot4_node:/home/rokey/turtlebot4_ws/install/turtlebot4_ignition_toolbox:/home/rokey/turtlebot4_ws/install/turtlebot4_navigation:/home/rokey/turtlebot4_ws/install/turtlebot4_msgs:/home/rokey/turtlebot4_ws/install/turtlebot4_ignition_gui_plugins:/home/rokey/turtlebot4_ws/install/turtlebot4_description:${AMENT_PREFIX_PATH} CMAKE_PREFIX_PATH=/home/rokey/turtlebot4_ws/install/turtlebot4_viz:/home/rokey/turtlebot4_ws/install/turtlebot4_node:/home/rokey/turtlebot4_ws/install/turtlebot4_ignition_toolbox:/home/rokey/turtlebot4_ws/install/turtlebot4_navigation:/home/rokey/turtlebot4_ws/install/turtlebot4_msgs:/home/rokey/turtlebot4_ws/install/turtlebot4_ignition_gui_plugins:/home/rokey/turtlebot4_ws/install/turtlebot4_description:/opt/ros/humble LD_LIBRARY_PATH=/home/rokey/turtlebot4_ws/install/turtlebot4_msgs/lib:${LD_LIBRARY_PATH} PYTHONPATH=/home/rokey/turtlebot4_ws/install/turtlebot4_navigation/local/lib/python3.10/dist-packages:/home/rokey/turtlebot4_ws/install/turtlebot4_msgs/local/lib/python3.10/dist-packages:${PYTHONPATH} /usr/bin/cmake /home/rokey/turtlebot4_ws/src/turtlebot4_simulator/turtlebot4_ignition_bringup -DAMENT_CMAKE_SYMLINK_INSTALL=1 -DCMAKE_INSTALL_PREFIX=/home/rokey/turtlebot4_ws/install/turtlebot4_ignition_bringup
[0.059s] -- The C compiler identification is GNU 11.4.0
[0.094s] -- The CXX compiler identification is GNU 11.4.0
[0.099s] -- Detecting C compiler ABI info
[0.153s] -- Detecting C compiler ABI info - done
[0.158s] -- Check for working C compiler: /usr/bin/cc - skipped
[0.158s] -- Detecting C compile features
[0.158s] -- Detecting C compile features - done
[0.161s] -- Detecting CXX compiler ABI info
[0.230s] -- Detecting CXX compiler ABI info - done
[0.238s] -- Check for working CXX compiler: /usr/bin/c++ - skipped
[0.238s] -- Detecting CXX compile features
[0.239s] -- Detecting CXX compile features - done
[0.241s] -- Found ament_cmake: 1.3.12 (/opt/ros/humble/share/ament_cmake/cmake)
[0.383s] -- Found Python3: /usr/bin/python3 (found version "3.10.12") found components: Interpreter 
[0.427s] -- Override CMake install command with custom implementation using symlinks instead of copying resources
[0.448s] -- Found ros_ign_interfaces: 0.244.20 (/opt/ros/humble/share/ros_ign_interfaces/cmake)
[0.473s] -- Found rosidl_generator_c: 3.1.8 (/opt/ros/humble/share/rosidl_generator_c/cmake)
[0.476s] -- Found rosidl_adapter: 3.1.8 (/opt/ros/humble/share/rosidl_adapter/cmake)
[0.482s] -- Found rosidl_generator_cpp: 3.1.8 (/opt/ros/humble/share/rosidl_generator_cpp/cmake)
[0.490s] -- Using all available rosidl_typesupport_c: rosidl_typesupport_fastrtps_c;rosidl_typesupport_introspection_c
[0.501s] -- Using all available rosidl_typesupport_cpp: rosidl_typesupport_fastrtps_cpp;rosidl_typesupport_introspection_cpp
[0.561s] -- Found ament_lint_auto: 0.12.14 (/opt/ros/humble/share/ament_lint_auto/cmake)
[0.617s] -- Added test 'copyright' to check source files copyright and LICENSE
[0.618s] -- Added test 'flake8' to check Python code syntax and style conventions
[0.618s] -- Added test 'lint_cmake' to check CMake code style
[0.619s] -- Added test 'pep257' to check Python code against some of the docstring style conventions in PEP 257
[0.620s] -- Added test 'xmllint' to check XML markup files
[0.621s] -- Configuring done
[0.622s] -- Generating done
[0.624s] -- Build files have been written to: /home/rokey/turtlebot4_ws/build/turtlebot4_ignition_bringup
[0.629s] Invoked command in '/home/rokey/turtlebot4_ws/build/turtlebot4_ignition_bringup' returned '0': AMENT_PREFIX_PATH=/home/rokey/turtlebot4_ws/install/turtlebot4_viz:/home/rokey/turtlebot4_ws/install/turtlebot4_node:/home/rokey/turtlebot4_ws/install/turtlebot4_ignition_toolbox:/home/rokey/turtlebot4_ws/install/turtlebot4_navigation:/home/rokey/turtlebot4_ws/install/turtlebot4_msgs:/home/rokey/turtlebot4_ws/install/turtlebot4_ignition_gui_plugins:/home/rokey/turtlebot4_ws/install/turtlebot4_description:${AMENT_PREFIX_PATH} CMAKE_PREFIX_PATH=/home/rokey/turtlebot4_ws/install/turtlebot4_viz:/home/rokey/turtlebot4_ws/install/turtlebot4_node:/home/rokey/turtlebot4_ws/install/turtlebot4_ignition_toolbox:/home/rokey/turtlebot4_ws/install/turtlebot4_navigation:/home/rokey/turtlebot4_ws/install/turtlebot4_msgs:/home/rokey/turtlebot4_ws/install/turtlebot4_ignition_gui_plugins:/home/rokey/turtlebot4_ws/install/turtlebot4_description:/opt/ros/humble LD_LIBRARY_PATH=/home/rokey/turtlebot4_ws/install/turtlebot4_msgs/lib:${LD_LIBRARY_PATH} PYTHONPATH=/home/rokey/turtlebot4_ws/install/turtlebot4_navigation/local/lib/python3.10/dist-packages:/home/rokey/turtlebot4_ws/install/turtlebot4_msgs/local/lib/python3.10/dist-packages:${PYTHONPATH} /usr/bin/cmake /home/rokey/turtlebot4_ws/src/turtlebot4_simulator/turtlebot4_ignition_bringup -DAMENT_CMAKE_SYMLINK_INSTALL=1 -DCMAKE_INSTALL_PREFIX=/home/rokey/turtlebot4_ws/install/turtlebot4_ignition_bringup
[0.630s] Invoking command in '/home/rokey/turtlebot4_ws/build/turtlebot4_ignition_bringup': AMENT_PREFIX_PATH=/home/rokey/turtlebot4_ws/install/turtlebot4_viz:/home/rokey/turtlebot4_ws/install/turtlebot4_node:/home/rokey/turtlebot4_ws/install/turtlebot4_ignition_toolbox:/home/rokey/turtlebot4_ws/install/turtlebot4_navigation:/home/rokey/turtlebot4_ws/install/turtlebot4_msgs:/home/rokey/turtlebot4_ws/install/turtlebot4_ignition_gui_plugins:/home/rokey/turtlebot4_ws/install/turtlebot4_description:${AMENT_PREFIX_PATH} CMAKE_PREFIX_PATH=/home/rokey/turtlebot4_ws/install/turtlebot4_viz:/home/rokey/turtlebot4_ws/install/turtlebot4_node:/home/rokey/turtlebot4_ws/install/turtlebot4_ignition_toolbox:/home/rokey/turtlebot4_ws/install/turtlebot4_navigation:/home/rokey/turtlebot4_ws/install/turtlebot4_msgs:/home/rokey/turtlebot4_ws/install/turtlebot4_ignition_gui_plugins:/home/rokey/turtlebot4_ws/install/turtlebot4_description:/opt/ros/humble LD_LIBRARY_PATH=/home/rokey/turtlebot4_ws/install/turtlebot4_msgs/lib:${LD_LIBRARY_PATH} PYTHONPATH=/home/rokey/turtlebot4_ws/install/turtlebot4_navigation/local/lib/python3.10/dist-packages:/home/rokey/turtlebot4_ws/install/turtlebot4_msgs/local/lib/python3.10/dist-packages:${PYTHONPATH} /usr/bin/cmake --build /home/rokey/turtlebot4_ws/build/turtlebot4_ignition_bringup -- -j20 -l20
[0.662s] Invoked command in '/home/rokey/turtlebot4_ws/build/turtlebot4_ignition_bringup' returned '0': AMENT_PREFIX_PATH=/home/rokey/turtlebot4_ws/install/turtlebot4_viz:/home/rokey/turtlebot4_ws/install/turtlebot4_node:/home/rokey/turtlebot4_ws/install/turtlebot4_ignition_toolbox:/home/rokey/turtlebot4_ws/install/turtlebot4_navigation:/home/rokey/turtlebot4_ws/install/turtlebot4_msgs:/home/rokey/turtlebot4_ws/install/turtlebot4_ignition_gui_plugins:/home/rokey/turtlebot4_ws/install/turtlebot4_description:${AMENT_PREFIX_PATH} CMAKE_PREFIX_PATH=/home/rokey/turtlebot4_ws/install/turtlebot4_viz:/home/rokey/turtlebot4_ws/install/turtlebot4_node:/home/rokey/turtlebot4_ws/install/turtlebot4_ignition_toolbox:/home/rokey/turtlebot4_ws/install/turtlebot4_navigation:/home/rokey/turtlebot4_ws/install/turtlebot4_msgs:/home/rokey/turtlebot4_ws/install/turtlebot4_ignition_gui_plugins:/home/rokey/turtlebot4_ws/install/turtlebot4_description:/opt/ros/humble LD_LIBRARY_PATH=/home/rokey/turtlebot4_ws/install/turtlebot4_msgs/lib:${LD_LIBRARY_PATH} PYTHONPATH=/home/rokey/turtlebot4_ws/install/turtlebot4_navigation/local/lib/python3.10/dist-packages:/home/rokey/turtlebot4_ws/install/turtlebot4_msgs/local/lib/python3.10/dist-packages:${PYTHONPATH} /usr/bin/cmake --build /home/rokey/turtlebot4_ws/build/turtlebot4_ignition_bringup -- -j20 -l20
[0.664s] Invoking command in '/home/rokey/turtlebot4_ws/build/turtlebot4_ignition_bringup': AMENT_PREFIX_PATH=/home/rokey/turtlebot4_ws/install/turtlebot4_viz:/home/rokey/turtlebot4_ws/install/turtlebot4_node:/home/rokey/turtlebot4_ws/install/turtlebot4_ignition_toolbox:/home/rokey/turtlebot4_ws/install/turtlebot4_navigation:/home/rokey/turtlebot4_ws/install/turtlebot4_msgs:/home/rokey/turtlebot4_ws/install/turtlebot4_ignition_gui_plugins:/home/rokey/turtlebot4_ws/install/turtlebot4_description:${AMENT_PREFIX_PATH} CMAKE_PREFIX_PATH=/home/rokey/turtlebot4_ws/install/turtlebot4_viz:/home/rokey/turtlebot4_ws/install/turtlebot4_node:/home/rokey/turtlebot4_ws/install/turtlebot4_ignition_toolbox:/home/rokey/turtlebot4_ws/install/turtlebot4_navigation:/home/rokey/turtlebot4_ws/install/turtlebot4_msgs:/home/rokey/turtlebot4_ws/install/turtlebot4_ignition_gui_plugins:/home/rokey/turtlebot4_ws/install/turtlebot4_description:/opt/ros/humble LD_LIBRARY_PATH=/home/rokey/turtlebot4_ws/install/turtlebot4_msgs/lib:${LD_LIBRARY_PATH} PYTHONPATH=/home/rokey/turtlebot4_ws/install/turtlebot4_navigation/local/lib/python3.10/dist-packages:/home/rokey/turtlebot4_ws/install/turtlebot4_msgs/local/lib/python3.10/dist-packages:${PYTHONPATH} /usr/bin/cmake --install /home/rokey/turtlebot4_ws/build/turtlebot4_ignition_bringup
[0.669s] -- Install configuration: ""
[0.670s] -- Execute custom install script
[0.670s] -- Symlinking: /home/rokey/turtlebot4_ws/install/turtlebot4_ignition_bringup/share/turtlebot4_ignition_bringup/config/turtlebot4_node.yaml
[0.677s] -- Symlinking: /home/rokey/turtlebot4_ws/install/turtlebot4_ignition_bringup/share/turtlebot4_ignition_bringup/gui/lite/gui.config
[0.685s] -- Symlinking: /home/rokey/turtlebot4_ws/install/turtlebot4_ignition_bringup/share/turtlebot4_ignition_bringup/gui/standard/gui.config
[0.691s] -- Symlinking: /home/rokey/turtlebot4_ws/install/turtlebot4_ignition_bringup/share/turtlebot4_ignition_bringup/launch/ignition.launch.py
[0.698s] -- Symlinking: /home/rokey/turtlebot4_ws/install/turtlebot4_ignition_bringup/share/turtlebot4_ignition_bringup/launch/ros_ign_bridge.launch.py
[0.704s] -- Symlinking: /home/rokey/turtlebot4_ws/install/turtlebot4_ignition_bringup/share/turtlebot4_ignition_bringup/launch/turtlebot4_ignition.launch.py
[0.710s] -- Symlinking: /home/rokey/turtlebot4_ws/install/turtlebot4_ignition_bringup/share/turtlebot4_ignition_bringup/launch/turtlebot4_nodes.launch.py
[0.717s] -- Symlinking: /home/rokey/turtlebot4_ws/install/turtlebot4_ignition_bringup/share/turtlebot4_ignition_bringup/launch/turtlebot4_spawn.launch.py
[0.723s] -- Symlinking: /home/rokey/turtlebot4_ws/install/turtlebot4_ignition_bringup/share/turtlebot4_ignition_bringup/worlds/depot.sdf
[0.730s] -- Symlinking: /home/rokey/turtlebot4_ws/install/turtlebot4_ignition_bringup/share/turtlebot4_ignition_bringup/worlds/maze.sdf
[0.736s] -- Symlinking: /home/rokey/turtlebot4_ws/install/turtlebot4_ignition_bringup/share/turtlebot4_ignition_bringup/worlds/warehouse.sdf
[0.743s] -- Symlinking: /home/rokey/turtlebot4_ws/install/turtlebot4_ignition_bringup/share/ament_index/resource_index/package_run_dependencies/turtlebot4_ignition_bringup
[0.751s] -- Symlinking: /home/rokey/turtlebot4_ws/install/turtlebot4_ignition_bringup/share/ament_index/resource_index/parent_prefix_path/turtlebot4_ignition_bringup
[0.758s] -- Symlinking: /home/rokey/turtlebot4_ws/install/turtlebot4_ignition_bringup/share/turtlebot4_ignition_bringup/environment/ament_prefix_path.sh
[0.764s] -- Symlinking: /home/rokey/turtlebot4_ws/install/turtlebot4_ignition_bringup/share/turtlebot4_ignition_bringup/environment/ament_prefix_path.dsv
[0.771s] -- Symlinking: /home/rokey/turtlebot4_ws/install/turtlebot4_ignition_bringup/share/turtlebot4_ignition_bringup/environment/path.sh
[0.777s] -- Symlinking: /home/rokey/turtlebot4_ws/install/turtlebot4_ignition_bringup/share/turtlebot4_ignition_bringup/environment/path.dsv
[0.785s] -- Symlinking: /home/rokey/turtlebot4_ws/install/turtlebot4_ignition_bringup/share/turtlebot4_ignition_bringup/local_setup.bash
[0.791s] -- Symlinking: /home/rokey/turtlebot4_ws/install/turtlebot4_ignition_bringup/share/turtlebot4_ignition_bringup/local_setup.sh
[0.797s] -- Symlinking: /home/rokey/turtlebot4_ws/install/turtlebot4_ignition_bringup/share/turtlebot4_ignition_bringup/local_setup.zsh
[0.804s] -- Symlinking: /home/rokey/turtlebot4_ws/install/turtlebot4_ignition_bringup/share/turtlebot4_ignition_bringup/local_setup.dsv
[0.810s] -- Symlinking: /home/rokey/turtlebot4_ws/install/turtlebot4_ignition_bringup/share/turtlebot4_ignition_bringup/package.dsv
[0.818s] -- Symlinking: /home/rokey/turtlebot4_ws/install/turtlebot4_ignition_bringup/share/ament_index/resource_index/packages/turtlebot4_ignition_bringup
[0.825s] -- Symlinking: /home/rokey/turtlebot4_ws/install/turtlebot4_ignition_bringup/share/turtlebot4_ignition_bringup/cmake/turtlebot4_ignition_bringupConfig.cmake
[0.831s] -- Symlinking: /home/rokey/turtlebot4_ws/install/turtlebot4_ignition_bringup/share/turtlebot4_ignition_bringup/cmake/turtlebot4_ignition_bringupConfig-version.cmake
[0.837s] -- Symlinking: /home/rokey/turtlebot4_ws/install/turtlebot4_ignition_bringup/share/turtlebot4_ignition_bringup/package.xml
[0.846s] Invoked command in '/home/rokey/turtlebot4_ws/build/turtlebot4_ignition_bringup' returned '0': AMENT_PREFIX_PATH=/home/rokey/turtlebot4_ws/install/turtlebot4_viz:/home/rokey/turtlebot4_ws/install/turtlebot4_node:/home/rokey/turtlebot4_ws/install/turtlebot4_ignition_toolbox:/home/rokey/turtlebot4_ws/install/turtlebot4_navigation:/home/rokey/turtlebot4_ws/install/turtlebot4_msgs:/home/rokey/turtlebot4_ws/install/turtlebot4_ignition_gui_plugins:/home/rokey/turtlebot4_ws/install/turtlebot4_description:${AMENT_PREFIX_PATH} CMAKE_PREFIX_PATH=/home/rokey/turtlebot4_ws/install/turtlebot4_viz:/home/rokey/turtlebot4_ws/install/turtlebot4_node:/home/rokey/turtlebot4_ws/install/turtlebot4_ignition_toolbox:/home/rokey/turtlebot4_ws/install/turtlebot4_navigation:/home/rokey/turtlebot4_ws/install/turtlebot4_msgs:/home/rokey/turtlebot4_ws/install/turtlebot4_ignition_gui_plugins:/home/rokey/turtlebot4_ws/install/turtlebot4_description:/opt/ros/humble LD_LIBRARY_PATH=/home/rokey/turtlebot4_ws/install/turtlebot4_msgs/lib:${LD_LIBRARY_PATH} PYTHONPATH=/home/rokey/turtlebot4_ws/install/turtlebot4_navigation/local/lib/python3.10/dist-packages:/home/rokey/turtlebot4_ws/install/turtlebot4_msgs/local/lib/python3.10/dist-packages:${PYTHONPATH} /usr/bin/cmake --install /home/rokey/turtlebot4_ws/build/turtlebot4_ignition_bringup
