[0.022s] Invoking command in '/home/rokey/turtlebot4_ws/build/turtlebot4_navigation': CMAKE_PREFIX_PATH=/opt/ros/humble /usr/bin/cmake --build /home/rokey/turtlebot4_ws/build/turtlebot4_navigation -- -j20 -l20
[0.081s] Built target ament_cmake_python_symlink_turtlebot4_navigation
[0.357s] running egg_info
[0.358s] writing turtlebot4_navigation.egg-info/PKG-INFO
[0.358s] writing dependency_links to turtlebot4_navigation.egg-info/dependency_links.txt
[0.358s] writing top-level names to turtlebot4_navigation.egg-info/top_level.txt
[0.360s] reading manifest file 'turtlebot4_navigation.egg-info/SOURCES.txt'
[0.361s] writing manifest file 'turtlebot4_navigation.egg-info/SOURCES.txt'
[0.389s] Built target ament_cmake_python_build_turtlebot4_navigation_egg
[0.402s] Invoked command in '/home/rokey/turtlebot4_ws/build/turtlebot4_navigation' returned '0': CMAKE_PREFIX_PATH=/opt/ros/humble /usr/bin/cmake --build /home/rokey/turtlebot4_ws/build/turtlebot4_navigation -- -j20 -l20
[0.403s] Invoking command in '/home/rokey/turtlebot4_ws/build/turtlebot4_navigation': CMAKE_PREFIX_PATH=/opt/ros/humble /usr/bin/cmake --install /home/rokey/turtlebot4_ws/build/turtlebot4_navigation
[0.412s] -- Install configuration: ""
[0.412s] -- Execute custom install script
[0.413s] -- Up-to-date symlink: /home/rokey/turtlebot4_ws/install/turtlebot4_navigation/share/turtlebot4_navigation/config/localization.yaml
[0.413s] -- Up-to-date symlink: /home/rokey/turtlebot4_ws/install/turtlebot4_navigation/share/turtlebot4_navigation/config/nav2.yaml
[0.413s] -- Up-to-date symlink: /home/rokey/turtlebot4_ws/install/turtlebot4_navigation/share/turtlebot4_navigation/config/slam.yaml
[0.413s] -- Up-to-date symlink: /home/rokey/turtlebot4_ws/install/turtlebot4_navigation/share/turtlebot4_navigation/launch/localization.launch.py
[0.413s] -- Up-to-date symlink: /home/rokey/turtlebot4_ws/install/turtlebot4_navigation/share/turtlebot4_navigation/launch/nav2.launch.py
[0.413s] -- Up-to-date symlink: /home/rokey/turtlebot4_ws/install/turtlebot4_navigation/share/turtlebot4_navigation/launch/slam.launch.py
[0.414s] -- Up-to-date symlink: /home/rokey/turtlebot4_ws/install/turtlebot4_navigation/share/turtlebot4_navigation/maps/depot.pgm
[0.414s] -- Up-to-date symlink: /home/rokey/turtlebot4_ws/install/turtlebot4_navigation/share/turtlebot4_navigation/maps/depot.yaml
[0.414s] -- Up-to-date symlink: /home/rokey/turtlebot4_ws/install/turtlebot4_navigation/share/turtlebot4_navigation/maps/maze.pgm
[0.414s] -- Up-to-date symlink: /home/rokey/turtlebot4_ws/install/turtlebot4_navigation/share/turtlebot4_navigation/maps/maze.yaml
[0.414s] -- Up-to-date symlink: /home/rokey/turtlebot4_ws/install/turtlebot4_navigation/share/turtlebot4_navigation/maps/warehouse.pgm
[0.414s] -- Up-to-date symlink: /home/rokey/turtlebot4_ws/install/turtlebot4_navigation/share/turtlebot4_navigation/maps/warehouse.yaml
[0.415s] -- Up-to-date symlink: /home/rokey/turtlebot4_ws/install/turtlebot4_navigation/share/turtlebot4_navigation/environment/pythonpath.sh
[0.415s] -- Up-to-date symlink: /home/rokey/turtlebot4_ws/install/turtlebot4_navigation/share/turtlebot4_navigation/environment/pythonpath.dsv
[0.415s] -- Up-to-date symlink: /home/rokey/turtlebot4_ws/install/turtlebot4_navigation/local/lib/python3.10/dist-packages/turtlebot4_navigation-1.0.5-py3.10.egg-info/PKG-INFO
[0.415s] -- Up-to-date symlink: /home/rokey/turtlebot4_ws/install/turtlebot4_navigation/local/lib/python3.10/dist-packages/turtlebot4_navigation-1.0.5-py3.10.egg-info/SOURCES.txt
[0.415s] -- Up-to-date symlink: /home/rokey/turtlebot4_ws/install/turtlebot4_navigation/local/lib/python3.10/dist-packages/turtlebot4_navigation-1.0.5-py3.10.egg-info/dependency_links.txt
[0.416s] -- Up-to-date symlink: /home/rokey/turtlebot4_ws/install/turtlebot4_navigation/local/lib/python3.10/dist-packages/turtlebot4_navigation-1.0.5-py3.10.egg-info/top_level.txt
[0.416s] -- Up-to-date symlink: /home/rokey/turtlebot4_ws/install/turtlebot4_navigation/local/lib/python3.10/dist-packages/turtlebot4_navigation/__init__.py
[0.416s] -- Up-to-date symlink: /home/rokey/turtlebot4_ws/install/turtlebot4_navigation/local/lib/python3.10/dist-packages/turtlebot4_navigation/turtlebot4_navigator.py
[0.416s] -- Up-to-date symlink: /home/rokey/turtlebot4_ws/install/turtlebot4_navigation/local/lib/python3.10/dist-packages/turtlebot4_navigator.py
[0.417s] -- Up-to-date symlink: /home/rokey/turtlebot4_ws/install/turtlebot4_navigation/share/ament_index/resource_index/package_run_dependencies/turtlebot4_navigation
[0.417s] -- Up-to-date symlink: /home/rokey/turtlebot4_ws/install/turtlebot4_navigation/share/ament_index/resource_index/parent_prefix_path/turtlebot4_navigation
[0.417s] -- Up-to-date symlink: /home/rokey/turtlebot4_ws/install/turtlebot4_navigation/share/turtlebot4_navigation/environment/ament_prefix_path.sh
[0.417s] -- Up-to-date symlink: /home/rokey/turtlebot4_ws/install/turtlebot4_navigation/share/turtlebot4_navigation/environment/ament_prefix_path.dsv
[0.418s] -- Up-to-date symlink: /home/rokey/turtlebot4_ws/install/turtlebot4_navigation/share/turtlebot4_navigation/environment/path.sh
[0.418s] -- Up-to-date symlink: /home/rokey/turtlebot4_ws/install/turtlebot4_navigation/share/turtlebot4_navigation/environment/path.dsv
[0.418s] -- Up-to-date symlink: /home/rokey/turtlebot4_ws/install/turtlebot4_navigation/share/turtlebot4_navigation/local_setup.bash
[0.418s] -- Up-to-date symlink: /home/rokey/turtlebot4_ws/install/turtlebot4_navigation/share/turtlebot4_navigation/local_setup.sh
[0.418s] -- Up-to-date symlink: /home/rokey/turtlebot4_ws/install/turtlebot4_navigation/share/turtlebot4_navigation/local_setup.zsh
[0.418s] -- Up-to-date symlink: /home/rokey/turtlebot4_ws/install/turtlebot4_navigation/share/turtlebot4_navigation/local_setup.dsv
[0.419s] -- Symlinking: /home/rokey/turtlebot4_ws/install/turtlebot4_navigation/share/turtlebot4_navigation/package.dsv
[0.430s] -- Up-to-date symlink: /home/rokey/turtlebot4_ws/install/turtlebot4_navigation/share/ament_index/resource_index/packages/turtlebot4_navigation
[0.430s] -- Up-to-date symlink: /home/rokey/turtlebot4_ws/install/turtlebot4_navigation/share/turtlebot4_navigation/cmake/turtlebot4_navigationConfig.cmake
[0.430s] -- Up-to-date symlink: /home/rokey/turtlebot4_ws/install/turtlebot4_navigation/share/turtlebot4_navigation/cmake/turtlebot4_navigationConfig-version.cmake
[0.431s] -- Up-to-date symlink: /home/rokey/turtlebot4_ws/install/turtlebot4_navigation/share/turtlebot4_navigation/package.xml
[0.460s] Listing '/home/rokey/turtlebot4_ws/install/turtlebot4_navigation/local/lib/python3.10/dist-packages/turtlebot4_navigation'...
[0.506s] Invoked command in '/home/rokey/turtlebot4_ws/build/turtlebot4_navigation' returned '0': CMAKE_PREFIX_PATH=/opt/ros/humble /usr/bin/cmake --install /home/rokey/turtlebot4_ws/build/turtlebot4_navigation
