[0.017s] Invoking command in '/home/rokey/turtlebot4_ws/build/turtlebot4_description': CMAKE_PREFIX_PATH=/opt/ros/humble /usr/bin/cmake /home/rokey/turtlebot4_ws/src/turtlebot4/turtlebot4_description -DAMENT_CMAKE_SYMLINK_INSTALL=1 -DCMAKE_INSTALL_PREFIX=/home/rokey/turtlebot4_ws/install/turtlebot4_description
[0.107s] -- The C compiler identification is GNU 11.4.0
[0.182s] -- The CXX compiler identification is GNU 11.4.0
[0.192s] -- Detecting C compiler ABI info
[0.287s] -- Detecting C compiler ABI info - done
[0.296s] -- Check for working C compiler: /usr/bin/cc - skipped
[0.297s] -- Detecting C compile features
[0.297s] -- Detecting C compile features - done
[0.301s] -- Detecting CXX compiler ABI info
[0.400s] -- Detecting CXX compiler ABI info - done
[0.411s] -- Check for working CXX compiler: /usr/bin/c++ - skipped
[0.411s] -- Detecting CXX compile features
[0.412s] -- Detecting CXX compile features - done
[0.414s] -- Found ament_cmake: 1.3.12 (/opt/ros/humble/share/ament_cmake/cmake)
[0.594s] -- Found Python3: /usr/bin/python3 (found version "3.10.12") found components: Interpreter 
[0.708s] -- Override CMake install command with custom implementation using symlinks instead of copying resources
[0.738s] -- Found urdf: 2.6.1 (/opt/ros/humble/share/urdf/cmake)
[0.799s] -- Found irobot_create_description: 2.1.0 (/opt/ros/humble/share/irobot_create_description/cmake)
[0.801s] -- Found ament_lint_auto: 0.12.14 (/opt/ros/humble/share/ament_lint_auto/cmake)
[0.914s] -- Added test 'copyright' to check source files copyright and LICENSE
[0.918s] -- Added test 'flake8' to check Python code syntax and style conventions
[0.919s] -- Added test 'lint_cmake' to check CMake code style
[0.920s] -- Added test 'pep257' to check Python code against some of the docstring style conventions in PEP 257
[0.923s] -- Added test 'xmllint' to check XML markup files
[0.926s] -- Configuring done
[0.929s] -- Generating done
[0.931s] -- Build files have been written to: /home/rokey/turtlebot4_ws/build/turtlebot4_description
[0.939s] Invoked command in '/home/rokey/turtlebot4_ws/build/turtlebot4_description' returned '0': CMAKE_PREFIX_PATH=/opt/ros/humble /usr/bin/cmake /home/rokey/turtlebot4_ws/src/turtlebot4/turtlebot4_description -DAMENT_CMAKE_SYMLINK_INSTALL=1 -DCMAKE_INSTALL_PREFIX=/home/rokey/turtlebot4_ws/install/turtlebot4_description
[0.940s] Invoking command in '/home/rokey/turtlebot4_ws/build/turtlebot4_description': CMAKE_PREFIX_PATH=/opt/ros/humble /usr/bin/cmake --build /home/rokey/turtlebot4_ws/build/turtlebot4_description -- -j20 -l20
[0.978s] Invoked command in '/home/rokey/turtlebot4_ws/build/turtlebot4_description' returned '0': CMAKE_PREFIX_PATH=/opt/ros/humble /usr/bin/cmake --build /home/rokey/turtlebot4_ws/build/turtlebot4_description -- -j20 -l20
[0.988s] Invoking command in '/home/rokey/turtlebot4_ws/build/turtlebot4_description': CMAKE_PREFIX_PATH=/opt/ros/humble /usr/bin/cmake --install /home/rokey/turtlebot4_ws/build/turtlebot4_description
[0.994s] -- Install configuration: ""
[0.995s] -- Execute custom install script
[0.995s] -- Symlinking: /home/rokey/turtlebot4_ws/install/turtlebot4_description/share/turtlebot4_description/launch/robot_description.launch.py
[1.004s] -- Symlinking: /home/rokey/turtlebot4_ws/install/turtlebot4_description/share/turtlebot4_description/meshes/camera_bracket.dae
[1.011s] -- Symlinking: /home/rokey/turtlebot4_ws/install/turtlebot4_description/share/turtlebot4_description/meshes/oakd_lite.dae
[1.022s] -- Symlinking: /home/rokey/turtlebot4_ws/install/turtlebot4_description/share/turtlebot4_description/meshes/oakd_pro.dae
[1.032s] -- Symlinking: /home/rokey/turtlebot4_ws/install/turtlebot4_description/share/turtlebot4_description/meshes/rplidar.dae
[1.041s] -- Symlinking: /home/rokey/turtlebot4_ws/install/turtlebot4_description/share/turtlebot4_description/meshes/shell.dae
[1.050s] -- Symlinking: /home/rokey/turtlebot4_ws/install/turtlebot4_description/share/turtlebot4_description/meshes/shell_collision.dae
[1.059s] -- Symlinking: /home/rokey/turtlebot4_ws/install/turtlebot4_description/share/turtlebot4_description/meshes/tower.dae
[1.068s] -- Symlinking: /home/rokey/turtlebot4_ws/install/turtlebot4_description/share/turtlebot4_description/meshes/tower_sensor_plate.dae
[1.079s] -- Symlinking: /home/rokey/turtlebot4_ws/install/turtlebot4_description/share/turtlebot4_description/meshes/tower_standoff.dae
[1.090s] -- Symlinking: /home/rokey/turtlebot4_ws/install/turtlebot4_description/share/turtlebot4_description/meshes/weight_block.dae
[1.100s] -- Symlinking: /home/rokey/turtlebot4_ws/install/turtlebot4_description/share/turtlebot4_description/urdf/lite/turtlebot4.urdf.xacro
[1.109s] -- Symlinking: /home/rokey/turtlebot4_ws/install/turtlebot4_description/share/turtlebot4_description/urdf/sensors/camera_bracket.urdf.xacro
[1.117s] -- Symlinking: /home/rokey/turtlebot4_ws/install/turtlebot4_description/share/turtlebot4_description/urdf/sensors/oakd.urdf.xacro
[1.126s] -- Symlinking: /home/rokey/turtlebot4_ws/install/turtlebot4_description/share/turtlebot4_description/urdf/sensors/rplidar.urdf.xacro
[1.135s] -- Symlinking: /home/rokey/turtlebot4_ws/install/turtlebot4_description/share/turtlebot4_description/urdf/standard/tower_sensor_plate.urdf.xacro
[1.145s] -- Symlinking: /home/rokey/turtlebot4_ws/install/turtlebot4_description/share/turtlebot4_description/urdf/standard/tower_standoff.urdf.xacro
[1.156s] -- Symlinking: /home/rokey/turtlebot4_ws/install/turtlebot4_description/share/turtlebot4_description/urdf/standard/turtlebot4.urdf.xacro
[1.165s] -- Symlinking: /home/rokey/turtlebot4_ws/install/turtlebot4_description/share/turtlebot4_description/urdf/standard/weight_block.urdf.xacro
[1.178s] -- Symlinking: /home/rokey/turtlebot4_ws/install/turtlebot4_description/share/ament_index/resource_index/package_run_dependencies/turtlebot4_description
[1.190s] -- Symlinking: /home/rokey/turtlebot4_ws/install/turtlebot4_description/share/ament_index/resource_index/parent_prefix_path/turtlebot4_description
[1.201s] -- Symlinking: /home/rokey/turtlebot4_ws/install/turtlebot4_description/share/turtlebot4_description/environment/ament_prefix_path.sh
[1.211s] -- Symlinking: /home/rokey/turtlebot4_ws/install/turtlebot4_description/share/turtlebot4_description/environment/ament_prefix_path.dsv
[1.221s] -- Symlinking: /home/rokey/turtlebot4_ws/install/turtlebot4_description/share/turtlebot4_description/environment/path.sh
[1.230s] -- Symlinking: /home/rokey/turtlebot4_ws/install/turtlebot4_description/share/turtlebot4_description/environment/path.dsv
[1.240s] -- Symlinking: /home/rokey/turtlebot4_ws/install/turtlebot4_description/share/turtlebot4_description/local_setup.bash
[1.253s] -- Symlinking: /home/rokey/turtlebot4_ws/install/turtlebot4_description/share/turtlebot4_description/local_setup.sh
[1.262s] -- Symlinking: /home/rokey/turtlebot4_ws/install/turtlebot4_description/share/turtlebot4_description/local_setup.zsh
[1.274s] -- Symlinking: /home/rokey/turtlebot4_ws/install/turtlebot4_description/share/turtlebot4_description/local_setup.dsv
[1.284s] -- Symlinking: /home/rokey/turtlebot4_ws/install/turtlebot4_description/share/turtlebot4_description/package.dsv
[1.294s] -- Symlinking: /home/rokey/turtlebot4_ws/install/turtlebot4_description/share/ament_index/resource_index/packages/turtlebot4_description
[1.306s] -- Symlinking: /home/rokey/turtlebot4_ws/install/turtlebot4_description/share/turtlebot4_description/cmake/turtlebot4_descriptionConfig.cmake
[1.319s] -- Symlinking: /home/rokey/turtlebot4_ws/install/turtlebot4_description/share/turtlebot4_description/cmake/turtlebot4_descriptionConfig-version.cmake
[1.329s] -- Symlinking: /home/rokey/turtlebot4_ws/install/turtlebot4_description/share/turtlebot4_description/package.xml
[1.345s] Invoked command in '/home/rokey/turtlebot4_ws/build/turtlebot4_description' returned '0': CMAKE_PREFIX_PATH=/opt/ros/humble /usr/bin/cmake --install /home/rokey/turtlebot4_ws/build/turtlebot4_description
