[0.010s] Invoking command in '/home/rokey/turtlebot4_ws/build/turtlebot4_tutorials': AMENT_PREFIX_PATH=/home/rokey/turtlebot4_ws/install/turtlebot4_python_tutorials:/home/rokey/turtlebot4_ws/install/turtlebot4_navigation:/home/rokey/turtlebot4_ws/install/turtlebot4_cpp_tutorials:${AMENT_PREFIX_PATH} CMAKE_PREFIX_PATH=/home/rokey/turtlebot4_ws/install/turtlebot4_navigation:/home/rokey/turtlebot4_ws/install/turtlebot4_cpp_tutorials:/opt/ros/humble PYTHONPATH=/home/rokey/turtlebot4_ws/build/turtlebot4_python_tutorials:/home/rokey/turtlebot4_ws/install/turtlebot4_python_tutorials/lib/python3.10/site-packages:/home/rokey/turtlebot4_ws/install/turtlebot4_navigation/local/lib/python3.10/dist-packages:${PYTHONPATH} /usr/bin/cmake --build /home/rokey/turtlebot4_ws/build/turtlebot4_tutorials -- -j20 -l20
[0.051s] Invoked command in '/home/rokey/turtlebot4_ws/build/turtlebot4_tutorials' returned '0': AMENT_PREFIX_PATH=/home/rokey/turtlebot4_ws/install/turtlebot4_python_tutorials:/home/rokey/turtlebot4_ws/install/turtlebot4_navigation:/home/rokey/turtlebot4_ws/install/turtlebot4_cpp_tutorials:${AMENT_PREFIX_PATH} CMAKE_PREFIX_PATH=/home/rokey/turtlebot4_ws/install/turtlebot4_navigation:/home/rokey/turtlebot4_ws/install/turtlebot4_cpp_tutorials:/opt/ros/humble PYTHONPATH=/home/rokey/turtlebot4_ws/build/turtlebot4_python_tutorials:/home/rokey/turtlebot4_ws/install/turtlebot4_python_tutorials/lib/python3.10/site-packages:/home/rokey/turtlebot4_ws/install/turtlebot4_navigation/local/lib/python3.10/dist-packages:${PYTHONPATH} /usr/bin/cmake --build /home/rokey/turtlebot4_ws/build/turtlebot4_tutorials -- -j20 -l20
[0.052s] Invoking command in '/home/rokey/turtlebot4_ws/build/turtlebot4_tutorials': AMENT_PREFIX_PATH=/home/rokey/turtlebot4_ws/install/turtlebot4_python_tutorials:/home/rokey/turtlebot4_ws/install/turtlebot4_navigation:/home/rokey/turtlebot4_ws/install/turtlebot4_cpp_tutorials:${AMENT_PREFIX_PATH} CMAKE_PREFIX_PATH=/home/rokey/turtlebot4_ws/install/turtlebot4_navigation:/home/rokey/turtlebot4_ws/install/turtlebot4_cpp_tutorials:/opt/ros/humble PYTHONPATH=/home/rokey/turtlebot4_ws/build/turtlebot4_python_tutorials:/home/rokey/turtlebot4_ws/install/turtlebot4_python_tutorials/lib/python3.10/site-packages:/home/rokey/turtlebot4_ws/install/turtlebot4_navigation/local/lib/python3.10/dist-packages:${PYTHONPATH} /usr/bin/cmake --install /home/rokey/turtlebot4_ws/build/turtlebot4_tutorials
[0.059s] -- Install configuration: ""
[0.059s] -- Execute custom install script
[0.059s] -- Up-to-date symlink: /home/rokey/turtlebot4_ws/install/turtlebot4_tutorials/share/ament_index/resource_index/package_run_dependencies/turtlebot4_tutorials
[0.060s] -- Up-to-date symlink: /home/rokey/turtlebot4_ws/install/turtlebot4_tutorials/share/ament_index/resource_index/parent_prefix_path/turtlebot4_tutorials
[0.060s] -- Up-to-date symlink: /home/rokey/turtlebot4_ws/install/turtlebot4_tutorials/share/turtlebot4_tutorials/environment/ament_prefix_path.sh
[0.060s] -- Up-to-date symlink: /home/rokey/turtlebot4_ws/install/turtlebot4_tutorials/share/turtlebot4_tutorials/environment/ament_prefix_path.dsv
[0.060s] -- Up-to-date symlink: /home/rokey/turtlebot4_ws/install/turtlebot4_tutorials/share/turtlebot4_tutorials/environment/path.sh
[0.060s] -- Up-to-date symlink: /home/rokey/turtlebot4_ws/install/turtlebot4_tutorials/share/turtlebot4_tutorials/environment/path.dsv
[0.060s] -- Up-to-date symlink: /home/rokey/turtlebot4_ws/install/turtlebot4_tutorials/share/turtlebot4_tutorials/local_setup.bash
[0.060s] -- Up-to-date symlink: /home/rokey/turtlebot4_ws/install/turtlebot4_tutorials/share/turtlebot4_tutorials/local_setup.sh
[0.060s] -- Up-to-date symlink: /home/rokey/turtlebot4_ws/install/turtlebot4_tutorials/share/turtlebot4_tutorials/local_setup.zsh
[0.060s] -- Up-to-date symlink: /home/rokey/turtlebot4_ws/install/turtlebot4_tutorials/share/turtlebot4_tutorials/local_setup.dsv
[0.060s] -- Symlinking: /home/rokey/turtlebot4_ws/install/turtlebot4_tutorials/share/turtlebot4_tutorials/package.dsv
[0.069s] -- Up-to-date symlink: /home/rokey/turtlebot4_ws/install/turtlebot4_tutorials/share/ament_index/resource_index/packages/turtlebot4_tutorials
[0.069s] -- Up-to-date symlink: /home/rokey/turtlebot4_ws/install/turtlebot4_tutorials/share/turtlebot4_tutorials/cmake/turtlebot4_tutorialsConfig.cmake
[0.070s] -- Up-to-date symlink: /home/rokey/turtlebot4_ws/install/turtlebot4_tutorials/share/turtlebot4_tutorials/cmake/turtlebot4_tutorialsConfig-version.cmake
[0.070s] -- Up-to-date symlink: /home/rokey/turtlebot4_ws/install/turtlebot4_tutorials/share/turtlebot4_tutorials/package.xml
[0.072s] Invoked command in '/home/rokey/turtlebot4_ws/build/turtlebot4_tutorials' returned '0': AMENT_PREFIX_PATH=/home/rokey/turtlebot4_ws/install/turtlebot4_python_tutorials:/home/rokey/turtlebot4_ws/install/turtlebot4_navigation:/home/rokey/turtlebot4_ws/install/turtlebot4_cpp_tutorials:${AMENT_PREFIX_PATH} CMAKE_PREFIX_PATH=/home/rokey/turtlebot4_ws/install/turtlebot4_navigation:/home/rokey/turtlebot4_ws/install/turtlebot4_cpp_tutorials:/opt/ros/humble PYTHONPATH=/home/rokey/turtlebot4_ws/build/turtlebot4_python_tutorials:/home/rokey/turtlebot4_ws/install/turtlebot4_python_tutorials/lib/python3.10/site-packages:/home/rokey/turtlebot4_ws/install/turtlebot4_navigation/local/lib/python3.10/dist-packages:${PYTHONPATH} /usr/bin/cmake --install /home/rokey/turtlebot4_ws/build/turtlebot4_tutorials
