[0.027s] Invoking command in '/home/rokey/turtlebot4_ws/build/turtlebot4_viz': AMENT_PREFIX_PATH=/home/rokey/turtlebot4_ws/install/turtlebot4_description:${AMENT_PREFIX_PATH} CMAKE_PREFIX_PATH=/home/rokey/turtlebot4_ws/install/turtlebot4_description:/opt/ros/humble /usr/bin/cmake --build /home/rokey/turtlebot4_ws/build/turtlebot4_viz -- -j20 -l20
[0.096s] Invoked command in '/home/rokey/turtlebot4_ws/build/turtlebot4_viz' returned '0': AMENT_PREFIX_PATH=/home/rokey/turtlebot4_ws/install/turtlebot4_description:${AMENT_PREFIX_PATH} CMAKE_PREFIX_PATH=/home/rokey/turtlebot4_ws/install/turtlebot4_description:/opt/ros/humble /usr/bin/cmake --build /home/rokey/turtlebot4_ws/build/turtlebot4_viz -- -j20 -l20
[0.097s] Invoking command in '/home/rokey/turtlebot4_ws/build/turtlebot4_viz': AMENT_PREFIX_PATH=/home/rokey/turtlebot4_ws/install/turtlebot4_description:${AMENT_PREFIX_PATH} CMAKE_PREFIX_PATH=/home/rokey/turtlebot4_ws/install/turtlebot4_description:/opt/ros/humble /usr/bin/cmake --install /home/rokey/turtlebot4_ws/build/turtlebot4_viz
[0.109s] -- Install configuration: ""
[0.110s] -- Execute custom install script
[0.110s] -- Up-to-date symlink: /home/rokey/turtlebot4_ws/install/turtlebot4_viz/share/turtlebot4_viz/launch/view_diagnostics.launch.py
[0.110s] -- Up-to-date symlink: /home/rokey/turtlebot4_ws/install/turtlebot4_viz/share/turtlebot4_viz/launch/view_model.launch.py
[0.112s] -- Up-to-date symlink: /home/rokey/turtlebot4_ws/install/turtlebot4_viz/share/turtlebot4_viz/launch/view_robot.launch.py
[0.113s] -- Up-to-date symlink: /home/rokey/turtlebot4_ws/install/turtlebot4_viz/share/turtlebot4_viz/rviz/model.rviz
[0.113s] -- Up-to-date symlink: /home/rokey/turtlebot4_ws/install/turtlebot4_viz/share/turtlebot4_viz/rviz/robot.rviz
[0.113s] -- Up-to-date symlink: /home/rokey/turtlebot4_ws/install/turtlebot4_viz/share/ament_index/resource_index/package_run_dependencies/turtlebot4_viz
[0.113s] -- Up-to-date symlink: /home/rokey/turtlebot4_ws/install/turtlebot4_viz/share/ament_index/resource_index/parent_prefix_path/turtlebot4_viz
[0.113s] -- Up-to-date symlink: /home/rokey/turtlebot4_ws/install/turtlebot4_viz/share/turtlebot4_viz/environment/ament_prefix_path.sh
[0.113s] -- Up-to-date symlink: /home/rokey/turtlebot4_ws/install/turtlebot4_viz/share/turtlebot4_viz/environment/ament_prefix_path.dsv
[0.113s] -- Up-to-date symlink: /home/rokey/turtlebot4_ws/install/turtlebot4_viz/share/turtlebot4_viz/environment/path.sh
[0.113s] -- Up-to-date symlink: /home/rokey/turtlebot4_ws/install/turtlebot4_viz/share/turtlebot4_viz/environment/path.dsv
[0.113s] -- Up-to-date symlink: /home/rokey/turtlebot4_ws/install/turtlebot4_viz/share/turtlebot4_viz/local_setup.bash
[0.113s] -- Up-to-date symlink: /home/rokey/turtlebot4_ws/install/turtlebot4_viz/share/turtlebot4_viz/local_setup.sh
[0.113s] -- Up-to-date symlink: /home/rokey/turtlebot4_ws/install/turtlebot4_viz/share/turtlebot4_viz/local_setup.zsh
[0.113s] -- Up-to-date symlink: /home/rokey/turtlebot4_ws/install/turtlebot4_viz/share/turtlebot4_viz/local_setup.dsv
[0.114s] -- Symlinking: /home/rokey/turtlebot4_ws/install/turtlebot4_viz/share/turtlebot4_viz/package.dsv
[0.125s] -- Up-to-date symlink: /home/rokey/turtlebot4_ws/install/turtlebot4_viz/share/ament_index/resource_index/packages/turtlebot4_viz
[0.125s] -- Up-to-date symlink: /home/rokey/turtlebot4_ws/install/turtlebot4_viz/share/turtlebot4_viz/cmake/turtlebot4_vizConfig.cmake
[0.125s] -- Up-to-date symlink: /home/rokey/turtlebot4_ws/install/turtlebot4_viz/share/turtlebot4_viz/cmake/turtlebot4_vizConfig-version.cmake
[0.125s] -- Up-to-date symlink: /home/rokey/turtlebot4_ws/install/turtlebot4_viz/share/turtlebot4_viz/package.xml
[0.128s] Invoked command in '/home/rokey/turtlebot4_ws/build/turtlebot4_viz' returned '0': AMENT_PREFIX_PATH=/home/rokey/turtlebot4_ws/install/turtlebot4_description:${AMENT_PREFIX_PATH} CMAKE_PREFIX_PATH=/home/rokey/turtlebot4_ws/install/turtlebot4_description:/opt/ros/humble /usr/bin/cmake --install /home/rokey/turtlebot4_ws/build/turtlebot4_viz
