[0.016s] Invoking command in '/home/rokey/turtlebot4_ws/build/turtlebot4_cpp_tutorials': CMAKE_PREFIX_PATH=/opt/ros/humble /usr/bin/cmake /home/rokey/turtlebot4_ws/src/turtlebot4_tutorials/turtlebot4_cpp_tutorials -DAMENT_CMAKE_SYMLINK_INSTALL=1 -DCMAKE_INSTALL_PREFIX=/home/rokey/turtlebot4_ws/install/turtlebot4_cpp_tutorials
[0.108s] -- The C compiler identification is GNU 11.4.0
[0.177s] -- The CXX compiler identification is GNU 11.4.0
[0.188s] -- Detecting C compiler ABI info
[0.288s] -- Detecting C compiler ABI info - done
[0.298s] -- Check for working C compiler: /usr/bin/cc - skipped
[0.298s] -- Detecting C compile features
[0.299s] -- Detecting C compile features - done
[0.303s] -- Detecting CXX compiler ABI info
[0.402s] -- Detecting CXX compiler ABI info - done
[0.415s] -- Check for working CXX compiler: /usr/bin/c++ - skipped
[0.415s] -- Detecting CXX compile features
[0.416s] -- Detecting CXX compile features - done
[0.418s] -- Found ament_cmake: 1.3.12 (/opt/ros/humble/share/ament_cmake/cmake)
[0.616s] -- Found Python3: /usr/bin/python3 (found version "3.10.12") found components: Interpreter 
[0.692s] -- Override CMake install command with custom implementation using symlinks instead of copying resources
[0.725s] -- Found rclcpp: 16.0.17 (/opt/ros/humble/share/rclcpp/cmake)
[0.778s] -- Found rosidl_generator_c: 3.1.8 (/opt/ros/humble/share/rosidl_generator_c/cmake)
[0.784s] -- Found rosidl_adapter: 3.1.8 (/opt/ros/humble/share/rosidl_adapter/cmake)
[0.795s] -- Found rosidl_generator_cpp: 3.1.8 (/opt/ros/humble/share/rosidl_generator_cpp/cmake)
[0.810s] -- Using all available rosidl_typesupport_c: rosidl_typesupport_fastrtps_c;rosidl_typesupport_introspection_c
[0.827s] -- Using all available rosidl_typesupport_cpp: rosidl_typesupport_fastrtps_cpp;rosidl_typesupport_introspection_cpp
[0.879s] -- Found rmw_implementation_cmake: 6.1.2 (/opt/ros/humble/share/rmw_implementation_cmake/cmake)
[0.882s] -- Found rmw_fastrtps_cpp: 6.2.9 (/opt/ros/humble/share/rmw_fastrtps_cpp/cmake)
[0.979s] -- Found OpenSSL: /usr/lib/x86_64-linux-gnu/libcrypto.so (found version "3.0.2")  
[1.009s] -- Found FastRTPS: /opt/ros/humble/include  
[1.058s] -- Using RMW implementation 'rmw_fastrtps_cpp' as default
[1.071s] -- Looking for pthread.h
[1.152s] -- Looking for pthread.h - found
[1.153s] -- Performing Test CMAKE_HAVE_LIBC_PTHREAD
[1.235s] -- Performing Test CMAKE_HAVE_LIBC_PTHREAD - Success
[1.237s] -- Found Threads: TRUE  
[1.304s] -- Found irobot_create_msgs: 2.1.0 (/opt/ros/humble/share/irobot_create_msgs/cmake)
[1.423s] -- Found ament_lint_auto: 0.12.14 (/opt/ros/humble/share/ament_lint_auto/cmake)
[1.561s] -- Added test 'cppcheck' to perform static code analysis on C / C++ code
[1.561s] -- Configured cppcheck include dirs: 
[1.561s] -- Configured cppcheck exclude dirs and/or files: 
[1.562s] -- Added test 'cpplint' to check C / C++ code against the Google style
[1.562s] -- Configured cpplint exclude dirs and/or files: 
[1.562s] -- Added test 'lint_cmake' to check CMake code style
[1.563s] -- Added test 'uncrustify' to check C / C++ code style
[1.563s] -- Configured uncrustify additional arguments: 
[1.563s] -- Added test 'xmllint' to check XML markup files
[1.565s] -- Configuring done
[1.577s] -- Generating done
[1.581s] -- Build files have been written to: /home/rokey/turtlebot4_ws/build/turtlebot4_cpp_tutorials
[1.593s] Invoked command in '/home/rokey/turtlebot4_ws/build/turtlebot4_cpp_tutorials' returned '0': CMAKE_PREFIX_PATH=/opt/ros/humble /usr/bin/cmake /home/rokey/turtlebot4_ws/src/turtlebot4_tutorials/turtlebot4_cpp_tutorials -DAMENT_CMAKE_SYMLINK_INSTALL=1 -DCMAKE_INSTALL_PREFIX=/home/rokey/turtlebot4_ws/install/turtlebot4_cpp_tutorials
[1.595s] Invoking command in '/home/rokey/turtlebot4_ws/build/turtlebot4_cpp_tutorials': CMAKE_PREFIX_PATH=/opt/ros/humble /usr/bin/cmake --build /home/rokey/turtlebot4_ws/build/turtlebot4_cpp_tutorials -- -j20 -l20
[1.651s] [ 50%] [32mBuilding CXX object CMakeFiles/turtlebot4_first_cpp_node.dir/src/turtlebot4_first_cpp_node.cpp.o[0m
[13.645s] [100%] [32m[1mLinking CXX executable turtlebot4_first_cpp_node[0m
[14.330s] [100%] Built target turtlebot4_first_cpp_node
[14.345s] Invoked command in '/home/rokey/turtlebot4_ws/build/turtlebot4_cpp_tutorials' returned '0': CMAKE_PREFIX_PATH=/opt/ros/humble /usr/bin/cmake --build /home/rokey/turtlebot4_ws/build/turtlebot4_cpp_tutorials -- -j20 -l20
[14.348s] Invoking command in '/home/rokey/turtlebot4_ws/build/turtlebot4_cpp_tutorials': CMAKE_PREFIX_PATH=/opt/ros/humble /usr/bin/cmake --install /home/rokey/turtlebot4_ws/build/turtlebot4_cpp_tutorials
[14.356s] -- Install configuration: ""
[14.357s] -- Execute custom install script
[14.357s] -- Symlinking: /home/rokey/turtlebot4_ws/install/turtlebot4_cpp_tutorials/lib/turtlebot4_cpp_tutorials/turtlebot4_first_cpp_node
[14.368s] -- Symlinking: /home/rokey/turtlebot4_ws/install/turtlebot4_cpp_tutorials/share/ament_index/resource_index/package_run_dependencies/turtlebot4_cpp_tutorials
[14.378s] -- Symlinking: /home/rokey/turtlebot4_ws/install/turtlebot4_cpp_tutorials/share/ament_index/resource_index/parent_prefix_path/turtlebot4_cpp_tutorials
[14.389s] -- Symlinking: /home/rokey/turtlebot4_ws/install/turtlebot4_cpp_tutorials/share/turtlebot4_cpp_tutorials/environment/ament_prefix_path.sh
[14.399s] -- Symlinking: /home/rokey/turtlebot4_ws/install/turtlebot4_cpp_tutorials/share/turtlebot4_cpp_tutorials/environment/ament_prefix_path.dsv
[14.409s] -- Symlinking: /home/rokey/turtlebot4_ws/install/turtlebot4_cpp_tutorials/share/turtlebot4_cpp_tutorials/environment/path.sh
[14.419s] -- Symlinking: /home/rokey/turtlebot4_ws/install/turtlebot4_cpp_tutorials/share/turtlebot4_cpp_tutorials/environment/path.dsv
[14.429s] -- Symlinking: /home/rokey/turtlebot4_ws/install/turtlebot4_cpp_tutorials/share/turtlebot4_cpp_tutorials/local_setup.bash
[14.440s] -- Symlinking: /home/rokey/turtlebot4_ws/install/turtlebot4_cpp_tutorials/share/turtlebot4_cpp_tutorials/local_setup.sh
[14.450s] -- Symlinking: /home/rokey/turtlebot4_ws/install/turtlebot4_cpp_tutorials/share/turtlebot4_cpp_tutorials/local_setup.zsh
[14.460s] -- Symlinking: /home/rokey/turtlebot4_ws/install/turtlebot4_cpp_tutorials/share/turtlebot4_cpp_tutorials/local_setup.dsv
[14.470s] -- Symlinking: /home/rokey/turtlebot4_ws/install/turtlebot4_cpp_tutorials/share/turtlebot4_cpp_tutorials/package.dsv
[14.480s] -- Symlinking: /home/rokey/turtlebot4_ws/install/turtlebot4_cpp_tutorials/share/ament_index/resource_index/packages/turtlebot4_cpp_tutorials
[14.490s] -- Symlinking: /home/rokey/turtlebot4_ws/install/turtlebot4_cpp_tutorials/share/turtlebot4_cpp_tutorials/cmake/turtlebot4_cpp_tutorialsConfig.cmake
[14.501s] -- Symlinking: /home/rokey/turtlebot4_ws/install/turtlebot4_cpp_tutorials/share/turtlebot4_cpp_tutorials/cmake/turtlebot4_cpp_tutorialsConfig-version.cmake
[14.511s] -- Symlinking: /home/rokey/turtlebot4_ws/install/turtlebot4_cpp_tutorials/share/turtlebot4_cpp_tutorials/package.xml
[14.524s] Invoked command in '/home/rokey/turtlebot4_ws/build/turtlebot4_cpp_tutorials' returned '0': CMAKE_PREFIX_PATH=/opt/ros/humble /usr/bin/cmake --install /home/rokey/turtlebot4_ws/build/turtlebot4_cpp_tutorials
