[0.681s] Invoking command in '/home/rokey/turtlebot4_ws/build/turtlebot4_python_tutorials': AMENT_PREFIX_PATH=/home/rokey/turtlebot4_ws/install/turtlebot4_navigation:${AMENT_PREFIX_PATH} CMAKE_PREFIX_PATH=/home/rokey/turtlebot4_ws/install/turtlebot4_navigation PYTHONPATH=/home/rokey/turtlebot4_ws/build/turtlebot4_python_tutorials/prefix_override:/usr/lib/python3/dist-packages/colcon_core/task/python/colcon_distutils_commands:/home/rokey/turtlebot4_ws/install/turtlebot4_python_tutorials/lib/python3.10/site-packages:/home/rokey/turtlebot4_ws/install/turtlebot4_navigation/local/lib/python3.10/dist-packages:${PYTHONPATH} /usr/bin/python3 -W ignore:setup.py install is deprecated -W ignore:easy_install command is deprecated setup.py develop --editable --build-directory /home/rokey/turtlebot4_ws/build/turtlebot4_python_tutorials/build --no-deps symlink_data
[0.891s] running develop
[1.028s] running egg_info
[1.028s] writing turtlebot4_python_tutorials.egg-info/PKG-INFO
[1.028s] writing dependency_links to turtlebot4_python_tutorials.egg-info/dependency_links.txt
[1.028s] writing entry points to turtlebot4_python_tutorials.egg-info/entry_points.txt
[1.029s] writing requirements to turtlebot4_python_tutorials.egg-info/requires.txt
[1.029s] writing top-level names to turtlebot4_python_tutorials.egg-info/top_level.txt
[1.030s] reading manifest file 'turtlebot4_python_tutorials.egg-info/SOURCES.txt'
[1.031s] writing manifest file 'turtlebot4_python_tutorials.egg-info/SOURCES.txt'
[1.032s] running build_ext
[1.032s] Creating /home/rokey/turtlebot4_ws/install/turtlebot4_python_tutorials/lib/python3.10/site-packages/turtlebot4-python-tutorials.egg-link (link to .)
[1.032s] Installing create_path script to /home/rokey/turtlebot4_ws/install/turtlebot4_python_tutorials/lib/turtlebot4_python_tutorials
[1.032s] Installing follow_waypoints script to /home/rokey/turtlebot4_ws/install/turtlebot4_python_tutorials/lib/turtlebot4_python_tutorials
[1.033s] Installing mail_delivery script to /home/rokey/turtlebot4_ws/install/turtlebot4_python_tutorials/lib/turtlebot4_python_tutorials
[1.033s] Installing nav_through_poses script to /home/rokey/turtlebot4_ws/install/turtlebot4_python_tutorials/lib/turtlebot4_python_tutorials
[1.033s] Installing nav_to_pose script to /home/rokey/turtlebot4_ws/install/turtlebot4_python_tutorials/lib/turtlebot4_python_tutorials
[1.033s] Installing patrol_loop script to /home/rokey/turtlebot4_ws/install/turtlebot4_python_tutorials/lib/turtlebot4_python_tutorials
[1.033s] Installing turtlebot4_first_python_node script to /home/rokey/turtlebot4_ws/install/turtlebot4_python_tutorials/lib/turtlebot4_python_tutorials
[1.033s] 
[1.033s] Installed /home/rokey/turtlebot4_ws/build/turtlebot4_python_tutorials
[1.034s] running symlink_data
[1.054s] Invoked command in '/home/rokey/turtlebot4_ws/build/turtlebot4_python_tutorials' returned '0': AMENT_PREFIX_PATH=/home/rokey/turtlebot4_ws/install/turtlebot4_navigation:${AMENT_PREFIX_PATH} CMAKE_PREFIX_PATH=/home/rokey/turtlebot4_ws/install/turtlebot4_navigation PYTHONPATH=/home/rokey/turtlebot4_ws/build/turtlebot4_python_tutorials/prefix_override:/usr/lib/python3/dist-packages/colcon_core/task/python/colcon_distutils_commands:/home/rokey/turtlebot4_ws/install/turtlebot4_python_tutorials/lib/python3.10/site-packages:/home/rokey/turtlebot4_ws/install/turtlebot4_navigation/local/lib/python3.10/dist-packages:${PYTHONPATH} /usr/bin/python3 -W ignore:setup.py install is deprecated -W ignore:easy_install command is deprecated setup.py develop --editable --build-directory /home/rokey/turtlebot4_ws/build/turtlebot4_python_tutorials/build --no-deps symlink_data
